{"numFailedTestSuites":3,"numFailedTests":4,"numPassedTestSuites":69,"numPassedTests":425,"numPendingTestSuites":0,"numPendingTests":0,"numRuntimeErrorTestSuites":1,"numTodoTests":0,"numTotalTestSuites":72,"numTotalTests":429,"openHandles":[],"snapshot":{"added":0,"didUpdate":false,"failure":false,"filesAdded":0,"filesRemoved":0,"filesRemovedList":[],"filesUnmatched":0,"filesUpdated":0,"matched":0,"total":0,"unchecked":0,"uncheckedKeysByFile":[],"unmatched":0,"updated":0},"startTime":1759283339275,"success":false,"testResults":[{"assertionResults":[{"ancestorTitles":["macVirtualization","getCrossoverPaths"],"duration":4,"failureDetails":[],"failureMessages":[],"fullName":"macVirtualization getCrossoverPaths should return empty array when HOME is not set","invocations":1,"location":null,"numPassingAsserts":1,"retryReasons":[],"status":"passed","title":"should return empty array when HOME is not set"},{"ancestorTitles":["macVirtualization","getCrossoverPaths"],"duration":1,"failureDetails":[],"failureMessages":[],"fullName":"macVirtualization getCrossoverPaths should check for Crossover installation and return bottle paths","invocations":1,"location":null,"numPassingAsserts":4,"retryReasons":[],"status":"passed","title":"should check for Crossover installation and return bottle paths"},{"ancestorTitles":["macVirtualization","getCrossoverPaths"],"duration":0,"failureDetails":[],"failureMessages":[],"fullName":"macVirtualization getCrossoverPaths should return empty array when Crossover is not installed","invocations":1,"location":null,"numPassingAsserts":1,"retryReasons":[],"status":"passed","title":"should return empty array when Crossover is not installed"},{"ancestorTitles":["macVirtualization","getParallelsPaths"],"duration":0,"failureDetails":[],"failureMessages":[],"fullName":"macVirtualization getParallelsPaths should return empty array when HOME is not set","invocations":1,"location":null,"numPassingAsserts":1,"retryReasons":[],"status":"passed","title":"should return empty array when HOME is not set"},{"ancestorTitles":["macVirtualization","getParallelsPaths"],"duration":1,"failureDetails":[],"failureMessages":[],"fullName":"macVirtualization getParallelsPaths should check for Parallels installation and return VM paths","invocations":1,"location":null,"numPassingAsserts":4,"retryReasons":[],"status":"passed","title":"should check for Parallels installation and return VM paths"},{"ancestorTitles":["macVirtualization","getParallelsPaths"],"duration":0,"failureDetails":[],"failureMessages":[],"fullName":"macVirtualization getParallelsPaths should return empty array when Parallels is not installed","invocations":1,"location":null,"numPassingAsserts":1,"retryReasons":[],"status":"passed","title":"should return empty array when Parallels is not installed"},{"ancestorTitles":["macVirtualization","getVMwarePaths"],"duration":0,"failureDetails":[],"failureMessages":[],"fullName":"macVirtualization getVMwarePaths should return empty array when HOME is not set","invocations":1,"location":null,"numPassingAsserts":1,"retryReasons":[],"status":"passed","title":"should return empty array when HOME is not set"},{"ancestorTitles":["macVirtualization","getVMwarePaths"],"duration":0,"failureDetails":[],"failureMessages":[],"fullName":"macVirtualization getVMwarePaths should check for VMware Fusion installation and return VM paths","invocations":1,"location":null,"numPassingAsserts":4,"retryReasons":[],"status":"passed","title":"should check for VMware Fusion installation and return VM paths"},{"ancestorTitles":["macVirtualization","getVMwarePaths"],"duration":1,"failureDetails":[],"failureMessages":[],"fullName":"macVirtualization getVMwarePaths should check legacy VMware paths","invocations":1,"location":null,"numPassingAsserts":1,"retryReasons":[],"status":"passed","title":"should check legacy VMware paths"},{"ancestorTitles":["macVirtualization","getVMwarePaths"],"duration":0,"failureDetails":[],"failureMessages":[],"fullName":"macVirtualization getVMwarePaths should return empty array when VMware Fusion is not installed","invocations":1,"location":null,"numPassingAsserts":1,"retryReasons":[],"status":"passed","title":"should return empty array when VMware Fusion is not installed"},{"ancestorTitles":["macVirtualization","getVirtualBoxPaths"],"duration":0,"failureDetails":[],"failureMessages":[],"fullName":"macVirtualization getVirtualBoxPaths should return empty array when HOME is not set","invocations":1,"location":null,"numPassingAsserts":1,"retryReasons":[],"status":"passed","title":"should return empty array when HOME is not set"},{"ancestorTitles":["macVirtualization","getVirtualBoxPaths"],"duration":1,"failureDetails":[],"failureMessages":[],"fullName":"macVirtualization getVirtualBoxPaths should check for VirtualBox installation and return VM paths","invocations":1,"location":null,"numPassingAsserts":4,"retryReasons":[],"status":"passed","title":"should check for VirtualBox installation and return VM paths"},{"ancestorTitles":["macVirtualization","getVirtualBoxPaths"],"duration":0,"failureDetails":[],"failureMessages":[],"fullName":"macVirtualization getVirtualBoxPaths should return empty array when VirtualBox is not installed","invocations":1,"location":null,"numPassingAsserts":1,"retryReasons":[],"status":"passed","title":"should return empty array when VirtualBox is not installed"},{"ancestorTitles":["macVirtualization","getAllWindowsDrivePaths"],"duration":0,"failureDetails":[],"failureMessages":[],"fullName":"macVirtualization getAllWindowsDrivePaths should return standard paths and virtualization paths","invocations":1,"location":null,"numPassingAsserts":8,"retryReasons":[],"status":"passed","title":"should return standard paths and virtualization paths"}],"endTime":1759283348761,"message":"","name":"/Users/veland/Downloads/vortex/__tests__/util.macVirtualization.test.js","startTime":1759283340353,"status":"passed","summary":""},{"assertionResults":[{"ancestorTitles":["UbisoftLauncher","findMacOSUbisoftPath"],"duration":9,"failureDetails":[],"failureMessages":[],"fullName":"UbisoftLauncher findMacOSUbisoftPath should find Ubisoft Connect in standard Applications directory","invocations":1,"location":null,"numPassingAsserts":1,"retryReasons":[],"status":"passed","title":"should find Ubisoft Connect in standard Applications directory"},{"ancestorTitles":["UbisoftLauncher","findMacOSUbisoftPath"],"duration":0,"failureDetails":[],"failureMessages":[],"fullName":"UbisoftLauncher findMacOSUbisoftPath should find Ubisoft Connect in user Applications directory","invocations":1,"location":null,"numPassingAsserts":1,"retryReasons":[],"status":"passed","title":"should find Ubisoft Connect in user Applications directory"},{"ancestorTitles":["UbisoftLauncher","findMacOSUbisoftPath"],"duration":1,"failureDetails":[],"failureMessages":[],"fullName":"UbisoftLauncher findMacOSUbisoftPath should reject if Ubisoft Connect is not found","invocations":1,"location":null,"numPassingAsserts":1,"retryReasons":[],"status":"passed","title":"should reject if Ubisoft Connect is not found"},{"ancestorTitles":["UbisoftLauncher","launchGame"],"duration":1,"failureDetails":[],"failureMessages":[],"fullName":"UbisoftLauncher launchGame should launch a game using the ubisoft:// protocol","invocations":1,"location":null,"numPassingAsserts":1,"retryReasons":[],"status":"passed","title":"should launch a game using the ubisoft:// protocol"},{"ancestorTitles":["UbisoftLauncher","getGameEntriesMacOS"],"duration":1,"failureDetails":[],"failureMessages":[],"fullName":"UbisoftLauncher getGameEntriesMacOS should return empty array if Ubisoft data directory does not exist","invocations":1,"location":null,"numPassingAsserts":1,"retryReasons":[],"status":"passed","title":"should return empty array if Ubisoft data directory does not exist"},{"ancestorTitles":["UbisoftLauncher","getGameEntriesMacOS"],"duration":0,"failureDetails":[],"failureMessages":[],"fullName":"UbisoftLauncher getGameEntriesMacOS should return game entries when games are found","invocations":1,"location":null,"numPassingAsserts":3,"retryReasons":[],"status":"passed","title":"should return game entries when games are found"},{"ancestorTitles":["UbisoftLauncher","findGameInstallationPath"],"duration":1,"failureDetails":[],"failureMessages":[],"fullName":"UbisoftLauncher findGameInstallationPath should find game installation in common paths","invocations":1,"location":null,"numPassingAsserts":1,"retryReasons":[],"status":"passed","title":"should find game installation in common paths"},{"ancestorTitles":["UbisoftLauncher","findGameInstallationPath"],"duration":1,"failureDetails":[],"failureMessages":[],"fullName":"UbisoftLauncher findGameInstallationPath should return null if game installation is not found","invocations":1,"location":null,"numPassingAsserts":1,"retryReasons":[],"status":"passed","title":"should return null if game installation is not found"}],"endTime":1759283348854,"message":"","name":"/Users/veland/Downloads/vortex/extensions/gamestore-ubisoft/test/index.test.ts","startTime":1759283340357,"status":"passed","summary":""},{"assertionResults":[{"ancestorTitles":["objDiff"],"duration":2,"failureDetails":[],"failureMessages":[],"fullName":"objDiff finds added entries","invocations":1,"location":null,"numPassingAsserts":1,"retryReasons":[],"status":"passed","title":"finds added entries"},{"ancestorTitles":["objDiff"],"duration":0,"failureDetails":[],"failureMessages":[],"fullName":"objDiff finds removed entries","invocations":1,"location":null,"numPassingAsserts":1,"retryReasons":[],"status":"passed","title":"finds removed entries"},{"ancestorTitles":["objDiff"],"duration":0,"failureDetails":[],"failureMessages":[],"fullName":"objDiff finds changed entries","invocations":1,"location":null,"numPassingAsserts":1,"retryReasons":[],"status":"passed","title":"finds changed entries"},{"ancestorTitles":["objDiff"],"duration":0,"failureDetails":[],"failureMessages":[],"fullName":"objDiff supports nested","invocations":1,"location":null,"numPassingAsserts":1,"retryReasons":[],"status":"passed","title":"supports nested"},{"ancestorTitles":["objDiff"],"duration":0,"failureDetails":[],"failureMessages":[],"fullName":"objDiff supports difference in type","invocations":1,"location":null,"numPassingAsserts":2,"retryReasons":[],"status":"passed","title":"supports difference in type"},{"ancestorTitles":["objDiff"],"duration":1,"failureDetails":[],"failureMessages":[],"fullName":"objDiff doesn't fail if object has overloaded hasOwnProperty","invocations":1,"location":null,"numPassingAsserts":1,"retryReasons":[],"status":"passed","title":"doesn't fail if object has overloaded hasOwnProperty"},{"ancestorTitles":["isFilenameValid"],"duration":0,"failureDetails":[],"failureMessages":[],"fullName":"isFilenameValid reports invalid filenames","invocations":1,"location":null,"numPassingAsserts":2,"retryReasons":[],"status":"passed","title":"reports invalid filenames"},{"ancestorTitles":["isFilenameValid"],"duration":0,"failureDetails":[],"failureMessages":[],"fullName":"isFilenameValid allows valid names","invocations":1,"location":null,"numPassingAsserts":0,"retryReasons":[],"status":"passed","title":"allows valid names"},{"ancestorTitles":["isPathValid"],"duration":1,"failureDetails":[],"failureMessages":[],"fullName":"isPathValid reports invalid path","invocations":1,"location":null,"numPassingAsserts":4,"retryReasons":[],"status":"passed","title":"reports invalid path"},{"ancestorTitles":["isPathValid"],"duration":0,"failureDetails":[],"failureMessages":[],"fullName":"isPathValid allows valid names","invocations":1,"location":null,"numPassingAsserts":4,"retryReasons":[],"status":"passed","title":"allows valid names"},{"ancestorTitles":["isPathValid"],"duration":0,"failureDetails":[],"failureMessages":[],"fullName":"isPathValid can be set to allow relative paths","invocations":1,"location":null,"numPassingAsserts":1,"retryReasons":[],"status":"passed","title":"can be set to allow relative paths"},{"ancestorTitles":["isMajorUpgrade"],"duration":0,"failureDetails":[],"failureMessages":[],"fullName":"isMajorUpgrade detects major downgrade","invocations":1,"location":null,"numPassingAsserts":2,"retryReasons":[],"status":"passed","title":"detects major downgrade"},{"ancestorTitles":["isMajorUpgrade"],"duration":0,"failureDetails":[],"failureMessages":[],"fullName":"isMajorUpgrade detects minor downgrade","invocations":1,"location":null,"numPassingAsserts":2,"retryReasons":[],"status":"passed","title":"detects minor downgrade"},{"ancestorTitles":["isMajorUpgrade"],"duration":0,"failureDetails":[],"failureMessages":[],"fullName":"isMajorUpgrade doesn't report patch downgrade","invocations":1,"location":null,"numPassingAsserts":2,"retryReasons":[],"status":"passed","title":"doesn't report patch downgrade"},{"ancestorTitles":["isMajorUpgrade"],"duration":0,"failureDetails":[],"failureMessages":[],"fullName":"isMajorUpgrade doesn't report upgrade","invocations":1,"location":null,"numPassingAsserts":4,"retryReasons":[],"status":"passed","title":"doesn't report upgrade"},{"ancestorTitles":["unique"],"duration":0,"failureDetails":[],"failureMessages":[],"fullName":"unique removes duplicates, keeping the first item","invocations":1,"location":null,"numPassingAsserts":1,"retryReasons":[],"status":"passed","title":"removes duplicates, keeping the first item"},{"ancestorTitles":["sanitizeFilename"],"duration":0,"failureDetails":[],"failureMessages":[],"fullName":"sanitizeFilename sanitizes disallowed characters","invocations":1,"location":null,"numPassingAsserts":1,"retryReasons":[],"status":"passed","title":"sanitizes disallowed characters"},{"ancestorTitles":["sanitizeFilename"],"duration":1,"failureDetails":[],"failureMessages":[],"fullName":"sanitizeFilename sanitizes reserved names","invocations":1,"location":null,"numPassingAsserts":1,"retryReasons":[],"status":"passed","title":"sanitizes reserved names"},{"ancestorTitles":["sanitizeFilename"],"duration":0,"failureDetails":[],"failureMessages":[],"fullName":"sanitizeFilename sanitizes invalid trailing character","invocations":1,"location":null,"numPassingAsserts":1,"retryReasons":[],"status":"passed","title":"sanitizes invalid trailing character"},{"ancestorTitles":["nexusModsURL"],"duration":0,"failureDetails":[],"failureMessages":[],"fullName":"nexusModsURL creates basic urls","invocations":1,"location":null,"numPassingAsserts":1,"retryReasons":[],"status":"passed","title":"creates basic urls"},{"ancestorTitles":["nexusModsURL"],"duration":0,"failureDetails":[],"failureMessages":[],"fullName":"nexusModsURL supports different subdomains","invocations":1,"location":null,"numPassingAsserts":1,"retryReasons":[],"status":"passed","title":"supports different subdomains"},{"ancestorTitles":["nexusModsURL"],"duration":0,"failureDetails":[],"failureMessages":[],"fullName":"nexusModsURL supports tracking campaigns","invocations":1,"location":null,"numPassingAsserts":1,"retryReasons":[],"status":"passed","title":"supports tracking campaigns"},{"ancestorTitles":["nexusModsURL"],"duration":0,"failureDetails":[],"failureMessages":[],"fullName":"nexusModsURL supports additional parameters","invocations":1,"location":null,"numPassingAsserts":1,"retryReasons":[],"status":"passed","title":"supports additional parameters"}],"endTime":1759283349426,"message":"","name":"/Users/veland/Downloads/vortex/__tests__/util.test.js","startTime":1759283340400,"status":"passed","summary":""},{"assertionResults":[{"ancestorTitles":["getSafe"],"duration":6,"failureDetails":[],"failureMessages":[],"fullName":"getSafe returns the default if empty","invocations":1,"location":null,"numPassingAsserts":1,"retryReasons":[],"status":"passed","title":"returns the default if empty"},{"ancestorTitles":["getSafe"],"duration":0,"failureDetails":[],"failureMessages":[],"fullName":"getSafe returns the default if node missing","invocations":1,"location":null,"numPassingAsserts":1,"retryReasons":[],"status":"passed","title":"returns the default if node missing"},{"ancestorTitles":["getSafe"],"duration":0,"failureDetails":[],"failureMessages":[],"fullName":"getSafe returns the default if part of path is a value","invocations":1,"location":null,"numPassingAsserts":1,"retryReasons":[],"status":"passed","title":"returns the default if part of path is a value"},{"ancestorTitles":["getSafe"],"duration":1,"failureDetails":[],"failureMessages":[],"fullName":"getSafe returns the value if path is valid","invocations":1,"location":null,"numPassingAsserts":1,"retryReasons":[],"status":"passed","title":"returns the value if path is valid"},{"ancestorTitles":["getSafeCI"],"duration":0,"failureDetails":[],"failureMessages":[],"fullName":"getSafeCI returns the default if empty","invocations":1,"location":null,"numPassingAsserts":1,"retryReasons":[],"status":"passed","title":"returns the default if empty"},{"ancestorTitles":["getSafeCI"],"duration":0,"failureDetails":[],"failureMessages":[],"fullName":"getSafeCI returns the default if node missing","invocations":1,"location":null,"numPassingAsserts":1,"retryReasons":[],"status":"passed","title":"returns the default if node missing"},{"ancestorTitles":["getSafeCI"],"duration":0,"failureDetails":[],"failureMessages":[],"fullName":"getSafeCI returns the default if part of path is a value","invocations":1,"location":null,"numPassingAsserts":1,"retryReasons":[],"status":"passed","title":"returns the default if part of path is a value"},{"ancestorTitles":["getSafeCI"],"duration":1,"failureDetails":[],"failureMessages":[],"fullName":"getSafeCI returns the value if path is valid","invocations":1,"location":null,"numPassingAsserts":1,"retryReasons":[],"status":"passed","title":"returns the value if path is valid"},{"ancestorTitles":["getSafeCI"],"duration":0,"failureDetails":[],"failureMessages":[],"fullName":"getSafeCI returns the result if the keys are specified with different case","invocations":1,"location":null,"numPassingAsserts":1,"retryReasons":[],"status":"passed","title":"returns the result if the keys are specified with different case"},{"ancestorTitles":["setSafe"],"duration":1,"failureDetails":[],"failureMessages":[],"fullName":"setSafe leaves the original unmodified","invocations":1,"location":null,"numPassingAsserts":1,"retryReasons":[],"status":"passed","title":"leaves the original unmodified"},{"ancestorTitles":["setSafe"],"duration":0,"failureDetails":[],"failureMessages":[],"fullName":"setSafe copies only the parts being modified","invocations":1,"location":null,"numPassingAsserts":1,"retryReasons":[],"status":"passed","title":"copies only the parts being modified"},{"ancestorTitles":["setSafe"],"duration":0,"failureDetails":[],"failureMessages":[],"fullName":"setSafe sets the value even if nodes missing","invocations":1,"location":null,"numPassingAsserts":1,"retryReasons":[],"status":"passed","title":"sets the value even if nodes missing"},{"ancestorTitles":["setSafe"],"duration":0,"failureDetails":[],"failureMessages":[],"fullName":"setSafe changes the value if node not missing","invocations":1,"location":null,"numPassingAsserts":1,"retryReasons":[],"status":"passed","title":"changes the value if node not missing"},{"ancestorTitles":["setSafe"],"duration":1,"failureDetails":[],"failureMessages":[],"fullName":"setSafe works with empty path","invocations":1,"location":null,"numPassingAsserts":1,"retryReasons":[],"status":"passed","title":"works with empty path"},{"ancestorTitles":["setSafe"],"duration":0,"failureDetails":[],"failureMessages":[],"fullName":"setSafe works with arrays","invocations":1,"location":null,"numPassingAsserts":1,"retryReasons":[],"status":"passed","title":"works with arrays"},{"ancestorTitles":["setSafe"],"duration":0,"failureDetails":[],"failureMessages":[],"fullName":"setSafe can append to array","invocations":1,"location":null,"numPassingAsserts":1,"retryReasons":[],"status":"passed","title":"can append to array"},{"ancestorTitles":["setSafe"],"duration":0,"failureDetails":[],"failureMessages":[],"fullName":"setSafe can append to array with gaps","invocations":1,"location":null,"numPassingAsserts":1,"retryReasons":[],"status":"passed","title":"can append to array with gaps"},{"ancestorTitles":["setSafe"],"duration":0,"failureDetails":[],"failureMessages":[],"fullName":"setSafe doesn't turn arrays into objects","invocations":1,"location":null,"numPassingAsserts":1,"retryReasons":[],"status":"passed","title":"doesn't turn arrays into objects"},{"ancestorTitles":["setOrNop"],"duration":1,"failureDetails":[],"failureMessages":[],"fullName":"setOrNop leaves the original unmodified","invocations":1,"location":null,"numPassingAsserts":1,"retryReasons":[],"status":"passed","title":"leaves the original unmodified"},{"ancestorTitles":["setOrNop"],"duration":0,"failureDetails":[],"failureMessages":[],"fullName":"setOrNop leaves unmodified if node missing","invocations":1,"location":null,"numPassingAsserts":1,"retryReasons":[],"status":"passed","title":"leaves unmodified if node missing"},{"ancestorTitles":["setOrNop"],"duration":0,"failureDetails":[],"failureMessages":[],"fullName":"setOrNop changes the value if node not missing","invocations":1,"location":null,"numPassingAsserts":1,"retryReasons":[],"status":"passed","title":"changes the value if node not missing"},{"ancestorTitles":["setOrNop"],"duration":0,"failureDetails":[],"failureMessages":[],"fullName":"setOrNop doesn't turn arrays into objects","invocations":1,"location":null,"numPassingAsserts":1,"retryReasons":[],"status":"passed","title":"doesn't turn arrays into objects"},{"ancestorTitles":["changeOrNop"],"duration":0,"failureDetails":[],"failureMessages":[],"fullName":"changeOrNop leaves the original unmodified","invocations":1,"location":null,"numPassingAsserts":1,"retryReasons":[],"status":"passed","title":"leaves the original unmodified"},{"ancestorTitles":["changeOrNop"],"duration":0,"failureDetails":[],"failureMessages":[],"fullName":"changeOrNop leaves unmodified if key missing","invocations":1,"location":null,"numPassingAsserts":1,"retryReasons":[],"status":"passed","title":"leaves unmodified if key missing"},{"ancestorTitles":["changeOrNop"],"duration":0,"failureDetails":[],"failureMessages":[],"fullName":"changeOrNop changes the value if node not missing","invocations":1,"location":null,"numPassingAsserts":1,"retryReasons":[],"status":"passed","title":"changes the value if node not missing"},{"ancestorTitles":["changeOrNop"],"duration":1,"failureDetails":[],"failureMessages":[],"fullName":"changeOrNop doesn't turn arrays into objects","invocations":1,"location":null,"numPassingAsserts":1,"retryReasons":[],"status":"passed","title":"doesn't turn arrays into objects"},{"ancestorTitles":["pushSafe"],"duration":0,"failureDetails":[],"failureMessages":[],"fullName":"pushSafe leaves the original unmodified","invocations":1,"location":null,"numPassingAsserts":1,"retryReasons":[],"status":"passed","title":"leaves the original unmodified"},{"ancestorTitles":["pushSafe"],"duration":0,"failureDetails":[],"failureMessages":[],"fullName":"pushSafe appends to a list","invocations":1,"location":null,"numPassingAsserts":1,"retryReasons":[],"status":"passed","title":"appends to a list"},{"ancestorTitles":["pushSafe"],"duration":3,"failureDetails":[],"failureMessages":[],"fullName":"pushSafe sets the value even if node missing","invocations":1,"location":null,"numPassingAsserts":1,"retryReasons":[],"status":"passed","title":"sets the value even if node missing"},{"ancestorTitles":["pushSafe"],"duration":0,"failureDetails":[],"failureMessages":[],"fullName":"pushSafe works with numeric path component","invocations":1,"location":null,"numPassingAsserts":1,"retryReasons":[],"status":"passed","title":"works with numeric path component"},{"ancestorTitles":["pushSafe"],"duration":0,"failureDetails":[],"failureMessages":[],"fullName":"pushSafe doesn't turn arrays into objects","invocations":1,"location":null,"numPassingAsserts":1,"retryReasons":[],"status":"passed","title":"doesn't turn arrays into objects"},{"ancestorTitles":["pushSafe"],"duration":0,"failureDetails":[],"failureMessages":[],"fullName":"pushSafe creates intermediate dictionaries","invocations":1,"location":null,"numPassingAsserts":1,"retryReasons":[],"status":"passed","title":"creates intermediate dictionaries"},{"ancestorTitles":["pushSafe"],"duration":0,"failureDetails":[],"failureMessages":[],"fullName":"pushSafe creates base","invocations":1,"location":null,"numPassingAsserts":1,"retryReasons":[],"status":"passed","title":"creates base"},{"ancestorTitles":["pushSafe"],"duration":0,"failureDetails":[],"failureMessages":[],"fullName":"pushSafe turns intermediate non-objects into objects","invocations":1,"location":null,"numPassingAsserts":1,"retryReasons":[],"status":"passed","title":"turns intermediate non-objects into objects"},{"ancestorTitles":["pushSafe"],"duration":0,"failureDetails":[],"failureMessages":[],"fullName":"pushSafe turns final element into array if it isn't one","invocations":1,"location":null,"numPassingAsserts":1,"retryReasons":[],"status":"passed","title":"turns final element into array if it isn't one"},{"ancestorTitles":["addUniqueSafe"],"duration":1,"failureDetails":[],"failureMessages":[],"fullName":"addUniqueSafe leaves the original unmodified","invocations":1,"location":null,"numPassingAsserts":1,"retryReasons":[],"status":"passed","title":"leaves the original unmodified"},{"ancestorTitles":["addUniqueSafe"],"duration":0,"failureDetails":[],"failureMessages":[],"fullName":"addUniqueSafe inserts to a list if not present yet","invocations":1,"location":null,"numPassingAsserts":1,"retryReasons":[],"status":"passed","title":"inserts to a list if not present yet"},{"ancestorTitles":["addUniqueSafe"],"duration":0,"failureDetails":[],"failureMessages":[],"fullName":"addUniqueSafe returns original list of value exists","invocations":1,"location":null,"numPassingAsserts":1,"retryReasons":[],"status":"passed","title":"returns original list of value exists"},{"ancestorTitles":["addUniqueSafe"],"duration":0,"failureDetails":[],"failureMessages":[],"fullName":"addUniqueSafe sets the value even if node missing","invocations":1,"location":null,"numPassingAsserts":1,"retryReasons":[],"status":"passed","title":"sets the value even if node missing"},{"ancestorTitles":["addUniqueSafe"],"duration":0,"failureDetails":[],"failureMessages":[],"fullName":"addUniqueSafe works with numeric path component","invocations":1,"location":null,"numPassingAsserts":1,"retryReasons":[],"status":"passed","title":"works with numeric path component"},{"ancestorTitles":["addUniqueSafe"],"duration":1,"failureDetails":[],"failureMessages":[],"fullName":"addUniqueSafe doesn't turn arrays into objects","invocations":1,"location":null,"numPassingAsserts":1,"retryReasons":[],"status":"passed","title":"doesn't turn arrays into objects"},{"ancestorTitles":["removeValue"],"duration":0,"failureDetails":[],"failureMessages":[],"fullName":"removeValue leaves the original unmodified","invocations":1,"location":null,"numPassingAsserts":1,"retryReasons":[],"status":"passed","title":"leaves the original unmodified"},{"ancestorTitles":["removeValue"],"duration":0,"failureDetails":[],"failureMessages":[],"fullName":"removeValue removes the correct value","invocations":1,"location":null,"numPassingAsserts":1,"retryReasons":[],"status":"passed","title":"removes the correct value"},{"ancestorTitles":["removeValue"],"duration":0,"failureDetails":[],"failureMessages":[],"fullName":"removeValue returns unmodified if the value doesn't exist","invocations":1,"location":null,"numPassingAsserts":1,"retryReasons":[],"status":"passed","title":"returns unmodified if the value doesn't exist"},{"ancestorTitles":["removeValue"],"duration":0,"failureDetails":[],"failureMessages":[],"fullName":"removeValue doesn't turn arrays into objects","invocations":1,"location":null,"numPassingAsserts":1,"retryReasons":[],"status":"passed","title":"doesn't turn arrays into objects"},{"ancestorTitles":["removeValueIf"],"duration":0,"failureDetails":[],"failureMessages":[],"fullName":"removeValueIf returns empty list if input undefined","invocations":1,"location":null,"numPassingAsserts":1,"retryReasons":[],"status":"passed","title":"returns empty list if input undefined"},{"ancestorTitles":["merge"],"duration":33,"failureDetails":[],"failureMessages":[],"fullName":"merge leaves the original unmodified","invocations":1,"location":null,"numPassingAsserts":1,"retryReasons":[],"status":"passed","title":"leaves the original unmodified"},{"ancestorTitles":["merge"],"duration":0,"failureDetails":[],"failureMessages":[],"fullName":"merge changes an existing object","invocations":1,"location":null,"numPassingAsserts":1,"retryReasons":[],"status":"passed","title":"changes an existing object"},{"ancestorTitles":["merge"],"duration":1,"failureDetails":[],"failureMessages":[],"fullName":"merge creates the object if necessary","invocations":1,"location":null,"numPassingAsserts":1,"retryReasons":[],"status":"passed","title":"creates the object if necessary"},{"ancestorTitles":["merge"],"duration":0,"failureDetails":[],"failureMessages":[],"fullName":"merge doesn't turn arrays into objects","invocations":1,"location":null,"numPassingAsserts":1,"retryReasons":[],"status":"passed","title":"doesn't turn arrays into objects"},{"ancestorTitles":["deleteOrNop"],"duration":0,"failureDetails":[],"failureMessages":[],"fullName":"deleteOrNop leaves the original unomdified","invocations":1,"location":null,"numPassingAsserts":1,"retryReasons":[],"status":"passed","title":"leaves the original unomdified"},{"ancestorTitles":["deleteOrNop"],"duration":0,"failureDetails":[],"failureMessages":[],"fullName":"deleteOrNop leaves unmodified if key missing","invocations":1,"location":null,"numPassingAsserts":1,"retryReasons":[],"status":"passed","title":"leaves unmodified if key missing"},{"ancestorTitles":["deleteOrNop"],"duration":1,"failureDetails":[],"failureMessages":[],"fullName":"deleteOrNop leaves unmodified if node missing","invocations":1,"location":null,"numPassingAsserts":1,"retryReasons":[],"status":"passed","title":"leaves unmodified if node missing"},{"ancestorTitles":["deleteOrNop"],"duration":0,"failureDetails":[],"failureMessages":[],"fullName":"deleteOrNop removes the specified element","invocations":1,"location":null,"numPassingAsserts":1,"retryReasons":[],"status":"passed","title":"removes the specified element"},{"ancestorTitles":["deleteOrNop"],"duration":0,"failureDetails":[],"failureMessages":[],"fullName":"deleteOrNop doesn't turn arrays into objects","invocations":1,"location":null,"numPassingAsserts":1,"retryReasons":[],"status":"passed","title":"doesn't turn arrays into objects"}],"endTime":1759283349540,"message":"","name":"/Users/veland/Downloads/vortex/__tests__/storeHelper.test.js","startTime":1759283340364,"status":"passed","summary":""},{"assertionResults":[],"coverage":{},"endTime":1759283366509,"message":"  \u001b[1m● \u001b[22mTest suite failed to run\n\n    TypeError: (0 , lazyRequire_1.default) is not a function\n\n    \u001b[0m \u001b[90m 16 |\u001b[39m\n     \u001b[90m 17 |\u001b[39m \u001b[90m// Removed Bluebird alias to avoid TS2529 error with top-level Promise in async modules\u001b[39m\n    \u001b[31m\u001b[1m>\u001b[22m\u001b[39m\u001b[90m 18 |\u001b[39m \u001b[36mconst\u001b[39m winapi\u001b[33m:\u001b[39m \u001b[36mtypeof\u001b[39m winapiT \u001b[33m=\u001b[39m lazyRequire(() \u001b[33m=>\u001b[39m (isWindows() \u001b[33m?\u001b[39m require(\u001b[32m'winapi-bindings'\u001b[39m) \u001b[33m:\u001b[39m undefined))\u001b[33m;\u001b[39m\n     \u001b[90m    |\u001b[39m                                           \u001b[31m\u001b[1m^\u001b[22m\u001b[39m\n     \u001b[90m 19 |\u001b[39m\n     \u001b[90m 20 |\u001b[39m \u001b[36mconst\u001b[39m \u001b[33mITEM_EXT\u001b[39m \u001b[33m=\u001b[39m \u001b[32m'.item'\u001b[39m\u001b[33m;\u001b[39m\n     \u001b[90m 21 |\u001b[39m \u001b[36mconst\u001b[39m \u001b[33mSTORE_ID\u001b[39m \u001b[33m=\u001b[39m \u001b[32m'epic'\u001b[39m\u001b[33m;\u001b[39m\u001b[0m\n\n      \u001b[2mat Object.<anonymous> (\u001b[22msrc/util/EpicGamesLauncher.ts\u001b[2m:18:43)\u001b[22m\n      \u001b[2mat Object.<anonymous> (\u001b[22m\u001b[0m\u001b[36mtest/util/EpicGamesLauncher.test.ts\u001b[39m\u001b[0m\u001b[2m:1:1)\u001b[22m\n","name":"/Users/veland/Downloads/vortex/test/util/EpicGamesLauncher.test.ts","startTime":1759283366509,"status":"failed","summary":""},{"assertionResults":[{"ancestorTitles":["addLocalDownload"],"duration":9,"failureDetails":[],"failureMessages":[],"fullName":"addLocalDownload adds the download","invocations":1,"location":null,"numPassingAsserts":1,"retryReasons":[],"status":"passed","title":"adds the download"},{"ancestorTitles":["downloadProgress"],"duration":0,"failureDetails":[],"failureMessages":[],"fullName":"downloadProgress updates the progress","invocations":1,"location":null,"numPassingAsserts":1,"retryReasons":[],"status":"passed","title":"updates the progress"},{"ancestorTitles":["downloadProgress"],"duration":0,"failureDetails":[],"failureMessages":[],"fullName":"downloadProgress updates the total","invocations":1,"location":null,"numPassingAsserts":1,"retryReasons":[],"status":"passed","title":"updates the total"},{"ancestorTitles":["downloadProgress"],"duration":1,"failureDetails":[],"failureMessages":[],"fullName":"downloadProgress sets the state to started","invocations":1,"location":null,"numPassingAsserts":1,"retryReasons":[],"status":"passed","title":"sets the state to started"},{"ancestorTitles":["downloadProgress"],"duration":2,"failureDetails":[],"failureMessages":[],"fullName":"downloadProgress does nothing if the id is unknown","invocations":1,"location":null,"numPassingAsserts":1,"retryReasons":[],"status":"passed","title":"does nothing if the id is unknown"},{"ancestorTitles":["finishDownload"],"duration":10,"failureDetails":[],"failureMessages":[],"fullName":"finishDownload finishes a download","invocations":1,"location":null,"numPassingAsserts":1,"retryReasons":[],"status":"passed","title":"finishes a download"},{"ancestorTitles":["finishDownload"],"duration":0,"failureDetails":[],"failureMessages":[],"fullName":"finishDownload stores failure reason","invocations":1,"location":null,"numPassingAsserts":1,"retryReasons":[],"status":"passed","title":"stores failure reason"},{"ancestorTitles":["finishDownload"],"duration":1,"failureDetails":[],"failureMessages":[],"fullName":"finishDownload does nothing if the id is unknown","invocations":1,"location":null,"numPassingAsserts":1,"retryReasons":[],"status":"passed","title":"does nothing if the id is unknown"},{"ancestorTitles":["initDownload"],"duration":0,"failureDetails":[],"failureMessages":[],"fullName":"initDownload initialises a download","invocations":1,"location":null,"numPassingAsserts":1,"retryReasons":[],"status":"passed","title":"initialises a download"},{"ancestorTitles":["initDownload"],"duration":0,"failureDetails":[],"failureMessages":[],"fullName":"initDownload terminates if the id exists","invocations":1,"location":null,"numPassingAsserts":1,"retryReasons":[],"status":"passed","title":"terminates if the id exists"},{"ancestorTitles":["pauseDownload"],"duration":0,"failureDetails":[],"failureMessages":[],"fullName":"pauseDownload pauses a running download","invocations":1,"location":null,"numPassingAsserts":1,"retryReasons":[],"status":"passed","title":"pauses a running download"},{"ancestorTitles":["pauseDownload"],"duration":1,"failureDetails":[],"failureMessages":[],"fullName":"pauseDownload resumes a paused download","invocations":1,"location":null,"numPassingAsserts":1,"retryReasons":[],"status":"passed","title":"resumes a paused download"},{"ancestorTitles":["pauseDownload"],"duration":0,"failureDetails":[],"failureMessages":[],"fullName":"pauseDownload does nothing if the id is unknown","invocations":1,"location":null,"numPassingAsserts":1,"retryReasons":[],"status":"passed","title":"does nothing if the id is unknown"},{"ancestorTitles":["pauseDownload"],"duration":0,"failureDetails":[],"failureMessages":[],"fullName":"pauseDownload does nothing if the previous state is final","invocations":1,"location":null,"numPassingAsserts":2,"retryReasons":[],"status":"passed","title":"does nothing if the previous state is final"},{"ancestorTitles":["removeDownload"],"duration":0,"failureDetails":[],"failureMessages":[],"fullName":"removeDownload removes the download","invocations":1,"location":null,"numPassingAsserts":1,"retryReasons":[],"status":"passed","title":"removes the download"},{"ancestorTitles":["removeDownload"],"duration":0,"failureDetails":[],"failureMessages":[],"fullName":"removeDownload does nothing if the id is unknown","invocations":1,"location":null,"numPassingAsserts":1,"retryReasons":[],"status":"passed","title":"does nothing if the id is unknown"},{"ancestorTitles":["setDownloadFilepath"],"duration":1,"failureDetails":[],"failureMessages":[],"fullName":"setDownloadFilepath changes the download path","invocations":1,"location":null,"numPassingAsserts":1,"retryReasons":[],"status":"passed","title":"changes the download path"},{"ancestorTitles":["setDownloadFilepath"],"duration":0,"failureDetails":[],"failureMessages":[],"fullName":"setDownloadFilepath does nothing if the id is unknown","invocations":1,"location":null,"numPassingAsserts":1,"retryReasons":[],"status":"passed","title":"does nothing if the id is unknown"},{"ancestorTitles":["setDownloadHash"],"duration":0,"failureDetails":[],"failureMessages":[],"fullName":"setDownloadHash changes the file hash","invocations":1,"location":null,"numPassingAsserts":1,"retryReasons":[],"status":"passed","title":"changes the file hash"},{"ancestorTitles":["setDownloadHash"],"duration":0,"failureDetails":[],"failureMessages":[],"fullName":"setDownloadHash does nothing if the id is unknown","invocations":1,"location":null,"numPassingAsserts":1,"retryReasons":[],"status":"passed","title":"does nothing if the id is unknown"},{"ancestorTitles":["setDownloadHashByFile"],"duration":1,"failureDetails":[],"failureMessages":[],"fullName":"setDownloadHashByFile changes the file hash","invocations":1,"location":null,"numPassingAsserts":1,"retryReasons":[],"status":"passed","title":"changes the file hash"},{"ancestorTitles":["setDownloadHashByFile"],"duration":0,"failureDetails":[],"failureMessages":[],"fullName":"setDownloadHashByFile does nothing if the name is unknown","invocations":1,"location":null,"numPassingAsserts":1,"retryReasons":[],"status":"passed","title":"does nothing if the name is unknown"},{"ancestorTitles":["startDownload"],"duration":0,"failureDetails":[],"failureMessages":[],"fullName":"startDownload sets the download state as started","invocations":1,"location":null,"numPassingAsserts":1,"retryReasons":[],"status":"passed","title":"sets the download state as started"},{"ancestorTitles":["startDownload"],"duration":0,"failureDetails":[],"failureMessages":[],"fullName":"startDownload does nothing if the download is already finished","invocations":1,"location":null,"numPassingAsserts":1,"retryReasons":[],"status":"passed","title":"does nothing if the download is already finished"},{"ancestorTitles":["startDownload"],"duration":0,"failureDetails":[],"failureMessages":[],"fullName":"startDownload does nothing if the download is paused","invocations":1,"location":null,"numPassingAsserts":1,"retryReasons":[],"status":"passed","title":"does nothing if the download is paused"},{"ancestorTitles":["startDownload"],"duration":0,"failureDetails":[],"failureMessages":[],"fullName":"startDownload does nothing if the id is unknown","invocations":1,"location":null,"numPassingAsserts":1,"retryReasons":[],"status":"passed","title":"does nothing if the id is unknown"},{"ancestorTitles":["setDownloadSpeed"],"duration":0,"failureDetails":[],"failureMessages":[],"fullName":"setDownloadSpeed sets the download speed","invocations":1,"location":null,"numPassingAsserts":1,"retryReasons":[],"status":"passed","title":"sets the download speed"}],"endTime":1759283349900,"message":"","name":"/Users/veland/Downloads/vortex/__tests__/reducers.download_management.test.js","startTime":1759283340351,"status":"passed","summary":""},{"assertionResults":[{"ancestorTitles":["platformText","getPlatformText"],"duration":0,"failureDetails":[],"failureMessages":[],"fullName":"platformText getPlatformText should replace Ctrl with Cmd on macOS","invocations":1,"location":null,"numPassingAsserts":1,"retryReasons":[],"status":"passed","title":"should replace Ctrl with Cmd on macOS"},{"ancestorTitles":["platformText","getPlatformText"],"duration":0,"failureDetails":[],"failureMessages":[],"fullName":"platformText getPlatformText should not replace Ctrl on Windows","invocations":1,"location":null,"numPassingAsserts":1,"retryReasons":[],"status":"passed","title":"should not replace Ctrl on Windows"},{"ancestorTitles":["platformText","getPlatformText"],"duration":1,"failureDetails":[],"failureMessages":[],"fullName":"platformText getPlatformText should not replace Ctrl on Linux","invocations":1,"location":null,"numPassingAsserts":1,"retryReasons":[],"status":"passed","title":"should not replace Ctrl on Linux"},{"ancestorTitles":["platformText","getStructuredPlatformText"],"duration":0,"failureDetails":[],"failureMessages":[],"fullName":"platformText getStructuredPlatformText should return platform-specific text when available","invocations":1,"location":null,"numPassingAsserts":1,"retryReasons":[],"status":"passed","title":"should return platform-specific text when available"},{"ancestorTitles":["platformText","getStructuredPlatformText"],"duration":0,"failureDetails":[],"failureMessages":[],"fullName":"platformText getStructuredPlatformText should fall back to default when platform-specific text is not available","invocations":1,"location":null,"numPassingAsserts":1,"retryReasons":[],"status":"passed","title":"should fall back to default when platform-specific text is not available"},{"ancestorTitles":["platformText","getStructuredPlatformText"],"duration":0,"failureDetails":[],"failureMessages":[],"fullName":"platformText getStructuredPlatformText should apply automatic replacement when no platform-specific text is available","invocations":1,"location":null,"numPassingAsserts":1,"retryReasons":[],"status":"passed","title":"should apply automatic replacement when no platform-specific text is available"},{"ancestorTitles":["platformText","processPlatformText"],"duration":0,"failureDetails":[],"failureMessages":[],"fullName":"platformText processPlatformText should replace Ctrl with Cmd on macOS","invocations":1,"location":null,"numPassingAsserts":1,"retryReasons":[],"status":"passed","title":"should replace Ctrl with Cmd on macOS"},{"ancestorTitles":["platformText","processPlatformText"],"duration":0,"failureDetails":[],"failureMessages":[],"fullName":"platformText processPlatformText should not replace Ctrl on Windows","invocations":1,"location":null,"numPassingAsserts":1,"retryReasons":[],"status":"passed","title":"should not replace Ctrl on Windows"}],"endTime":1759283350015,"message":"","name":"/Users/veland/Downloads/vortex/__tests__/platformText.test.js","startTime":1759283349558,"status":"passed","summary":""},{"assertionResults":[{"ancestorTitles":["setToolVisible"],"duration":5,"failureDetails":[],"failureMessages":[],"fullName":"setToolVisible sets the tool visible","invocations":1,"location":null,"numPassingAsserts":1,"retryReasons":[],"status":"passed","title":"sets the tool visible"},{"ancestorTitles":["setToolVisible"],"duration":0,"failureDetails":[],"failureMessages":[],"fullName":"setToolVisible adds the new tool and set it visible if the tool doesn't exist","invocations":1,"location":null,"numPassingAsserts":1,"retryReasons":[],"status":"passed","title":"adds the new tool and set it visible if the tool doesn't exist"},{"ancestorTitles":["setToolVisible"],"duration":0,"failureDetails":[],"failureMessages":[],"fullName":"setToolVisible creates a new game and add the new visible tool under if the game doesn't exist","invocations":1,"location":null,"numPassingAsserts":1,"retryReasons":[],"status":"passed","title":"creates a new game and add the new visible tool under if the game doesn't exist"},{"ancestorTitles":["setToolVisible"],"duration":1,"failureDetails":[],"failureMessages":[],"fullName":"setToolVisible affects only the right game","invocations":1,"location":null,"numPassingAsserts":1,"retryReasons":[],"status":"passed","title":"affects only the right game"},{"ancestorTitles":["setGameHidden"],"duration":0,"failureDetails":[],"failureMessages":[],"fullName":"setGameHidden sets the game hidden","invocations":1,"location":null,"numPassingAsserts":1,"retryReasons":[],"status":"passed","title":"sets the game hidden"},{"ancestorTitles":["setGameHidden"],"duration":0,"failureDetails":[],"failureMessages":[],"fullName":"setGameHidden creates a new game and set it visible if the game doesn't exist","invocations":1,"location":null,"numPassingAsserts":1,"retryReasons":[],"status":"passed","title":"creates a new game and set it visible if the game doesn't exist"},{"ancestorTitles":["setGameHidden"],"duration":0,"failureDetails":[],"failureMessages":[],"fullName":"setGameHidden affects only the right game","invocations":1,"location":null,"numPassingAsserts":1,"retryReasons":[],"status":"passed","title":"affects only the right game"},{"ancestorTitles":["setGameParameters"],"duration":1,"failureDetails":[],"failureMessages":[],"fullName":"setGameParameters sets the game parameters","invocations":1,"location":null,"numPassingAsserts":1,"retryReasons":[],"status":"passed","title":"sets the game parameters"},{"ancestorTitles":["setGameParameters"],"duration":0,"failureDetails":[],"failureMessages":[],"fullName":"setGameParameters fails if the game doesn't exist","invocations":1,"location":null,"numPassingAsserts":1,"retryReasons":[],"status":"passed","title":"fails if the game doesn't exist"},{"ancestorTitles":["setGameParameters"],"duration":2,"failureDetails":[],"failureMessages":[],"fullName":"setGameParameters affects only the right game","invocations":1,"location":null,"numPassingAsserts":1,"retryReasons":[],"status":"passed","title":"affects only the right game"},{"ancestorTitles":["addDiscoveredGame"],"duration":0,"failureDetails":[],"failureMessages":[],"fullName":"addDiscoveredGame updates the discovered game params","invocations":1,"location":null,"numPassingAsserts":1,"retryReasons":[],"status":"passed","title":"updates the discovered game params"},{"ancestorTitles":["addDiscoveredGame"],"duration":1,"failureDetails":[],"failureMessages":[],"fullName":"addDiscoveredGame adds the new game if the game doesn't exist","invocations":1,"location":null,"numPassingAsserts":1,"retryReasons":[],"status":"passed","title":"adds the new game if the game doesn't exist"},{"ancestorTitles":["addDiscoveredGame"],"duration":0,"failureDetails":[],"failureMessages":[],"fullName":"addDiscoveredGame affects only the right game","invocations":1,"location":null,"numPassingAsserts":1,"retryReasons":[],"status":"passed","title":"affects only the right game"},{"ancestorTitles":["addDiscoveredTool"],"duration":0,"failureDetails":[],"failureMessages":[],"fullName":"addDiscoveredTool updates the discovered tool params","invocations":1,"location":null,"numPassingAsserts":1,"retryReasons":[],"status":"passed","title":"updates the discovered tool params"},{"ancestorTitles":["addDiscoveredTool"],"duration":1,"failureDetails":[],"failureMessages":[],"fullName":"addDiscoveredTool affects only the right game","invocations":1,"location":null,"numPassingAsserts":1,"retryReasons":[],"status":"passed","title":"affects only the right game"}],"endTime":1759283350233,"message":"","name":"/Users/veland/Downloads/vortex/__tests__/reducers.gamemode_management.test.js","startTime":1759283340350,"status":"passed","summary":""},{"assertionResults":[{"ancestorTitles":["setInstallPath"],"duration":3,"failureDetails":[],"failureMessages":[],"fullName":"setInstallPath sets the install path for a game","invocations":1,"location":null,"numPassingAsserts":1,"retryReasons":[],"status":"passed","title":"sets the install path for a game"},{"ancestorTitles":["setInstallPath"],"duration":0,"failureDetails":[],"failureMessages":[],"fullName":"setInstallPath creates a new game and add the new path under if the game doesn't exist","invocations":1,"location":null,"numPassingAsserts":1,"retryReasons":[],"status":"passed","title":"creates a new game and add the new path under if the game doesn't exist"},{"ancestorTitles":["setInstallPath"],"duration":0,"failureDetails":[],"failureMessages":[],"fullName":"setInstallPath affects only the right game","invocations":1,"location":null,"numPassingAsserts":1,"retryReasons":[],"status":"passed","title":"affects only the right game"},{"ancestorTitles":["setActivator"],"duration":0,"failureDetails":[],"failureMessages":[],"fullName":"setActivator sets the activator to use for this game","invocations":1,"location":null,"numPassingAsserts":1,"retryReasons":[],"status":"passed","title":"sets the activator to use for this game"},{"ancestorTitles":["setActivator"],"duration":0,"failureDetails":[],"failureMessages":[],"fullName":"setActivator adds the new game and sets the activator to use if the game doesn't exist","invocations":1,"location":null,"numPassingAsserts":1,"retryReasons":[],"status":"passed","title":"adds the new game and sets the activator to use if the game doesn't exist"},{"ancestorTitles":["setActivator"],"duration":0,"failureDetails":[],"failureMessages":[],"fullName":"setActivator affects only the right game","invocations":1,"location":null,"numPassingAsserts":1,"retryReasons":[],"status":"passed","title":"affects only the right game"},{"ancestorTitles":["removeMod"],"duration":1,"failureDetails":[],"failureMessages":[],"fullName":"removeMod removes the mod","invocations":1,"location":null,"numPassingAsserts":1,"retryReasons":[],"status":"passed","title":"removes the mod"},{"ancestorTitles":["removeMod"],"duration":0,"failureDetails":[],"failureMessages":[],"fullName":"removeMod fails if the game doesn't exist","invocations":1,"location":null,"numPassingAsserts":1,"retryReasons":[],"status":"passed","title":"fails if the game doesn't exist"},{"ancestorTitles":["removeMod"],"duration":0,"failureDetails":[],"failureMessages":[],"fullName":"removeMod affects only the right game","invocations":1,"location":null,"numPassingAsserts":1,"retryReasons":[],"status":"passed","title":"affects only the right game"},{"ancestorTitles":["setModInstallationPath"],"duration":0,"failureDetails":[],"failureMessages":[],"fullName":"setModInstallationPath sets the mod installation path","invocations":1,"location":null,"numPassingAsserts":1,"retryReasons":[],"status":"passed","title":"sets the mod installation path"},{"ancestorTitles":["setModInstallationPath"],"duration":0,"failureDetails":[],"failureMessages":[],"fullName":"setModInstallationPath does nothing if the game doesn't exist","invocations":1,"location":null,"numPassingAsserts":1,"retryReasons":[],"status":"passed","title":"does nothing if the game doesn't exist"},{"ancestorTitles":["setModInstallationPath"],"duration":0,"failureDetails":[],"failureMessages":[],"fullName":"setModInstallationPath affects only the right game","invocations":1,"location":null,"numPassingAsserts":1,"retryReasons":[],"status":"passed","title":"affects only the right game"},{"ancestorTitles":["setModAttribute"],"duration":1,"failureDetails":[],"failureMessages":[],"fullName":"setModAttribute sets the mod attribute","invocations":1,"location":null,"numPassingAsserts":1,"retryReasons":[],"status":"passed","title":"sets the mod attribute"},{"ancestorTitles":["setModAttribute"],"duration":0,"failureDetails":[],"failureMessages":[],"fullName":"setModAttribute works if there were no attributes before","invocations":1,"location":null,"numPassingAsserts":1,"retryReasons":[],"status":"passed","title":"works if there were no attributes before"},{"ancestorTitles":["setModAttribute"],"duration":0,"failureDetails":[],"failureMessages":[],"fullName":"setModAttribute fails if the game doesn't exist","invocations":1,"location":null,"numPassingAsserts":1,"retryReasons":[],"status":"passed","title":"fails if the game doesn't exist"},{"ancestorTitles":["setModAttribute"],"duration":0,"failureDetails":[],"failureMessages":[],"fullName":"setModAttribute affects only the right game","invocations":1,"location":null,"numPassingAsserts":1,"retryReasons":[],"status":"passed","title":"affects only the right game"},{"ancestorTitles":["setModAttributes"],"duration":0,"failureDetails":[],"failureMessages":[],"fullName":"setModAttributes sets the mod attributes","invocations":1,"location":null,"numPassingAsserts":1,"retryReasons":[],"status":"passed","title":"sets the mod attributes"},{"ancestorTitles":["setModAttributes"],"duration":0,"failureDetails":[],"failureMessages":[],"fullName":"setModAttributes works if there were no attributes before","invocations":1,"location":null,"numPassingAsserts":1,"retryReasons":[],"status":"passed","title":"works if there were no attributes before"},{"ancestorTitles":["setModAttributes"],"duration":0,"failureDetails":[],"failureMessages":[],"fullName":"setModAttributes fails if the game doesn't exist","invocations":1,"location":null,"numPassingAsserts":1,"retryReasons":[],"status":"passed","title":"fails if the game doesn't exist"},{"ancestorTitles":["setModAttributes"],"duration":1,"failureDetails":[],"failureMessages":[],"fullName":"setModAttributes affects only the right game","invocations":1,"location":null,"numPassingAsserts":1,"retryReasons":[],"status":"passed","title":"affects only the right game"},{"ancestorTitles":["setModAttributes"],"duration":0,"failureDetails":[],"failureMessages":[],"fullName":"setModAttributes can set multiple attributes","invocations":1,"location":null,"numPassingAsserts":1,"retryReasons":[],"status":"passed","title":"can set multiple attributes"},{"ancestorTitles":["setModAttributes"],"duration":0,"failureDetails":[],"failureMessages":[],"fullName":"setModAttributes doesn't change unaffected attributes","invocations":1,"location":null,"numPassingAsserts":1,"retryReasons":[],"status":"passed","title":"doesn't change unaffected attributes"},{"ancestorTitles":["setModState"],"duration":0,"failureDetails":[],"failureMessages":[],"fullName":"setModState sets the mod state","invocations":1,"location":null,"numPassingAsserts":1,"retryReasons":[],"status":"passed","title":"sets the mod state"},{"ancestorTitles":["setModState"],"duration":0,"failureDetails":[],"failureMessages":[],"fullName":"setModState fails if the game doesn't exist","invocations":1,"location":null,"numPassingAsserts":1,"retryReasons":[],"status":"passed","title":"fails if the game doesn't exist"},{"ancestorTitles":["setModState"],"duration":0,"failureDetails":[],"failureMessages":[],"fullName":"setModState affects only the right game","invocations":1,"location":null,"numPassingAsserts":1,"retryReasons":[],"status":"passed","title":"affects only the right game"},{"ancestorTitles":["addMod"],"duration":0,"failureDetails":[],"failureMessages":[],"fullName":"addMod adds a new mod","invocations":1,"location":null,"numPassingAsserts":1,"retryReasons":[],"status":"passed","title":"adds a new mod"},{"ancestorTitles":["addMod"],"duration":0,"failureDetails":[],"failureMessages":[],"fullName":"addMod creates a new game and add the new mod under if the game doesn't exist","invocations":1,"location":null,"numPassingAsserts":1,"retryReasons":[],"status":"passed","title":"creates a new game and add the new mod under if the game doesn't exist"},{"ancestorTitles":["addMod"],"duration":1,"failureDetails":[],"failureMessages":[],"fullName":"addMod affects only the right game","invocations":1,"location":null,"numPassingAsserts":1,"retryReasons":[],"status":"passed","title":"affects only the right game"}],"endTime":1759283350451,"message":"","name":"/Users/veland/Downloads/vortex/__tests__/reducers.mod_management.test.js","startTime":1759283340357,"status":"passed","summary":""},{"assertionResults":[{"ancestorTitles":["MacAppStore","launchGame"],"duration":1,"failureDetails":[],"failureMessages":[],"fullName":"MacAppStore launchGame should launch a game using the macappstore:// protocol","invocations":1,"location":null,"numPassingAsserts":1,"retryReasons":[],"status":"passed","title":"should launch a game using the macappstore:// protocol"},{"ancestorTitles":["MacAppStore","getGameStorePath"],"duration":1,"failureDetails":[],"failureMessages":[],"fullName":"MacAppStore getGameStorePath should return the App Store path","invocations":1,"location":null,"numPassingAsserts":1,"retryReasons":[],"status":"passed","title":"should return the App Store path"},{"ancestorTitles":["MacAppStore","isLikelyGame"],"duration":1,"failureDetails":[{"matcherResult":{"actual":false,"expected":true,"message":"\u001b[2mexpect(\u001b[22m\u001b[31mreceived\u001b[39m\u001b[2m).\u001b[22mtoBe\u001b[2m(\u001b[22m\u001b[32mexpected\u001b[39m\u001b[2m) // Object.is equality\u001b[22m\n\nExpected: \u001b[32mtrue\u001b[39m\nReceived: \u001b[31mfalse\u001b[39m","name":"toBe","pass":false}}],"failureMessages":["Error: \u001b[2mexpect(\u001b[22m\u001b[31mreceived\u001b[39m\u001b[2m).\u001b[22mtoBe\u001b[2m(\u001b[22m\u001b[32mexpected\u001b[39m\u001b[2m) // Object.is equality\u001b[22m\n\nExpected: \u001b[32mtrue\u001b[39m\nReceived: \u001b[31mfalse\u001b[39m\n    at Object.<anonymous> (/Users/veland/Downloads/vortex/extensions/gamestore-macappstore/test/index.test.ts:69:83)\n    at Promise.then.completed (/Users/veland/Downloads/vortex/node_modules/jest-circus/build/utils.js:298:28)\n    at new Promise (<anonymous>)\n    at callAsyncCircusFn (/Users/veland/Downloads/vortex/node_modules/jest-circus/build/utils.js:231:10)\n    at _callCircusTest (/Users/veland/Downloads/vortex/node_modules/jest-circus/build/run.js:316:40)\n    at processTicksAndRejections (node:internal/process/task_queues:95:5)\n    at _runTest (/Users/veland/Downloads/vortex/node_modules/jest-circus/build/run.js:252:3)\n    at _runTestsForDescribeBlock (/Users/veland/Downloads/vortex/node_modules/jest-circus/build/run.js:126:9)\n    at _runTestsForDescribeBlock (/Users/veland/Downloads/vortex/node_modules/jest-circus/build/run.js:121:9)\n    at _runTestsForDescribeBlock (/Users/veland/Downloads/vortex/node_modules/jest-circus/build/run.js:121:9)\n    at run (/Users/veland/Downloads/vortex/node_modules/jest-circus/build/run.js:71:3)\n    at runAndTransformResultsToJestFormat (/Users/veland/Downloads/vortex/node_modules/jest-circus/build/legacy-code-todo-rewrite/jestAdapterInit.js:122:21)\n    at jestAdapter (/Users/veland/Downloads/vortex/node_modules/jest-circus/build/legacy-code-todo-rewrite/jestAdapter.js:79:19)\n    at runTestInternal (/Users/veland/Downloads/vortex/node_modules/jest-runner/build/runTest.js:367:16)\n    at runTest (/Users/veland/Downloads/vortex/node_modules/jest-runner/build/runTest.js:444:34)\n    at Object.worker (/Users/veland/Downloads/vortex/node_modules/jest-runner/build/testWorker.js:106:12)"],"fullName":"MacAppStore isLikelyGame should identify games based on name patterns","invocations":1,"location":null,"numPassingAsserts":0,"retryReasons":[],"status":"failed","title":"should identify games based on name patterns"},{"ancestorTitles":["MacAppStore","getGameEntries"],"duration":4,"failureDetails":[{"matcherResult":{"actual":{"appid":"Civilization VI\ncom.aspyr.civ6\nGame","name":"Civilization VI\ncom.aspyr.civ6\nGame","gamePath":"/Applications/Civilization VI.app","gameStoreId":"macappstore"},"expected":{"appid":"com.aspyr.civ6","name":"Civilization VI","gamePath":"/Applications/Civilization VI.app","gameStoreId":"macappstore"},"message":"\u001b[2mexpect(\u001b[22m\u001b[31mreceived\u001b[39m\u001b[2m).\u001b[22mtoEqual\u001b[2m(\u001b[22m\u001b[32mexpected\u001b[39m\u001b[2m) // deep equality\u001b[22m\n\n\u001b[32m- Expected  - 2\u001b[39m\n\u001b[31m+ Received  + 6\u001b[39m\n\n\u001b[2m  Object {\u001b[22m\n\u001b[32m-   \"appid\": \"com.aspyr.civ6\",\u001b[39m\n\u001b[31m+   \"appid\": \"Civilization VI\u001b[39m\n\u001b[31m+ com.aspyr.civ6\u001b[39m\n\u001b[31m+ Game\",\u001b[39m\n\u001b[2m    \"gamePath\": \"/Applications/Civilization VI.app\",\u001b[22m\n\u001b[2m    \"gameStoreId\": \"macappstore\",\u001b[22m\n\u001b[32m-   \"name\": \"Civilization VI\",\u001b[39m\n\u001b[31m+   \"name\": \"Civilization VI\u001b[39m\n\u001b[31m+ com.aspyr.civ6\u001b[39m\n\u001b[31m+ Game\",\u001b[39m\n\u001b[2m  }\u001b[22m","name":"toEqual","pass":false}}],"failureMessages":["Error: \u001b[2mexpect(\u001b[22m\u001b[31mreceived\u001b[39m\u001b[2m).\u001b[22mtoEqual\u001b[2m(\u001b[22m\u001b[32mexpected\u001b[39m\u001b[2m) // deep equality\u001b[22m\n\n\u001b[32m- Expected  - 2\u001b[39m\n\u001b[31m+ Received  + 6\u001b[39m\n\n\u001b[2m  Object {\u001b[22m\n\u001b[32m-   \"appid\": \"com.aspyr.civ6\",\u001b[39m\n\u001b[31m+   \"appid\": \"Civilization VI\u001b[39m\n\u001b[31m+ com.aspyr.civ6\u001b[39m\n\u001b[31m+ Game\",\u001b[39m\n\u001b[2m    \"gamePath\": \"/Applications/Civilization VI.app\",\u001b[22m\n\u001b[2m    \"gameStoreId\": \"macappstore\",\u001b[22m\n\u001b[32m-   \"name\": \"Civilization VI\",\u001b[39m\n\u001b[31m+   \"name\": \"Civilization VI\u001b[39m\n\u001b[31m+ com.aspyr.civ6\u001b[39m\n\u001b[31m+ Game\",\u001b[39m\n\u001b[2m  }\u001b[22m\n    at Object.<anonymous> (/Users/veland/Downloads/vortex/extensions/gamestore-macappstore/test/index.test.ts:115:25)\n    at processTicksAndRejections (node:internal/process/task_queues:95:5)"],"fullName":"MacAppStore getGameEntries should return game entries when apps are found","invocations":1,"location":null,"numPassingAsserts":1,"retryReasons":[],"status":"failed","title":"should return game entries when apps are found"}],"endTime":1759283350513,"message":"\u001b[1m\u001b[31m  \u001b[1m● \u001b[22m\u001b[1mMacAppStore › isLikelyGame › should identify games based on name patterns\u001b[39m\u001b[22m\n\n    \u001b[2mexpect(\u001b[22m\u001b[31mreceived\u001b[39m\u001b[2m).\u001b[22mtoBe\u001b[2m(\u001b[22m\u001b[32mexpected\u001b[39m\u001b[2m) // Object.is equality\u001b[22m\n\n    Expected: \u001b[32mtrue\u001b[39m\n    Received: \u001b[31mfalse\u001b[39m\n\u001b[2m\u001b[22m\n\u001b[2m    \u001b[0m \u001b[90m 67 |\u001b[39m     it(\u001b[32m'should identify games based on name patterns'\u001b[39m\u001b[33m,\u001b[39m () \u001b[33m=>\u001b[39m {\u001b[22m\n\u001b[2m     \u001b[90m 68 |\u001b[39m       \u001b[90m// Test games that should be identified as games\u001b[39m\u001b[22m\n\u001b[2m    \u001b[31m\u001b[1m>\u001b[22m\u001b[2m\u001b[39m\u001b[90m 69 |\u001b[39m       expect((macAppStore \u001b[36mas\u001b[39m any)\u001b[33m.\u001b[39misLikelyGame(\u001b[32m'Civilization VI'\u001b[39m\u001b[33m,\u001b[39m \u001b[32m'Application'\u001b[39m))\u001b[33m.\u001b[39mtoBe(\u001b[36mtrue\u001b[39m)\u001b[33m;\u001b[39m\u001b[22m\n\u001b[2m     \u001b[90m    |\u001b[39m                                                                                   \u001b[31m\u001b[1m^\u001b[22m\u001b[2m\u001b[39m\u001b[22m\n\u001b[2m     \u001b[90m 70 |\u001b[39m       expect((macAppStore \u001b[36mas\u001b[39m any)\u001b[33m.\u001b[39misLikelyGame(\u001b[32m'World of Warcraft'\u001b[39m\u001b[33m,\u001b[39m \u001b[32m'Application'\u001b[39m))\u001b[33m.\u001b[39mtoBe(\u001b[36mtrue\u001b[39m)\u001b[33m;\u001b[39m\u001b[22m\n\u001b[2m     \u001b[90m 71 |\u001b[39m       expect((macAppStore \u001b[36mas\u001b[39m any)\u001b[33m.\u001b[39misLikelyGame(\u001b[32m'The Witcher 3'\u001b[39m\u001b[33m,\u001b[39m \u001b[32m'Application'\u001b[39m))\u001b[33m.\u001b[39mtoBe(\u001b[36mtrue\u001b[39m)\u001b[33m;\u001b[39m\u001b[22m\n\u001b[2m     \u001b[90m 72 |\u001b[39m       expect((macAppStore \u001b[36mas\u001b[39m any)\u001b[33m.\u001b[39misLikelyGame(\u001b[32m'Halo 2'\u001b[39m\u001b[33m,\u001b[39m \u001b[32m'Application'\u001b[39m))\u001b[33m.\u001b[39mtoBe(\u001b[36mtrue\u001b[39m)\u001b[33m;\u001b[39m\u001b[0m\u001b[22m\n\u001b[2m\u001b[22m\n\u001b[2m      \u001b[2mat Object.<anonymous> (\u001b[22m\u001b[2m\u001b[0m\u001b[36mextensions/gamestore-macappstore/test/index.test.ts\u001b[39m\u001b[0m\u001b[2m:69:83)\u001b[22m\u001b[2m\u001b[22m\n\n\u001b[1m\u001b[31m  \u001b[1m● \u001b[22m\u001b[1mMacAppStore › getGameEntries › should return game entries when apps are found\u001b[39m\u001b[22m\n\n    \u001b[2mexpect(\u001b[22m\u001b[31mreceived\u001b[39m\u001b[2m).\u001b[22mtoEqual\u001b[2m(\u001b[22m\u001b[32mexpected\u001b[39m\u001b[2m) // deep equality\u001b[22m\n\n    \u001b[32m- Expected  - 2\u001b[39m\n    \u001b[31m+ Received  + 6\u001b[39m\n\n    \u001b[2m  Object {\u001b[22m\n    \u001b[32m-   \"appid\": \"com.aspyr.civ6\",\u001b[39m\n    \u001b[31m+   \"appid\": \"Civilization VI\u001b[39m\n    \u001b[31m+ com.aspyr.civ6\u001b[39m\n    \u001b[31m+ Game\",\u001b[39m\n    \u001b[2m    \"gamePath\": \"/Applications/Civilization VI.app\",\u001b[22m\n    \u001b[2m    \"gameStoreId\": \"macappstore\",\u001b[22m\n    \u001b[32m-   \"name\": \"Civilization VI\",\u001b[39m\n    \u001b[31m+   \"name\": \"Civilization VI\u001b[39m\n    \u001b[31m+ com.aspyr.civ6\u001b[39m\n    \u001b[31m+ Game\",\u001b[39m\n    \u001b[2m  }\u001b[22m\n\u001b[2m\u001b[22m\n\u001b[2m    \u001b[0m \u001b[90m 113 |\u001b[39m       \u001b[36mconst\u001b[39m result \u001b[33m=\u001b[39m \u001b[36mawait\u001b[39m (macAppStore \u001b[36mas\u001b[39m any)\u001b[33m.\u001b[39mgetGameEntries()\u001b[33m;\u001b[39m\u001b[22m\n\u001b[2m     \u001b[90m 114 |\u001b[39m       expect(result)\u001b[33m.\u001b[39mtoHaveLength(\u001b[35m3\u001b[39m)\u001b[33m;\u001b[39m\u001b[22m\n\u001b[2m    \u001b[31m\u001b[1m>\u001b[22m\u001b[2m\u001b[39m\u001b[90m 115 |\u001b[39m       expect(result[\u001b[35m0\u001b[39m])\u001b[33m.\u001b[39mtoEqual({\u001b[22m\n\u001b[2m     \u001b[90m     |\u001b[39m                         \u001b[31m\u001b[1m^\u001b[22m\u001b[2m\u001b[39m\u001b[22m\n\u001b[2m     \u001b[90m 116 |\u001b[39m         appid\u001b[33m:\u001b[39m \u001b[32m'com.aspyr.civ6'\u001b[39m\u001b[33m,\u001b[39m\u001b[22m\n\u001b[2m     \u001b[90m 117 |\u001b[39m         name\u001b[33m:\u001b[39m \u001b[32m'Civilization VI'\u001b[39m\u001b[33m,\u001b[39m\u001b[22m\n\u001b[2m     \u001b[90m 118 |\u001b[39m         gamePath\u001b[33m:\u001b[39m \u001b[32m'/Applications/Civilization VI.app'\u001b[39m\u001b[33m,\u001b[39m\u001b[0m\u001b[22m\n\u001b[2m\u001b[22m\n\u001b[2m      \u001b[2mat Object.<anonymous> (\u001b[22m\u001b[2m\u001b[0m\u001b[36mextensions/gamestore-macappstore/test/index.test.ts\u001b[39m\u001b[0m\u001b[2m:115:25)\u001b[22m\u001b[2m\u001b[22m\n","name":"/Users/veland/Downloads/vortex/extensions/gamestore-macappstore/test/index.test.ts","startTime":1759283348874,"status":"failed","summary":""},{"assertionResults":[{"ancestorTitles":["Steam macOS getGameStorePath"],"duration":1095,"failureDetails":[],"failureMessages":[],"fullName":"Steam macOS getGameStorePath returns /Applications/Steam.app when present","invocations":1,"location":null,"numPassingAsserts":1,"retryReasons":[],"status":"passed","title":"returns /Applications/Steam.app when present"},{"ancestorTitles":["Steam macOS getGameStorePath"],"duration":37,"failureDetails":[],"failureMessages":[],"fullName":"Steam macOS getGameStorePath falls back to baseFolder/Steam.app when /Applications missing","invocations":1,"location":null,"numPassingAsserts":1,"retryReasons":[],"status":"passed","title":"falls back to baseFolder/Steam.app when /Applications missing"},{"ancestorTitles":["Steam macOS getGameStorePath"],"duration":18,"failureDetails":[],"failureMessages":[],"fullName":"Steam macOS getGameStorePath uses fallback baseFolder when preferred missing","invocations":1,"location":null,"numPassingAsserts":1,"retryReasons":[],"status":"passed","title":"uses fallback baseFolder when preferred missing"},{"ancestorTitles":["Steam macOS getGameStorePath"],"duration":81,"failureDetails":[],"failureMessages":[],"fullName":"Steam macOS getGameStorePath returns undefined when no base folder found","invocations":1,"location":null,"numPassingAsserts":1,"retryReasons":[],"status":"passed","title":"returns undefined when no base folder found"}],"endTime":1759283350619,"message":"","name":"/Users/veland/Downloads/vortex/__tests__/macos.steam.test.ts","startTime":1759283348789,"status":"passed","summary":""},{"assertionResults":[{"ancestorTitles":["Project Setup Verification","verifySubmodules"],"duration":6,"failureDetails":[],"failureMessages":[],"fullName":"Project Setup Verification verifySubmodules should return false when .gitmodules file does not exist","invocations":1,"location":null,"numPassingAsserts":1,"retryReasons":[],"status":"passed","title":"should return false when .gitmodules file does not exist"},{"ancestorTitles":["Project Setup Verification","verifySubmodules"],"duration":8,"failureDetails":[],"failureMessages":[],"fullName":"Project Setup Verification verifySubmodules should process submodules when .gitmodules exists","invocations":1,"location":null,"numPassingAsserts":1,"retryReasons":[],"status":"passed","title":"should process submodules when .gitmodules exists"},{"ancestorTitles":["Project Setup Verification","verifySubmodules"],"duration":11,"failureDetails":[],"failureMessages":[],"fullName":"Project Setup Verification verifySubmodules should detect detached HEAD state","invocations":1,"location":null,"numPassingAsserts":1,"retryReasons":[],"status":"passed","title":"should detect detached HEAD state"},{"ancestorTitles":["Project Setup Verification","verifySCSSCompilation"],"duration":9,"failureDetails":[],"failureMessages":[],"fullName":"Project Setup Verification verifySCSSCompilation should handle missing SCSS files gracefully","invocations":1,"location":null,"numPassingAsserts":1,"retryReasons":[],"status":"passed","title":"should handle missing SCSS files gracefully"},{"ancestorTitles":["Project Setup Verification","verifySCSSCompilation"],"duration":12,"failureDetails":[],"failureMessages":[],"fullName":"Project Setup Verification verifySCSSCompilation should compile SCSS files successfully","invocations":1,"location":null,"numPassingAsserts":2,"retryReasons":[],"status":"passed","title":"should compile SCSS files successfully"},{"ancestorTitles":["Project Setup Verification","verifySCSSCompilation"],"duration":42,"failureDetails":[],"failureMessages":[],"fullName":"Project Setup Verification verifySCSSCompilation should handle SCSS compilation errors","invocations":1,"location":null,"numPassingAsserts":1,"retryReasons":[],"status":"passed","title":"should handle SCSS compilation errors"}],"endTime":1759283350735,"message":"","name":"/Users/veland/Downloads/vortex/__tests__/project-setup-verification.test.js","startTime":1759283349520,"status":"passed","summary":""},{"assertionResults":[{"ancestorTitles":["runElevated"],"duration":2,"failureDetails":[],"failureMessages":[],"fullName":"runElevated creates a temporary file","invocations":1,"location":null,"numPassingAsserts":1,"retryReasons":[],"status":"passed","title":"creates a temporary file"},{"ancestorTitles":["runElevated"],"duration":0,"failureDetails":[],"failureMessages":[],"fullName":"runElevated writes a function to the temp file","invocations":1,"location":null,"numPassingAsserts":1,"retryReasons":[],"status":"passed","title":"writes a function to the temp file"},{"ancestorTitles":["runElevated"],"duration":1,"failureDetails":[],"failureMessages":[],"fullName":"runElevated passes arguments","invocations":1,"location":null,"numPassingAsserts":1,"retryReasons":[],"status":"passed","title":"passes arguments"},{"ancestorTitles":["runElevated"],"duration":0,"failureDetails":[],"failureMessages":[],"fullName":"runElevated handles tmp file errors","invocations":1,"location":null,"numPassingAsserts":1,"retryReasons":[],"status":"passed","title":"handles tmp file errors"},{"ancestorTitles":["runElevated"],"duration":0,"failureDetails":[],"failureMessages":[],"fullName":"runElevated handles write errors","invocations":1,"location":null,"numPassingAsserts":1,"retryReasons":[],"status":"passed","title":"handles write errors"},{"ancestorTitles":["runElevated"],"duration":0,"failureDetails":[],"failureMessages":[],"fullName":"runElevated handles library errors","invocations":1,"location":null,"numPassingAsserts":0,"retryReasons":[],"status":"passed","title":"handles library errors"}],"endTime":1759283350780,"message":"","name":"/Users/veland/Downloads/vortex/__tests__/elevated.test.js","startTime":1759283349952,"status":"passed","summary":""},{"assertionResults":[{"ancestorTitles":["addLocalDownload"],"duration":2,"failureDetails":[],"failureMessages":[],"fullName":"addLocalDownload creates the action","invocations":1,"location":null,"numPassingAsserts":1,"retryReasons":[],"status":"passed","title":"creates the action"},{"ancestorTitles":["downloadProgress"],"duration":0,"failureDetails":[],"failureMessages":[],"fullName":"downloadProgress creates the action","invocations":1,"location":null,"numPassingAsserts":1,"retryReasons":[],"status":"passed","title":"creates the action"},{"ancestorTitles":["finishDownload"],"duration":1,"failureDetails":[],"failureMessages":[],"fullName":"finishDownload creates the action","invocations":1,"location":null,"numPassingAsserts":1,"retryReasons":[],"status":"passed","title":"creates the action"},{"ancestorTitles":["initDownload"],"duration":1,"failureDetails":[],"failureMessages":[],"fullName":"initDownload creates the action","invocations":1,"location":null,"numPassingAsserts":1,"retryReasons":[],"status":"passed","title":"creates the action"},{"ancestorTitles":["pauseDownload"],"duration":0,"failureDetails":[],"failureMessages":[],"fullName":"pauseDownload creates the action","invocations":1,"location":null,"numPassingAsserts":1,"retryReasons":[],"status":"passed","title":"creates the action"},{"ancestorTitles":["removeDownload"],"duration":1,"failureDetails":[],"failureMessages":[],"fullName":"removeDownload creates the action","invocations":1,"location":null,"numPassingAsserts":1,"retryReasons":[],"status":"passed","title":"creates the action"},{"ancestorTitles":["setDownloadFilePath"],"duration":1,"failureDetails":[],"failureMessages":[],"fullName":"setDownloadFilePath creates the action","invocations":1,"location":null,"numPassingAsserts":1,"retryReasons":[],"status":"passed","title":"creates the action"},{"ancestorTitles":["setDownloadHash"],"duration":2,"failureDetails":[],"failureMessages":[],"fullName":"setDownloadHash creates the action","invocations":1,"location":null,"numPassingAsserts":1,"retryReasons":[],"status":"passed","title":"creates the action"},{"ancestorTitles":["setDownloadHashByFile"],"duration":6,"failureDetails":[],"failureMessages":[],"fullName":"setDownloadHashByFile creates the action","invocations":1,"location":null,"numPassingAsserts":1,"retryReasons":[],"status":"passed","title":"creates the action"},{"ancestorTitles":["setDownloadSpeed"],"duration":1,"failureDetails":[],"failureMessages":[],"fullName":"setDownloadSpeed creates the action","invocations":1,"location":null,"numPassingAsserts":1,"retryReasons":[],"status":"passed","title":"creates the action"},{"ancestorTitles":["startDownload"],"duration":0,"failureDetails":[],"failureMessages":[],"fullName":"startDownload creates the action","invocations":1,"location":null,"numPassingAsserts":1,"retryReasons":[],"status":"passed","title":"creates the action"}],"endTime":1759283351077,"message":"","name":"/Users/veland/Downloads/vortex/__tests__/actions.download_management.test.js","startTime":1759283350650,"status":"passed","summary":""},{"assertionResults":[{"ancestorTitles":["OAuth Fixes","PlaceholderTextArea"],"duration":22,"failureDetails":[],"failureMessages":[],"fullName":"OAuth Fixes PlaceholderTextArea should handle undefined value without warnings","invocations":1,"location":null,"numPassingAsserts":1,"retryReasons":[],"status":"passed","title":"should handle undefined value without warnings"},{"ancestorTitles":["OAuth Fixes","PlaceholderTextArea"],"duration":6,"failureDetails":[],"failureMessages":[],"fullName":"OAuth Fixes PlaceholderTextArea should update internal state when value prop changes","invocations":1,"location":null,"numPassingAsserts":1,"retryReasons":[],"status":"passed","title":"should update internal state when value prop changes"},{"ancestorTitles":["OAuth Fixes","CopyClipboardInput"],"duration":2,"failureDetails":[],"failureMessages":[],"fullName":"OAuth Fixes CopyClipboardInput should handle undefined inputValue without warnings","invocations":1,"location":null,"numPassingAsserts":1,"retryReasons":[],"status":"passed","title":"should handle undefined inputValue without warnings"},{"ancestorTitles":["OAuth Fixes","CopyClipboardInput"],"duration":2,"failureDetails":[],"failureMessages":[],"fullName":"OAuth Fixes CopyClipboardInput should display empty string when inputValue is undefined","invocations":1,"location":null,"numPassingAsserts":1,"retryReasons":[],"status":"passed","title":"should display empty string when inputValue is undefined"}],"endTime":1759283351234,"message":"","name":"/Users/veland/Downloads/vortex/__tests__/oauthFixes.test.js","startTime":1759283349655,"status":"passed","summary":""},{"assertionResults":[{"ancestorTitles":["node-7z-macos","SevenZip"],"duration":2,"failureDetails":[],"failureMessages":[],"fullName":"node-7z-macos SevenZip should create SevenZip instance with default 7z command","invocations":1,"location":null,"numPassingAsserts":1,"retryReasons":[],"status":"passed","title":"should create SevenZip instance with default 7z command"},{"ancestorTitles":["node-7z-macos","SevenZip"],"duration":0,"failureDetails":[],"failureMessages":[],"fullName":"node-7z-macos SevenZip should create SevenZip instance with custom 7z command","invocations":1,"location":null,"numPassingAsserts":1,"retryReasons":[],"status":"passed","title":"should create SevenZip instance with custom 7z command"},{"ancestorTitles":["node-7z-macos","extractFull"],"duration":3,"failureDetails":[],"failureMessages":[],"fullName":"node-7z-macos extractFull should emit data and end events","invocations":1,"location":null,"numPassingAsserts":4,"retryReasons":[],"status":"passed","title":"should emit data and end events"},{"ancestorTitles":["node-7z-macos","list"],"duration":0,"failureDetails":[],"failureMessages":[],"fullName":"node-7z-macos list should emit data and end events","invocations":1,"location":null,"numPassingAsserts":4,"retryReasons":[],"status":"passed","title":"should emit data and end events"},{"ancestorTitles":["node-7z-macos","add"],"duration":0,"failureDetails":[],"failureMessages":[],"fullName":"node-7z-macos add should emit data and end events","invocations":1,"location":null,"numPassingAsserts":4,"retryReasons":[],"status":"passed","title":"should emit data and end events"}],"endTime":1759283351471,"message":"","name":"/Users/veland/Downloads/vortex/scripts/__tests__/node-7z-macos.test.js","startTime":1759283351035,"status":"passed","summary":""},{"assertionResults":[{"ancestorTitles":["getDriveList macOS"],"duration":33,"failureDetails":[],"failureMessages":[],"fullName":"getDriveList macOS includes root / and directories under /Volumes","invocations":1,"location":null,"numPassingAsserts":3,"retryReasons":[],"status":"passed","title":"includes root / and directories under /Volumes"},{"ancestorTitles":["getDriveList macOS"],"duration":1,"failureDetails":[],"failureMessages":[],"fullName":"getDriveList macOS falls back gracefully when /Volumes unreadable and still returns [/]","invocations":1,"location":null,"numPassingAsserts":2,"retryReasons":[],"status":"passed","title":"falls back gracefully when /Volumes unreadable and still return
[...]
s":1,"retryReasons":[],"status":"passed","title":"should handle undefined modId gracefully"},{"ancestorTitles":["UpdateSet","Edge Cases"],"duration":0,"failureDetails":[],"failureMessages":[],"fullName":"UpdateSet Edge Cases should not add duplicate entries","invocations":1,"location":null,"numPassingAsserts":1,"retryReasons":[],"status":"passed","title":"should not add duplicate entries"}],"endTime":1759283358599,"message":"","name":"/Users/veland/Downloads/vortex/__tests__/fblo.updateset.test.js","startTime":1759283340428,"status":"passed","summary":""},{"assertionResults":[{"ancestorTitles":["GamePicker Virtualization"],"duration":49,"failureDetails":[{}],"failureMessages":["TypeError: Cannot read properties of null (reading 'appendChild')\n    at installIconSet (/Users/veland/Downloads/vortex/src/controls/Icon.tsx:35:39)\n    at Object.loadSet [as getSet] (/Users/veland/Downloads/vortex/src/controls/Icon.tsx:112:29)\n    at Icon.setIcon (/Users/veland/Downloads/vortex/src/controls/Icon.base.tsx:148:11)\n    at Icon.componentDidMount (/Users/veland/Downloads/vortex/src/controls/Icon.base.tsx:58:10)\n    at commitLifeCycles (/Users/veland/Downloads/vortex/node_modules/react-dom/cjs/react-dom.development.js:19814:22)\n    at commitLayoutEffects (/Users/veland/Downloads/vortex/node_modules/react-dom/cjs/react-dom.development.js:22803:7)\n    at HTMLUnknownElement.callCallback (/Users/veland/Downloads/vortex/node_modules/react-dom/cjs/react-dom.development.js:188:14)\n    at HTMLUnknownElement.callTheUserObjectsOperation (/Users/veland/Downloads/vortex/node_modules/jsdom/lib/jsdom/living/generated/EventListener.js:26:30)\n    at innerInvokeEventListeners (/Users/veland/Downloads/vortex/node_modules/jsdom/lib/jsdom/living/events/EventTarget-impl.js:350:25)\n    at invokeEventListeners (/Users/veland/Downloads/vortex/node_modules/jsdom/lib/jsdom/living/events/EventTarget-impl.js:286:3)\n    at HTMLUnknownElementImpl._dispatch (/Users/veland/Downloads/vortex/node_modules/jsdom/lib/jsdom/living/events/EventTarget-impl.js:233:9)\n    at HTMLUnknownElementImpl.dispatchEvent (/Users/veland/Downloads/vortex/node_modules/jsdom/lib/jsdom/living/events/EventTarget-impl.js:104:17)\n    at HTMLUnknownElement.dispatchEvent (/Users/veland/Downloads/vortex/node_modules/jsdom/lib/jsdom/living/generated/EventTarget.js:241:34)\n    at Object.invokeGuardedCallbackDev (/Users/veland/Downloads/vortex/node_modules/react-dom/cjs/react-dom.development.js:237:16)\n    at invokeGuardedCallback (/Users/veland/Downloads/vortex/node_modules/react-dom/cjs/react-dom.development.js:292:31)\n    at commitRootImpl (/Users/veland/Downloads/vortex/node_modules/react-dom/cjs/react-dom.development.js:22541:9)\n    at unstable_runWithPriority (/Users/veland/Downloads/vortex/node_modules/scheduler/cjs/scheduler.development.js:653:12)\n    at runWithPriority$1 (/Users/veland/Downloads/vortex/node_modules/react-dom/cjs/react-dom.development.js:11039:10)\n    at commitRoot (/Users/veland/Downloads/vortex/node_modules/react-dom/cjs/react-dom.development.js:22381:3)\n    at finishSyncRender (/Users/veland/Downloads/vortex/node_modules/react-dom/cjs/react-dom.development.js:21807:3)\n    at performSyncWorkOnRoot (/Users/veland/Downloads/vortex/node_modules/react-dom/cjs/react-dom.development.js:21793:7)\n    at scheduleUpdateOnFiber (/Users/veland/Downloads/vortex/node_modules/react-dom/cjs/react-dom.development.js:21188:7)\n    at updateContainer (/Users/veland/Downloads/vortex/node_modules/react-dom/cjs/react-dom.development.js:24373:3)\n    at /Users/veland/Downloads/vortex/node_modules/react-dom/cjs/react-dom.development.js:24758:7\n    at unbatchedUpdates (/Users/veland/Downloads/vortex/node_modules/react-dom/cjs/react-dom.development.js:21903:12)\n    at legacyRenderSubtreeIntoContainer (/Users/veland/Downloads/vortex/node_modules/react-dom/cjs/react-dom.development.js:24757:5)\n    at Object.render (/Users/veland/Downloads/vortex/node_modules/react-dom/cjs/react-dom.development.js:24840:10)\n    at /Users/veland/Downloads/vortex/src/extensions/gamemode_management/views/__tests__/GamePicker.virtualization.test.tsx:272:16\n    at batchedUpdates$1 (/Users/veland/Downloads/vortex/node_modules/react-dom/cjs/react-dom.development.js:21856:12)\n    at act (/Users/veland/Downloads/vortex/node_modules/react-dom/cjs/react-dom-test-utils.development.js:929:14)\n    at Object.<anonymous> (/Users/veland/Downloads/vortex/src/extensions/gamemode_management/views/__tests__/GamePicker.virtualization.test.tsx:271:8)\n    at Promise.then.completed (/Users/veland/Downloads/vortex/node_modules/jest-circus/build/utils.js:298:28)\n    at new Promise (<anonymous>)\n    at callAsyncCircusFn (/Users/veland/Downloads/vortex/node_modules/jest-circus/build/utils.js:231:10)\n    at _callCircusTest (/Users/veland/Downloads/vortex/node_modules/jest-circus/build/run.js:316:40)\n    at processTicksAndRejections (node:internal/process/task_queues:95:5)\n    at _runTest (/Users/veland/Downloads/vortex/node_modules/jest-circus/build/run.js:252:3)\n    at _runTestsForDescribeBlock (/Users/veland/Downloads/vortex/node_modules/jest-circus/build/run.js:126:9)\n    at _runTestsForDescribeBlock (/Users/veland/Downloads/vortex/node_modules/jest-circus/build/run.js:121:9)\n    at run (/Users/veland/Downloads/vortex/node_modules/jest-circus/build/run.js:71:3)\n    at runAndTransformResultsToJestFormat (/Users/veland/Downloads/vortex/node_modules/jest-circus/build/legacy-code-todo-rewrite/jestAdapterInit.js:122:21)\n    at jestAdapter (/Users/veland/Downloads/vortex/node_modules/jest-circus/build/legacy-code-todo-rewrite/jestAdapter.js:79:19)\n    at runTestInternal (/Users/veland/Downloads/vortex/node_modules/jest-runner/build/runTest.js:367:16)\n    at runTest (/Users/veland/Downloads/vortex/node_modules/jest-runner/build/runTest.js:444:34)\n    at Object.worker (/Users/veland/Downloads/vortex/node_modules/jest-runner/build/testWorker.js:106:12)"],"fullName":"GamePicker Virtualization should render virtualized list for large game collections","invocations":1,"location":null,"numPassingAsserts":0,"retryReasons":[],"status":"failed","title":"should render virtualized list for large game collections"},{"ancestorTitles":["GamePicker Virtualization"],"duration":16,"failureDetails":[],"failureMessages":[],"fullName":"GamePicker Virtualization should render standard list for small game collections","invocations":1,"location":null,"numPassingAsserts":2,"retryReasons":[],"status":"passed","title":"should render standard list for small game collections"},{"ancestorTitles":["GamePicker Virtualization"],"duration":11,"failureDetails":[{"matcherResult":{"message":"\u001b[2mexpect(\u001b[22m\u001b[31mreceived\u001b[39m\u001b[2m).\u001b[22mnot\u001b[2m.\u001b[22mtoBeNull\u001b[2m()\u001b[22m\n\nReceived: \u001b[31mnull\u001b[39m","pass":true}}],"failureMessages":["Error: \u001b[2mexpect(\u001b[22m\u001b[31mreceived\u001b[39m\u001b[2m).\u001b[22mnot\u001b[2m.\u001b[22mtoBeNull\u001b[2m()\u001b[22m\n\nReceived: \u001b[31mnull\u001b[39m\n    at Object.<anonymous> (/Users/veland/Downloads/vortex/src/extensions/gamemode_management/views/__tests__/GamePicker.virtualization.test.tsx:347:68)\n    at Promise.then.completed (/Users/veland/Downloads/vortex/node_modules/jest-circus/build/utils.js:298:28)\n    at new Promise (<anonymous>)\n    at callAsyncCircusFn (/Users/veland/Downloads/vortex/node_modules/jest-circus/build/utils.js:231:10)\n    at _callCircusTest (/Users/veland/Downloads/vortex/node_modules/jest-circus/build/run.js:316:40)\n    at processTicksAndRejections (node:internal/process/task_queues:95:5)\n    at _runTest (/Users/veland/Downloads/vortex/node_modules/jest-circus/build/run.js:252:3)\n    at _runTestsForDescribeBlock (/Users/veland/Downloads/vortex/node_modules/jest-circus/build/run.js:126:9)\n    at _runTestsForDescribeBlock (/Users/veland/Downloads/vortex/node_modules/jest-circus/build/run.js:121:9)\n    at run (/Users/veland/Downloads/vortex/node_modules/jest-circus/build/run.js:71:3)\n    at runAndTransformResultsToJestFormat (/Users/veland/Downloads/vortex/node_modules/jest-circus/build/legacy-code-todo-rewrite/jestAdapterInit.js:122:21)\n    at jestAdapter (/Users/veland/Downloads/vortex/node_modules/jest-circus/build/legacy-code-todo-rewrite/jestAdapter.js:79:19)\n    at runTestInternal (/Users/veland/Downloads/vortex/node_modules/jest-runner/build/runTest.js:367:16)\n    at runTest (/Users/veland/Downloads/vortex/node_modules/jest-runner/build/runTest.js:444:34)\n    at Object.worker (/Users/veland/Downloads/vortex/node_modules/jest-runner/build/testWorker.js:106:12)"],"fullName":"GamePicker Virtualization should maintain performance with large game collections","invocations":1,"location":null,"numPassingAsserts":1,"retryReasons":[],"status":"failed","title":"should maintain performance with large game collections"}],"endTime":1759283358987,"message":"\u001b[1m\u001b[31m  \u001b[1m● \u001b[22m\u001b[1mGamePicker Virtualization › should render virtualized list for large game collections\u001b[39m\u001b[22m\n\n    TypeError: Cannot read properties of null (reading 'appendChild')\n\u001b[2m\u001b[22m\n\u001b[2m    \u001b[0m \u001b[90m 33 |\u001b[39m   \u001b[36mconst\u001b[39m newset \u001b[33m=\u001b[39m document\u001b[33m.\u001b[39mcreateElement(\u001b[32m'div'\u001b[39m)\u001b[33m;\u001b[39m\u001b[22m\n\u001b[2m     \u001b[90m 34 |\u001b[39m   newset\u001b[33m.\u001b[39mid \u001b[33m=\u001b[39m \u001b[32m'iconset-'\u001b[39m \u001b[33m+\u001b[39m \u001b[36mset\u001b[39m\u001b[33m;\u001b[39m\u001b[22m\n\u001b[2m    \u001b[31m\u001b[1m>\u001b[22m\u001b[2m\u001b[39m\u001b[90m 35 |\u001b[39m   document\u001b[33m.\u001b[39mgetElementById(\u001b[32m'icon-sets'\u001b[39m)\u001b[33m.\u001b[39mappendChild(newset)\u001b[33m;\u001b[39m\u001b[22m\n\u001b[2m     \u001b[90m    |\u001b[39m                                       \u001b[31m\u001b[1m^\u001b[22m\u001b[2m\u001b[39m\u001b[22m\n\u001b[2m     \u001b[90m 36 |\u001b[39m   log(\u001b[32m'info'\u001b[39m\u001b[33m,\u001b[39m \u001b[32m'read font'\u001b[39m\u001b[33m,\u001b[39m setPath)\u001b[33m;\u001b[39m\u001b[22m\n\u001b[2m     \u001b[90m 37 |\u001b[39m   \u001b[36mreturn\u001b[39m \u001b[36mnew\u001b[39m \u001b[33mPromise\u001b[39m((resolve\u001b[33m,\u001b[39m reject) \u001b[33m=>\u001b[39m {\u001b[22m\n\u001b[2m     \u001b[90m 38 |\u001b[39m     fs\u001b[33m.\u001b[39mreadFile(setPath\u001b[33m,\u001b[39m {}\u001b[33m,\u001b[39m (err\u001b[33m,\u001b[39m data) \u001b[33m=>\u001b[39m {\u001b[0m\u001b[22m\n\u001b[2m\u001b[22m\n\u001b[2m      \u001b[2mat installIconSet (\u001b[22m\u001b[2msrc/controls/Icon.tsx\u001b[2m:35:39)\u001b[22m\u001b[2m\u001b[22m\n\u001b[2m      \u001b[2mat Object.loadSet [as getSet] (\u001b[22m\u001b[2msrc/controls/Icon.tsx\u001b[2m:112:29)\u001b[22m\u001b[2m\u001b[22m\n\u001b[2m      \u001b[2mat Icon.setIcon (\u001b[22m\u001b[2msrc/controls/Icon.base.tsx\u001b[2m:148:11)\u001b[22m\u001b[2m\u001b[22m\n\u001b[2m      \u001b[2mat Icon.componentDidMount (\u001b[22m\u001b[2msrc/controls/Icon.base.tsx\u001b[2m:58:10)\u001b[22m\u001b[2m\u001b[22m\n\u001b[2m      \u001b[2mat commitLifeCycles (\u001b[22m\u001b[2mnode_modules/react-dom/cjs/react-dom.development.js\u001b[2m:19814:22)\u001b[22m\u001b[2m\u001b[22m\n\u001b[2m      \u001b[2mat commitLayoutEffects (\u001b[22m\u001b[2mnode_modules/react-dom/cjs/react-dom.development.js\u001b[2m:22803:7)\u001b[22m\u001b[2m\u001b[22m\n\u001b[2m      \u001b[2mat HTMLUnknownElement.callCallback (\u001b[22m\u001b[2mnode_modules/react-dom/cjs/react-dom.development.js\u001b[2m:188:14)\u001b[22m\u001b[2m\u001b[22m\n\u001b[2m      \u001b[2mat HTMLUnknownElement.callTheUserObjectsOperation (\u001b[22m\u001b[2mnode_modules/jsdom/lib/jsdom/living/generated/EventListener.js\u001b[2m:26:30)\u001b[22m\u001b[2m\u001b[22m\n\u001b[2m      \u001b[2mat innerInvokeEventListeners (\u001b[22m\u001b[2mnode_modules/jsdom/lib/jsdom/living/events/EventTarget-impl.js\u001b[2m:350:25)\u001b[22m\u001b[2m\u001b[22m\n\u001b[2m      \u001b[2mat invokeEventListeners (\u001b[22m\u001b[2mnode_modules/jsdom/lib/jsdom/living/events/EventTarget-impl.js\u001b[2m:286:3)\u001b[22m\u001b[2m\u001b[22m\n\u001b[2m      \u001b[2mat HTMLUnknownElementImpl._dispatch (\u001b[22m\u001b[2mnode_modules/jsdom/lib/jsdom/living/events/EventTarget-impl.js\u001b[2m:233:9)\u001b[22m\u001b[2m\u001b[22m\n\u001b[2m      \u001b[2mat HTMLUnknownElementImpl.dispatchEvent (\u001b[22m\u001b[2mnode_modules/jsdom/lib/jsdom/living/events/EventTarget-impl.js\u001b[2m:104:17)\u001b[22m\u001b[2m\u001b[22m\n\u001b[2m      \u001b[2mat HTMLUnknownElement.dispatchEvent (\u001b[22m\u001b[2mnode_modules/jsdom/lib/jsdom/living/generated/EventTarget.js\u001b[2m:241:34)\u001b[22m\u001b[2m\u001b[22m\n\u001b[2m      \u001b[2mat Object.invokeGuardedCallbackDev (\u001b[22m\u001b[2mnode_modules/react-dom/cjs/react-dom.development.js\u001b[2m:237:16)\u001b[22m\u001b[2m\u001b[22m\n\u001b[2m      \u001b[2mat invokeGuardedCallback (\u001b[22m\u001b[2mnode_modules/react-dom/cjs/react-dom.development.js\u001b[2m:292:31)\u001b[22m\u001b[2m\u001b[22m\n\u001b[2m      \u001b[2mat commitRootImpl (\u001b[22m\u001b[2mnode_modules/react-dom/cjs/react-dom.development.js\u001b[2m:22541:9)\u001b[22m\u001b[2m\u001b[22m\n\u001b[2m      \u001b[2mat unstable_runWithPriority (\u001b[22m\u001b[2mnode_modules/scheduler/cjs/scheduler.development.js\u001b[2m:653:12)\u001b[22m\u001b[2m\u001b[22m\n\u001b[2m      \u001b[2mat runWithPriority$1 (\u001b[22m\u001b[2mnode_modules/react-dom/cjs/react-dom.development.js\u001b[2m:11039:10)\u001b[22m\u001b[2m\u001b[22m\n\u001b[2m      \u001b[2mat commitRoot (\u001b[22m\u001b[2mnode_modules/react-dom/cjs/react-dom.development.js\u001b[2m:22381:3)\u001b[22m\u001b[2m\u001b[22m\n\u001b[2m      \u001b[2mat finishSyncRender (\u001b[22m\u001b[2mnode_modules/react-dom/cjs/react-dom.development.js\u001b[2m:21807:3)\u001b[22m\u001b[2m\u001b[22m\n\u001b[2m      \u001b[2mat performSyncWorkOnRoot (\u001b[22m\u001b[2mnode_modules/react-dom/cjs/react-dom.development.js\u001b[2m:21793:7)\u001b[22m\u001b[2m\u001b[22m\n\u001b[2m      \u001b[2mat scheduleUpdateOnFiber (\u001b[22m\u001b[2mnode_modules/react-dom/cjs/react-dom.development.js\u001b[2m:21188:7)\u001b[22m\u001b[2m\u001b[22m\n\u001b[2m      \u001b[2mat updateContainer (\u001b[22m\u001b[2mnode_modules/react-dom/cjs/react-dom.development.js\u001b[2m:24373:3)\u001b[22m\u001b[2m\u001b[22m\n\u001b[2m      \u001b[2mat \u001b[22m\u001b[2mnode_modules/react-dom/cjs/react-dom.development.js\u001b[2m:24758:7\u001b[22m\u001b[2m\u001b[22m\n\u001b[2m      \u001b[2mat unbatchedUpdates (\u001b[22m\u001b[2mnode_modules/react-dom/cjs/react-dom.development.js\u001b[2m:21903:12)\u001b[22m\u001b[2m\u001b[22m\n\u001b[2m      \u001b[2mat legacyRenderSubtreeIntoContainer (\u001b[22m\u001b[2mnode_modules/react-dom/cjs/react-dom.development.js\u001b[2m:24757:5)\u001b[22m\u001b[2m\u001b[22m\n\u001b[2m      \u001b[2mat Object.render (\u001b[22m\u001b[2mnode_modules/react-dom/cjs/react-dom.development.js\u001b[2m:24840:10)\u001b[22m\u001b[2m\u001b[22m\n\u001b[2m      \u001b[2mat \u001b[22m\u001b[2m\u001b[0m\u001b[36msrc/extensions/gamemode_management/views/__tests__/GamePicker.virtualization.test.tsx\u001b[39m\u001b[0m\u001b[2m:272:16\u001b[22m\u001b[2m\u001b[22m\n\u001b[2m      \u001b[2mat batchedUpdates$1 (\u001b[22m\u001b[2mnode_modules/react-dom/cjs/react-dom.development.js\u001b[2m:21856:12)\u001b[22m\u001b[2m\u001b[22m\n\u001b[2m      \u001b[2mat act (\u001b[22m\u001b[2mnode_modules/react-dom/cjs/react-dom-test-utils.development.js\u001b[2m:929:14)\u001b[22m\u001b[2m\u001b[22m\n\u001b[2m      \u001b[2mat Object.<anonymous> (\u001b[22m\u001b[2m\u001b[0m\u001b[36msrc/extensions/gamemode_management/views/__tests__/GamePicker.virtualization.test.tsx\u001b[39m\u001b[0m\u001b[2m:271:8)\u001b[22m\u001b[2m\u001b[22m\n\n\u001b[1m\u001b[31m  \u001b[1m● \u001b[22m\u001b[1mGamePicker Virtualization › should maintain performance with large game collections\u001b[39m\u001b[22m\n\n    \u001b[2mexpect(\u001b[22m\u001b[31mreceived\u001b[39m\u001b[2m).\u001b[22mnot\u001b[2m.\u001b[22mtoBeNull\u001b[2m()\u001b[22m\n\n    Received: \u001b[31mnull\u001b[39m\n\u001b[2m\u001b[22m\n\u001b[2m    \u001b[0m \u001b[90m 345 |\u001b[39m     \u001b[22m\n\u001b[2m     \u001b[90m 346 |\u001b[39m     \u001b[90m// Verify virtualized list is used\u001b[39m\u001b[22m\n\u001b[2m    \u001b[31m\u001b[1m>\u001b[22m\u001b[2m\u001b[39m\u001b[90m 347 |\u001b[39m     expect(container\u001b[33m.\u001b[39mquerySelector(\u001b[32m'.ReactVirtualized__List'\u001b[39m))\u001b[33m.\u001b[39mnot\u001b[33m.\u001b[39mtoBeNull()\u001b[33m;\u001b[39m\u001b[22m\n\u001b[2m     \u001b[90m     |\u001b[39m                                                                    \u001b[31m\u001b[1m^\u001b[22m\u001b[2m\u001b[39m\u001b[22m\n\u001b[2m     \u001b[90m 348 |\u001b[39m     \u001b[22m\n\u001b[2m     \u001b[90m 349 |\u001b[39m     \u001b[90m// Performance check - rendering 5000 games should take less than 100ms\u001b[39m\u001b[22m\n\u001b[2m     \u001b[90m 350 |\u001b[39m     \u001b[90m// This is a rough check to ensure virtualization is working\u001b[39m\u001b[0m\u001b[22m\n\u001b[2m\u001b[22m\n\u001b[2m      \u001b[2mat Object.<anonymous> (\u001b[22m\u001b[2m\u001b[0m\u001b[36msrc/extensions/gamemode_management/views/__tests__/GamePicker.virtualization.test.tsx\u001b[39m\u001b[0m\u001b[2m:347:68)\u001b[22m\u001b[2m\u001b[22m\n","name":"/Users/veland/Downloads/vortex/src/extensions/gamemode_management/views/__tests__/GamePicker.virtualization.test.tsx","startTime":1759283340354,"status":"failed","summary":""},{"assertionResults":[{"ancestorTitles":[],"duration":4,"failureDetails":[],"failureMessages":[],"fullName":"has no modals","invocations":1,"location":null,"numPassingAsserts":1,"retryReasons":[],"status":"passed","title":"has no modals"}],"endTime":1759283362488,"message":"","name":"/Users/veland/Downloads/vortex/__tests__/MainWindow.test.jsx","startTime":1759283355215,"status":"passed","summary":""},{"assertionResults":[{"ancestorTitles":["ExtensionManager dynamic loading"],"duration":23740,"failureDetails":[],"failureMessages":[],"fullName":"ExtensionManager dynamic loading loads dynamic extensions from user and bundled paths and skips disabled ones","invocations":1,"location":null,"numPassingAsserts":8,"retryReasons":[],"status":"passed","title":"loads dynamic extensions from user and bundled paths and skips disabled ones"},{"ancestorTitles":["ExtensionManager dynamic loading"],"duration":241,"failureDetails":[],"failureMessages":[],"fullName":"ExtensionManager dynamic loading prefers user extension over bundled duplicate but flags outdated when bundled is newer or equal","invocations":1,"location":null,"numPassingAsserts":3,"retryReasons":[],"status":"passed","title":"prefers user extension over bundled duplicate but flags outdated when bundled is newer or equal"},{"ancestorTitles":["ExtensionManager dynamic loading"],"duration":212,"failureDetails":[],"failureMessages":[],"fullName":"ExtensionManager dynamic loading deduplicates within the same directory by keeping the newer version and marking the older outdated","invocations":1,"location":null,"numPassingAsserts":3,"retryReasons":[],"status":"passed","title":"deduplicates within the same directory by keeping the newer version and marking the older outdated"},{"ancestorTitles":["ExtensionManager dynamic loading"],"duration":241,"failureDetails":[],"failureMessages":[],"fullName":"ExtensionManager dynamic loading loads extension without info.json using the folder name as id","invocations":1,"location":null,"numPassingAsserts":2,"retryReasons":[],"status":"passed","title":"loads extension without info.json using the folder name as id"}],"endTime":1759283366243,"message":"","name":"/Users/veland/Downloads/vortex/__tests__/ExtensionManager.dynamicLoading.test.js","startTime":1759283340355,"status":"passed","summary":""}],"wasInterrupted":false}
