{"numFailedTestSuites":2,"numFailedTests":1,"numPassedTestSuites":73,"numPassedTests":440,"numPendingTestSuites":0,"numPendingTests":0,"numRuntimeErrorTestSuites":1,"numTodoTests":0,"numTotalTestSuites":75,"numTotalTests":441,"openHandles":[],"snapshot":{"added":0,"didUpdate":false,"failure":false,"filesAdded":0,"filesRemoved":0,"filesRemovedList":[],"filesUnmatched":0,"filesUpdated":0,"matched":0,"total":0,"unchecked":0,"uncheckedKeysByFile":[],"unmatched":0,"updated":0},"startTime":1759570511349,"success":false,"testResults":[{"assertionResults":[{"ancestorTitles":["macVirtualization","getCrossoverPaths"],"duration":3,"failureDetails":[],"failureMessages":[],"fullName":"macVirtualization getCrossoverPaths should return empty array when HOME is not set","invocations":1,"location":null,"numPassingAsserts":1,"retryReasons":[],"status":"passed","title":"should return empty array when HOME is not set"},{"ancestorTitles":["macVirtualization","getCrossoverPaths"],"duration":1,"failureDetails":[],"failureMessages":[],"fullName":"macVirtualization getCrossoverPaths should check for Crossover installation and return bottle paths","invocations":1,"location":null,"numPassingAsserts":4,"retryReasons":[],"status":"passed","title":"should check for Crossover installation and return bottle paths"},{"ancestorTitles":["macVirtualization","getCrossoverPaths"],"duration":0,"failureDetails":[],"failureMessages":[],"fullName":"macVirtualization getCrossoverPaths should return empty array when Crossover is not installed","invocations":1,"location":null,"numPassingAsserts":1,"retryReasons":[],"status":"passed","title":"should return empty array when Crossover is not installed"},{"ancestorTitles":["macVirtualization","getParallelsPaths"],"duration":0,"failureDetails":[],"failureMessages":[],"fullName":"macVirtualization getParallelsPaths should return empty array when HOME is not set","invocations":1,"location":null,"numPassingAsserts":1,"retryReasons":[],"status":"passed","title":"should return empty array when HOME is not set"},{"ancestorTitles":["macVirtualization","getParallelsPaths"],"duration":1,"failureDetails":[],"failureMessages":[],"fullName":"macVirtualization getParallelsPaths should check for Parallels installation and return VM paths","invocations":1,"location":null,"numPassingAsserts":4,"retryReasons":[],"status":"passed","title":"should check for Parallels installation and return VM paths"},{"ancestorTitles":["macVirtualization","getParallelsPaths"],"duration":0,"failureDetails":[],"failureMessages":[],"fullName":"macVirtualization getParallelsPaths should return empty array when Parallels is not installed","invocations":1,"location":null,"numPassingAsserts":1,"retryReasons":[],"status":"passed","title":"should return empty array when Parallels is not installed"},{"ancestorTitles":["macVirtualization","getVMwarePaths"],"duration":0,"failureDetails":[],"failureMessages":[],"fullName":"macVirtualization getVMwarePaths should return empty array when HOME is not set","invocations":1,"location":null,"numPassingAsserts":1,"retryReasons":[],"status":"passed","title":"should return empty array when HOME is not set"},{"ancestorTitles":["macVirtualization","getVMwarePaths"],"duration":26,"failureDetails":[],"failureMessages":[],"fullName":"macVirtualization getVMwarePaths should check for VMware Fusion installation and return VM paths","invocations":1,"location":null,"numPassingAsserts":4,"retryReasons":[],"status":"passed","title":"should check for VMware Fusion installation and return VM paths"},{"ancestorTitles":["macVirtualization","getVMwarePaths"],"duration":0,"failureDetails":[],"failureMessages":[],"fullName":"macVirtualization getVMwarePaths should check legacy VMware paths","invocations":1,"location":null,"numPassingAsserts":1,"retryReasons":[],"status":"passed","title":"should check legacy VMware paths"},{"ancestorTitles":["macVirtualization","getVMwarePaths"],"duration":1,"failureDetails":[],"failureMessages":[],"fullName":"macVirtualization getVMwarePaths should return empty array when VMware Fusion is not installed","invocations":1,"location":null,"numPassingAsserts":1,"retryReasons":[],"status":"passed","title":"should return empty array when VMware Fusion is not installed"},{"ancestorTitles":["macVirtualization","getVirtualBoxPaths"],"duration":0,"failureDetails":[],"failureMessages":[],"fullName":"macVirtualization getVirtualBoxPaths should return empty array when HOME is not set","invocations":1,"location":null,"numPassingAsserts":1,"retryReasons":[],"status":"passed","title":"should return empty array when HOME is not set"},{"ancestorTitles":["macVirtualization","getVirtualBoxPaths"],"duration":0,"failureDetails":[],"failureMessages":[],"fullName":"macVirtualization getVirtualBoxPaths should check for VirtualBox installation and return VM paths","invocations":1,"location":null,"numPassingAsserts":4,"retryReasons":[],"status":"passed","title":"should check for VirtualBox installation and return VM paths"},{"ancestorTitles":["macVirtualization","getVirtualBoxPaths"],"duration":1,"failureDetails":[],"failureMessages":[],"fullName":"macVirtualization getVirtualBoxPaths should return empty array when VirtualBox is not installed","invocations":1,"location":null,"numPassingAsserts":1,"retryReasons":[],"status":"passed","title":"should return empty array when VirtualBox is not installed"},{"ancestorTitles":["macVirtualization","getAllWindowsDrivePaths"],"duration":0,"failureDetails":[],"failureMessages":[],"fullName":"macVirtualization getAllWindowsDrivePaths should return standard paths and virtualization paths","invocations":1,"location":null,"numPassingAsserts":8,"retryReasons":[],"status":"passed","title":"should return standard paths and virtualization paths"}],"endTime":1759570518443,"message":"","name":"/Users/veland/Downloads/vortex/__tests__/util.macVirtualization.test.js","startTime":1759570512013,"status":"passed","summary":""},{"assertionResults":[{"ancestorTitles":["UbisoftLauncher","findMacOSUbisoftPath"],"duration":41,"failureDetails":[],"failureMessages":[],"fullName":"UbisoftLauncher findMacOSUbisoftPath should find Ubisoft Connect in standard Applications directory","invocations":1,"location":null,"numPassingAsserts":1,"retryReasons":[],"status":"passed","title":"should find Ubisoft Connect in standard Applications directory"},{"ancestorTitles":["UbisoftLauncher","findMacOSUbisoftPath"],"duration":1,"failureDetails":[],"failureMessages":[],"fullName":"UbisoftLauncher findMacOSUbisoftPath should find Ubisoft Connect in user Applications directory","invocations":1,"location":null,"numPassingAsserts":1,"retryReasons":[],"status":"passed","title":"should find Ubisoft Connect in user Applications directory"},{"ancestorTitles":["UbisoftLauncher","findMacOSUbisoftPath"],"duration":0,"failureDetails":[],"failureMessages":[],"fullName":"UbisoftLauncher findMacOSUbisoftPath should reject if Ubisoft Connect is not found","invocations":1,"location":null,"numPassingAsserts":1,"retryReasons":[],"status":"passed","title":"should reject if Ubisoft Connect is not found"},{"ancestorTitles":["UbisoftLauncher","launchGame"],"duration":1,"failureDetails":[],"failureMessages":[],"fullName":"UbisoftLauncher launchGame should launch a game using the ubisoft:// protocol","invocations":1,"location":null,"numPassingAsserts":1,"retryReasons":[],"status":"passed","title":"should launch a game using the ubisoft:// protocol"},{"ancestorTitles":["UbisoftLauncher","getGameEntriesMacOS"],"duration":0,"failureDetails":[],"failureMessages":[],"fullName":"UbisoftLauncher getGameEntriesMacOS should return empty array if Ubisoft data directory does not exist","invocations":1,"location":null,"numPassingAsserts":1,"retryReasons":[],"status":"passed","title":"should return empty array if Ubisoft data directory does not exist"},{"ancestorTitles":["UbisoftLauncher","getGameEntriesMacOS"],"duration":1,"failureDetails":[],"failureMessages":[],"fullName":"UbisoftLauncher getGameEntriesMacOS should return game entries when games are found","invocations":1,"location":null,"numPassingAsserts":3,"retryReasons":[],"status":"passed","title":"should return game entries when games are found"},{"ancestorTitles":["UbisoftLauncher","findGameInstallationPath"],"duration":0,"failureDetails":[],"failureMessages":[],"fullName":"UbisoftLauncher findGameInstallationPath should find game installation in common paths","invocations":1,"location":null,"numPassingAsserts":1,"retryReasons":[],"status":"passed","title":"should find game installation in common paths"},{"ancestorTitles":["UbisoftLauncher","findGameInstallationPath"],"duration":0,"failureDetails":[],"failureMessages":[],"fullName":"UbisoftLauncher findGameInstallationPath should return null if game installation is not found","invocations":1,"location":null,"numPassingAsserts":1,"retryReasons":[],"status":"passed","title":"should return null if game installation is not found"}],"endTime":1759570518549,"message":"","name":"/Users/veland/Downloads/vortex/extensions/gamestore-ubisoft/test/index.test.ts","startTime":1759570512008,"status":"passed","summary":""},{"assertionResults":[{"ancestorTitles":["objDiff"],"duration":3,"failureDetails":[],"failureMessages":[],"fullName":"objDiff finds added entries","invocations":1,"location":null,"numPassingAsserts":1,"retryReasons":[],"status":"passed","title":"finds added entries"},{"ancestorTitles":["objDiff"],"duration":0,"failureDetails":[],"failureMessages":[],"fullName":"objDiff finds removed entries","invocations":1,"location":null,"numPassingAsserts":1,"retryReasons":[],"status":"passed","title":"finds removed entries"},{"ancestorTitles":["objDiff"],"duration":0,"failureDetails":[],"failureMessages":[],"fullName":"objDiff finds changed entries","invocations":1,"location":null,"numPassingAsserts":1,"retryReasons":[],"status":"passed","title":"finds changed entries"},{"ancestorTitles":["objDiff"],"duration":0,"failureDetails":[],"failureMessages":[],"fullName":"objDiff supports nested","invocations":1,"location":null,"numPassingAsserts":1,"retryReasons":[],"status":"passed","title":"supports nested"},{"ancestorTitles":["objDiff"],"duration":1,"failureDetails":[],"failureMessages":[],"fullName":"objDiff supports difference in type","invocations":1,"location":null,"numPassingAsserts":2,"retryReasons":[],"status":"passed","title":"supports difference in type"},{"ancestorTitles":["objDiff"],"duration":0,"failureDetails":[],"failureMessages":[],"fullName":"objDiff doesn't fail if object has overloaded hasOwnProperty","invocations":1,"location":null,"numPassingAsserts":1,"retryReasons":[],"status":"passed","title":"doesn't fail if object has overloaded hasOwnProperty"},{"ancestorTitles":["isFilenameValid"],"duration":0,"failureDetails":[],"failureMessages":[],"fullName":"isFilenameValid reports invalid filenames","invocations":1,"location":null,"numPassingAsserts":2,"retryReasons":[],"status":"passed","title":"reports invalid filenames"},{"ancestorTitles":["isFilenameValid"],"duration":0,"failureDetails":[],"failureMessages":[],"fullName":"isFilenameValid allows valid names","invocations":1,"location":null,"numPassingAsserts":0,"retryReasons":[],"status":"passed","title":"allows valid names"},{"ancestorTitles":["isPathValid"],"duration":1,"failureDetails":[],"failureMessages":[],"fullName":"isPathValid reports invalid path","invocations":1,"location":null,"numPassingAsserts":4,"retryReasons":[],"status":"passed","title":"reports invalid path"},{"ancestorTitles":["isPathValid"],"duration":0,"failureDetails":[],"failureMessages":[],"fullName":"isPathValid allows valid names","invocations":1,"location":null,"numPassingAsserts":4,"retryReasons":[],"status":"passed","title":"allows valid names"},{"ancestorTitles":["isPathValid"],"duration":0,"failureDetails":[],"failureMessages":[],"fullName":"isPathValid can be set to allow relative paths","invocations":1,"location":null,"numPassingAsserts":1,"retryReasons":[],"status":"passed","title":"can be set to allow relative paths"},{"ancestorTitles":["isMajorUpgrade"],"duration":0,"failureDetails":[],"failureMessages":[],"fullName":"isMajorUpgrade detects major downgrade","invocations":1,"location":null,"numPassingAsserts":2,"retryReasons":[],"status":"passed","title":"detects major downgrade"},{"ancestorTitles":["isMajorUpgrade"],"duration":1,"failureDetails":[],"failureMessages":[],"fullName":"isMajorUpgrade detects minor downgrade","invocations":1,"location":null,"numPassingAsserts":2,"retryReasons":[],"status":"passed","title":"detects minor downgrade"},{"ancestorTitles":["isMajorUpgrade"],"duration":0,"failureDetails":[],"failureMessages":[],"fullName":"isMajorUpgrade doesn't report patch downgrade","invocations":1,"location":null,"numPassingAsserts":2,"retryReasons":[],"status":"passed","title":"doesn't report patch downgrade"},{"ancestorTitles":["isMajorUpgrade"],"duration":0,"failureDetails":[],"failureMessages":[],"fullName":"isMajorUpgrade doesn't report upgrade","invocations":1,"location":null,"numPassingAsserts":4,"retryReasons":[],"status":"passed","title":"doesn't report upgrade"},{"ancestorTitles":["unique"],"duration":0,"failureDetails":[],"failureMessages":[],"fullName":"unique removes duplicates, keeping the first item","invocations":1,"location":null,"numPassingAsserts":1,"retryReasons":[],"status":"passed","title":"removes duplicates, keeping the first item"},{"ancestorTitles":["sanitizeFilename"],"duration":0,"failureDetails":[],"failureMessages":[],"fullName":"sanitizeFilename sanitizes disallowed characters","invocations":1,"location":null,"numPassingAsserts":1,"retryReasons":[],"status":"passed","title":"sanitizes disallowed characters"},{"ancestorTitles":["sanitizeFilename"],"duration":0,"failureDetails":[],"failureMessages":[],"fullName":"sanitizeFilename sanitizes reserved names","invocations":1,"location":null,"numPassingAsserts":1,"retryReasons":[],"status":"passed","title":"sanitizes reserved names"},{"ancestorTitles":["sanitizeFilename"],"duration":0,"failureDetails":[],"failureMessages":[],"fullName":"sanitizeFilename sanitizes invalid trailing character","invocations":1,"location":null,"numPassingAsserts":1,"retryReasons":[],"status":"passed","title":"sanitizes invalid trailing character"},{"ancestorTitles":["nexusModsURL"],"duration":0,"failureDetails":[],"failureMessages":[],"fullName":"nexusModsURL creates basic urls","invocations":1,"location":null,"numPassingAsserts":1,"retryReasons":[],"status":"passed","title":"creates basic urls"},{"ancestorTitles":["nexusModsURL"],"duration":0,"failureDetails":[],"failureMessages":[],"fullName":"nexusModsURL supports different subdomains","invocations":1,"location":null,"numPassingAsserts":1,"retryReasons":[],"status":"passed","title":"supports different subdomains"},{"ancestorTitles":["nexusModsURL"],"duration":0,"failureDetails":[],"failureMessages":[],"fullName":"nexusModsURL supports tracking campaigns","invocations":1,"location":null,"numPassingAsserts":1,"retryReasons":[],"status":"passed","title":"supports tracking campaigns"},{"ancestorTitles":["nexusModsURL"],"duration":0,"failureDetails":[],"failureMessages":[],"fullName":"nexusModsURL supports additional parameters","invocations":1,"location":null,"numPassingAsserts":1,"retryReasons":[],"status":"passed","title":"supports additional parameters"}],"endTime":1759570518908,"message":"","name":"/Users/veland/Downloads/vortex/__tests__/util.test.js","startTime":1759570512010,"status":"passed","summary":""},{"assertionResults":[{"ancestorTitles":["getSafe"],"duration":45,"failureDetails":[],"failureMessages":[],"fullName":"getSafe returns the default if empty","invocations":1,"location":null,"numPassingAsserts":1,"retryReasons":[],"status":"passed","title":"returns the default if empty"},{"ancestorTitles":["getSafe"],"duration":2,"failureDetails":[],"failureMessages":[],"fullName":"getSafe returns the default if node missing","invocations":1,"location":null,"numPassingAsserts":1,"retryReasons":[],"status":"passed","title":"returns the default if node missing"},{"ancestorTitles":["getSafe"],"duration":0,"failureDetails":[],"failureMessages":[],"fullName":"getSafe returns the default if part of path is a value","invocations":1,"location":null,"numPassingAsserts":1,"retryReasons":[],"status":"passed","title":"returns the default if part of path is a value"},{"ancestorTitles":["getSafe"],"duration":1,"failureDetails":[],"failureMessages":[],"fullName":"getSafe returns the value if path is valid","invocations":1,"location":null,"numPassingAsserts":1,"retryReasons":[],"status":"passed","title":"returns the value if path is valid"},{"ancestorTitles":["getSafeCI"],"duration":0,"failureDetails":[],"failureMessages":[],"fullName":"getSafeCI returns the default if empty","invocations":1,"location":null,"numPassingAsserts":1,"retryReasons":[],"status":"passed","title":"returns the default if empty"},{"ancestorTitles":["getSafeCI"],"duration":0,"failureDetails":[],"failureMessages":[],"fullName":"getSafeCI returns the default if node missing","invocations":1,"location":null,"numPassingAsserts":1,"retryReasons":[],"status":"passed","title":"returns the default if node missing"},{"ancestorTitles":["getSafeCI"],"duration":0,"failureDetails":[],"failureMessages":[],"fullName":"getSafeCI returns the default if part of path is a value","invocations":1,"location":null,"numPassingAsserts":1,"retryReasons":[],"status":"passed","title":"returns the default if part of path is a value"},{"ancestorTitles":["getSafeCI"],"duration":0,"failureDetails":[],"failureMessages":[],"fullName":"getSafeCI returns the value if path is valid","invocations":1,"location":null,"numPassingAsserts":1,"retryReasons":[],"status":"passed","title":"returns the value if path is valid"},{"ancestorTitles":["getSafeCI"],"duration":1,"failureDetails":[],"failureMessages":[],"fullName":"getSafeCI returns the result if the keys are specified with different case","invocations":1,"location":null,"numPassingAsserts":1,"retryReasons":[],"status":"passed","title":"returns the result if the keys are specified with different case"},{"ancestorTitles":["setSafe"],"duration":0,"failureDetails":[],"failureMessages":[],"fullName":"setSafe leaves the original unmodified","invocations":1,"location":null,"numPassingAsserts":1,"retryReasons":[],"status":"passed","title":"leaves the original unmodified"},{"ancestorTitles":["setSafe"],"duration":0,"failureDetails":[],"failureMessages":[],"fullName":"setSafe copies only the parts being modified","invocations":1,"location":null,"numPassingAsserts":1,"retryReasons":[],"status":"passed","title":"copies only the parts being modified"},{"ancestorTitles":["setSafe"],"duration":0,"failureDetails":[],"failureMessages":[],"fullName":"setSafe sets the value even if nodes missing","invocations":1,"location":null,"numPassingAsserts":1,"retryReasons":[],"status":"passed","title":"sets the value even if nodes missing"},{"ancestorTitles":["setSafe"],"duration":0,"failureDetails":[],"failureMessages":[],"fullName":"setSafe changes the value if node not missing","invocations":1,"location":null,"numPassingAsserts":1,"retryReasons":[],"status":"passed","title":"changes the value if node not missing"},{"ancestorTitles":["setSafe"],"duration":1,"failureDetails":[],"failureMessages":[],"fullName":"setSafe works with empty path","invocations":1,"location":null,"numPassingAsserts":1,"retryReasons":[],"status":"passed","title":"works with empty path"},{"ancestorTitles":["setSafe"],"duration":0,"failureDetails":[],"failureMessages":[],"fullName":"setSafe works with arrays","invocations":1,"location":null,"numPassingAsserts":1,"retryReasons":[],"status":"passed","title":"works with arrays"},{"ancestorTitles":["setSafe"],"duration":0,"failureDetails":[],"failureMessages":[],"fullName":"setSafe can append to array","invocations":1,"location":null,"numPassingAsserts":1,"retryReasons":[],"status":"passed","title":"can append to array"},{"ancestorTitles":["setSafe"],"duration":0,"failureDetails":[],"failureMessages":[],"fullName":"setSafe can append to array with gaps","invocations":1,"location":null,"numPassingAsserts":1,"retryReasons":[],"status":"passed","title":"can append to array with gaps"},{"ancestorTitles":["setSafe"],"duration":0,"failureDetails":[],"failureMessages":[],"fullName":"setSafe doesn't turn arrays into objects","invocations":1,"location":null,"numPassingAsserts":1,"retryReasons":[],"status":"passed","title":"doesn't turn arrays into objects"},{"ancestorTitles":["setOrNop"],"duration":0,"failureDetails":[],"failureMessages":[],"fullName":"setOrNop leaves the original unmodified","invocations":1,"location":null,"numPassingAsserts":1,"retryReasons":[],"status":"passed","title":"leaves the original unmodified"},{"ancestorTitles":["setOrNop"],"duration":0,"failureDetails":[],"failureMessages":[],"fullName":"setOrNop leaves unmodified if node missing","invocations":1,"location":null,"numPassingAsserts":1,"retryReasons":[],"status":"passed","title":"leaves unmodified if node missing"},{"ancestorTitles":["setOrNop"],"duration":0,"failureDetails":[],"failureMessages":[],"fullName":"setOrNop changes the value if node not missing","invocations":1,"location":null,"numPassingAsserts":1,"retryReasons":[],"status":"passed","title":"changes the value if node not missing"},{"ancestorTitles":["setOrNop"],"duration":0,"failureDetails":[],"failureMessages":[],"fullName":"setOrNop doesn't turn arrays into objects","invocations":1,"location":null,"numPassingAsserts":1,"retryReasons":[],"status":"passed","title":"doesn't turn arrays into objects"},{"ancestorTitles":["changeOrNop"],"duration":0,"failureDetails":[],"failureMessages":[],"fullName":"changeOrNop leaves the original unmodified","invocations":1,"location":null,"numPassingAsserts":1,"retryReasons":[],"status":"passed","title":"leaves the original unmodified"},{"ancestorTitles":["changeOrNop"],"duration":0,"failureDetails":[],"failureMessages":[],"fullName":"changeOrNop leaves unmodified if key missing","invocations":1,"location":null,"numPassingAsserts":1,"retryReasons":[],"status":"passed","title":"leaves unmodified if key missing"},{"ancestorTitles":["changeOrNop"],"duration":1,"failureDetails":[],"failureMessages":[],"fullName":"changeOrNop changes the value if node not missing","invocations":1,"location":null,"numPassingAsserts":1,"retryReasons":[],"status":"passed","title":"changes the value if node not missing"},{"ancestorTitles":["changeOrNop"],"duration":0,"failureDetails":[],"failureMessages":[],"fullName":"changeOrNop doesn't turn arrays into objects","invocations":1,"location":null,"numPassingAsserts":1,"retryReasons":[],"status":"passed","title":"doesn't turn arrays into objects"},{"ancestorTitles":["pushSafe"],"duration":0,"failureDetails":[],"failureMessages":[],"fullName":"pushSafe leaves the original unmodified","invocations":1,"location":null,"numPassingAsserts":1,"retryReasons":[],"status":"passed","title":"leaves the original unmodified"},{"ancestorTitles":["pushSafe"],"duration":0,"failureDetails":[],"failureMessages":[],"fullName":"pushSafe appends to a list","invocations":1,"location":null,"numPassingAsserts":1,"retryReasons":[],"status":"passed","title":"appends to a list"},{"ancestorTitles":["pushSafe"],"duration":0,"failureDetails":[],"failureMessages":[],"fullName":"pushSafe sets the value even if node missing","invocations":1,"location":null,"numPassingAsserts":1,"retryReasons":[],"status":"passed","title":"sets the value even if node missing"},{"ancestorTitles":["pushSafe"],"duration":0,"failureDetails":[],"failureMessages":[],"fullName":"pushSafe works with numeric path component","invocations":1,"location":null,"numPassingAsserts":1,"retryReasons":[],"status":"passed","title":"works with numeric path component"},{"ancestorTitles":["pushSafe"],"duration":0,"failureDetails":[],"failureMessages":[],"fullName":"pushSafe doesn't turn arrays into objects","invocations":1,"location":null,"numPassingAsserts":1,"retryReasons":[],"status":"passed","title":"doesn't turn arrays into objects"},{"ancestorTitles":["pushSafe"],"duration":0,"failureDetails":[],"failureMessages":[],"fullName":"pushSafe creates intermediate dictionaries","invocations":1,"location":null,"numPassingAsserts":1,"retryReasons":[],"status":"passed","title":"creates intermediate dictionaries"},{"ancestorTitles":["pushSafe"],"duration":0,"failureDetails":[],"failureMessages":[],"fullName":"pushSafe creates base","invocations":1,"location":null,"numPassingAsserts":1,"retryReasons":[],"status":"passed","title":"creates base"},{"ancestorTitles":["pushSafe"],"duration":0,"failureDetails":[],"failureMessages":[],"fullName":"pushSafe turns intermediate non-objects into objects","invocations":1,"location":null,"numPassingAsserts":1,"retryReasons":[],"status":"passed","title":"turns intermediate non-objects into objects"},{"ancestorTitles":["pushSafe"],"duration":0,"failureDetails":[],"failureMessages":[],"fullName":"pushSafe turns final element into array if it isn't one","invocations":1,"location":null,"numPassingAsserts":1,"retryReasons":[],"status":"passed","title":"turns final element into array if it isn't one"},{"ancestorTitles":["addUniqueSafe"],"duration":0,"failureDetails":[],"failureMessages":[],"fullName":"addUniqueSafe leaves the original unmodified","invocations":1,"location":null,"numPassingAsserts":1,"retryReasons":[],"status":"passed","title":"leaves the original unmodified"},{"ancestorTitles":["addUniqueSafe"],"duration":0,"failureDetails":[],"failureMessages":[],"fullName":"addUniqueSafe inserts to a list if not present yet","invocations":1,"location":null,"numPassingAsserts":1,"retryReasons":[],"status":"passed","title":"inserts to a list if not present yet"},{"ancestorTitles":["addUniqueSafe"],"duration":0,"failureDetails":[],"failureMessages":[],"fullName":"addUniqueSafe returns original list of value exists","invocations":1,"location":null,"numPassingAsserts":1,"retryReasons":[],"status":"passed","title":"returns original list of value exists"},{"ancestorTitles":["addUniqueSafe"],"duration":0,"failureDetails":[],"failureMessages":[],"fullName":"addUniqueSafe sets the value even if node missing","invocations":1,"location":null,"numPassingAsserts":1,"retryReasons":[],"status":"passed","title":"sets the value even if node missing"},{"ancestorTitles":["addUniqueSafe"],"duration":0,"failureDetails":[],"failureMessages":[],"fullName":"addUniqueSafe works with numeric path component","invocations":1,"location":null,"numPassingAsserts":1,"retryReasons":[],"status":"passed","title":"works with numeric path component"},{"ancestorTitles":["addUniqueSafe"],"duration":0,"failureDetails":[],"failureMessages":[],"fullName":"addUniqueSafe doesn't turn arrays into objects","invocations":1,"location":null,"numPassingAsserts":1,"retryReasons":[],"status":"passed","title":"doesn't turn arrays into objects"},{"ancestorTitles":["removeValue"],"duration":0,"failureDetails":[],"failureMessages":[],"fullName":"removeValue leaves the original unmodified","invocations":1,"location":null,"numPassingAsserts":1,"retryReasons":[],"status":"passed","title":"leaves the original unmodified"},{"ancestorTitles":["removeValue"],"duration":0,"failureDetails":[],"failureMessages":[],"fullName":"removeValue removes the correct value","invocations":1,"location":null,"numPassingAsserts":1,"retryReasons":[],"status":"passed","title":"removes the correct value"},{"ancestorTitles":["removeValue"],"duration":0,"failureDetails":[],"failureMessages":[],"fullName":"removeValue returns unmodified if the value doesn't exist","invocations":1,"location":null,"numPassingAsserts":1,"retryReasons":[],"status":"passed","title":"returns unmodified if the value doesn't exist"},{"ancestorTitles":["removeValue"],"duration":0,"failureDetails":[],"failureMessages":[],"fullName":"removeValue doesn't turn arrays into objects","invocations":1,"location":null,"numPassingAsserts":1,"retryReasons":[],"status":"passed","title":"doesn't turn arrays into objects"},{"ancestorTitles":["removeValueIf"],"duration":0,"failureDetails":[],"failureMessages":[],"fullName":"removeValueIf returns empty list if input undefined","invocations":1,"location":null,"numPassingAsserts":1,"retryReasons":[],"status":"passed","title":"returns empty list if input undefined"},{"ancestorTitles":["merge"],"duration":0,"failureDetails":[],"failureMessages":[],"fullName":"merge leaves the original unmodified","invocations":1,"location":null,"numPassingAsserts":1,"retryReasons":[],"status":"passed","title":"leaves the original unmodified"},{"ancestorTitles":["merge"],"duration":0,"failureDetails":[],"failureMessages":[],"fullName":"merge changes an existing object","invocations":1,"location":null,"numPassingAsserts":1,"retryReasons":[],"status":"passed","title":"changes an existing object"},{"ancestorTitles":["merge"],"duration":0,"failureDetails":[],"failureMessages":[],"fullName":"merge creates the object if necessary","invocations":1,"location":null,"numPassingAsserts":1,"retryReasons":[],"status":"passed","title":"creates the object if necessary"},{"ancestorTitles":["merge"],"duration":1,"failureDetails":[],"failureMessages":[],"fullName":"merge doesn't turn arrays into objects","invocations":1,"location":null,"numPassingAsserts":1,"retryReasons":[],"status":"passed","title":"doesn't turn arrays into objects"},{"ancestorTitles":["deleteOrNop"],"duration":0,"failureDetails":[],"failureMessages":[],"fullName":"deleteOrNop leaves the original unomdified","invocations":1,"location":null,"numPassingAsserts":1,"retryReasons":[],"status":"passed","title":"leaves the original unomdified"},{"ancestorTitles":["deleteOrNop"],"duration":0,"failureDetails":[],"failureMessages":[],"fullName":"deleteOrNop leaves unmodified if key missing","invocations":1,"location":null,"numPassingAsserts":1,"retryReasons":[],"status":"passed","title":"leaves unmodified if key missing"},{"ancestorTitles":["deleteOrNop"],"duration":0,"failureDetails":[],"failureMessages":[],"fullName":"deleteOrNop leaves unmodified if node missing","invocations":1,"location":null,"numPassingAsserts":1,"retryReasons":[],"status":"passed","title":"leaves unmodified if node missing"},{"ancestorTitles":["deleteOrNop"],"duration":0,"failureDetails":[],"failureMessages":[],"fullName":"deleteOrNop removes the specified element","invocations":1,"location":null,"numPassingAsserts":1,"retryReasons":[],"status":"passed","title":"removes the specified element"},{"ancestorTitles":["deleteOrNop"],"duration":0,"failureDetails":[],"failureMessages":[],"fullName":"deleteOrNop doesn't turn arrays into objects","invocations":1,"location":null,"numPassingAsserts":1,"retryReasons":[],"status":"passed","title":"doesn't turn arrays into objects"}],"endTime":1759570519055,"message":"","name":"/Users/veland/Downloads/vortex/__tests__/storeHelper.test.js","startTime":1759570512009,"status":"passed","summary":""},{"assertionResults":[{"ancestorTitles":["setToolVisible"],"duration":3,"failureDetails":[],"failureMessages":[],"fullName":"setToolVisible sets the tool visible","invocations":1,"location":null,"numPassingAsserts":1,"retryReasons":[],"status":"passed","title":"sets the tool visible"},{"ancestorTitles":["setToolVisible"],"duration":1,"failureDetails":[],"failureMessages":[],"fullName":"setToolVisible adds the new tool and set it visible if the tool doesn't exist","invocations":1,"location":null,"numPassingAsserts":1,"retryReasons":[],"status":"passed","title":"adds the new tool and set it visible if the tool doesn't exist"},{"ancestorTitles":["setToolVisible"],"duration":0,"failureDetails":[],"failureMessages":[],"fullName":"setToolVisible creates a new game and add the new visible tool under if the game doesn't exist","invocations":1,"location":null,"numPassingAsserts":1,"retryReasons":[],"status":"passed","title":"creates a new game and add the new visible tool under if the game doesn't exist"},{"ancestorTitles":["setToolVisible"],"duration":0,"failureDetails":[],"failureMessages":[],"fullName":"setToolVisible affects only the right game","invocations":1,"location":null,"numPassingAsserts":1,"retryReasons":[],"status":"passed","title":"affects only the right game"},{"ancestorTitles":["setGameHidden"],"duration":1,"failureDetails":[],"failureMessages":[],"fullName":"setGameHidden sets the game hidden","invocations":1,"location":null,"numPassingAsserts":1,"retryReasons":[],"status":"passed","title":"sets the game hidden"},{"ancestorTitles":["setGameHidden"],"duration":0,"failureDetails":[],"failureMessages":[],"fullName":"setGameHidden creates a new game and set it visible if the game doesn't exist","invocations":1,"location":null,"numPassingAsserts":1,"retryReasons":[],"status":"passed","title":"creates a new game and set it visible if the game doesn't exist"},{"ancestorTitles":["setGameHidden"],"duration":0,"failureDetails":[],"failureMessages":[],"fullName":"setGameHidden affects only the right game","invocations":1,"location":null,"numPassingAsserts":1,"retryReasons":[],"status":"passed","title":"affects only the right game"},{"ancestorTitles":["setGameParameters"],"duration":0,"failureDetails":[],"failureMessages":[],"fullName":"setGameParameters sets the game parameters","invocations":1,"location":null,"numPassingAsserts":1,"retryReasons":[],"status":"passed","title":"sets the game parameters"},{"ancestorTitles":["setGameParameters"],"duration":0,"failureDetails":[],"failureMessages":[],"fullName":"setGameParameters fails if the game doesn't exist","invocations":1,"location":null,"numPassingAsserts":1,"retryReasons":[],"status":"passed","title":"fails if the game doesn't exist"},{"ancestorTitles":["setGameParameters"],"duration":0,"failureDetails":[],"failureMessages":[],"fullName":"setGameParameters affects only the right game","invocations":1,"location":null,"numPassingAsserts":1,"retryReasons":[],"status":"passed","title":"affects only the right game"},{"ancestorTitles":["addDiscoveredGame"],"duration":1,"failureDetails":[],"failureMessages":[],"fullName":"addDiscoveredGame updates the discovered game params","invocations":1,"location":null,"numPassingAsserts":1,"retryReasons":[],"status":"passed","title":"updates the discovered game params"},{"ancestorTitles":["addDiscoveredGame"],"duration":0,"failureDetails":[],"failureMessages":[],"fullName":"addDiscoveredGame adds the new game if the game doesn't exist","invocations":1,"location":null,"numPassingAsserts":1,"retryReasons":[],"status":"passed","title":"adds the new game if the game doesn't exist"},{"ancestorTitles":["addDiscoveredGame"],"duration":0,"failureDetails":[],"failureMessages":[],"fullName":"addDiscoveredGame affects only the right game","invocations":1,"location":null,"numPassingAsserts":1,"retryReasons":[],"status":"passed","title":"affects only the right game"},{"ancestorTitles":["addDiscoveredTool"],"duration":1,"failureDetails":[],"failureMessages":[],"fullName":"addDiscoveredTool updates the discovered tool params","invocations":1,"location":null,"numPassingAsserts":1,"retryReasons":[],"status":"passed","title":"updates the discovered tool params"},{"ancestorTitles":["addDiscoveredTool"],"duration":0,"failureDetails":[],"failureMessages":[],"fullName":"addDiscoveredTool affects only the right game","invocations":1,"location":null,"numPassingAsserts":1,"retryReasons":[],"status":"passed","title":"affects only the right game"}],"endTime":1759570519126,"message":"","name":"/Users/veland/Downloads/vortex/__tests__/reducers.gamemode_management.test.js","startTime":1759570512008,"status":"passed","summary":""},{"assertionResults":[{"ancestorTitles":["addLocalDownload"],"duration":3,"failureDetails":[],"failureMessages":[],"fullName":"addLocalDownload adds the download","invocations":1,"location":null,"numPassingAsserts":1,"retryReasons":[],"status":"passed","title":"adds the download"},{"ancestorTitles":["downloadProgress"],"duration":0,"failureDetails":[],"failureMessages":[],"fullName":"downloadProgress updates the progress","invocations":1,"location":null,"numPassingAsserts":1,"retryReasons":[],"status":"passed","title":"updates the progress"},{"ancestorTitles":["downloadProgress"],"duration":0,"failureDetails":[],"failureMessages":[],"fullName":"downloadProgress updates the total","invocations":1,"location":null,"numPassingAsserts":1,"retryReasons":[],"status":"passed","title":"updates the total"},{"ancestorTitles":["downloadProgress"],"duration":1,"failureDetails":[],"failureMessages":[],"fullName":"downloadProgress sets the state to started","invocations":1,"location":null,"numPassingAsserts":1,"retryReasons":[],"status":"passed","title":"sets the state to started"},{"ancestorTitles":["downloadProgress"],"duration":0,"failureDetails":[],"failureMessages":[],"fullName":"downloadProgress does nothing if the id is unknown","invocations":1,"location":null,"numPassingAsserts":1,"retryReasons":[],"status":"passed","title":"does nothing if the id is unknown"},{"ancestorTitles":["finishDownload"],"duration":0,"failureDetails":[],"failureMessages":[],"fullName":"finishDownload finishes a download","invocations":1,"location":null,"numPassingAsserts":1,"retryReasons":[],"status":"passed","title":"finishes a download"},{"ancestorTitles":["finishDownload"],"duration":0,"failureDetails":[],"failureMessages":[],"fullName":"finishDownload stores failure reason","invocations":1,"location":null,"numPassingAsserts":1,"retryReasons":[],"status":"passed","title":"stores failure reason"},{"ancestorTitles":["finishDownload"],"duration":0,"failureDetails":[],"failureMessages":[],"fullName":"finishDownload does nothing if the id is unknown","invocations":1,"location":null,"numPassingAsserts":1,"retryReasons":[],"status":"passed","title":"does nothing if the id is unknown"},{"ancestorTitles":["initDownload"],"duration":1,"failureDetails":[],"failureMessages":[],"fullName":"initDownload initialises a download","invocations":1,"location":null,"numPassingAsserts":1,"retryReasons":[],"status":"passed","title":"initialises a download"},{"ancestorTitles":["initDownload"],"duration":0,"failureDetails":[],"failureMessages":[],"fullName":"initDownload terminates if the id exists","invocations":1,"location":null,"numPassingAsserts":1,"retryReasons":[],"status":"passed","title":"terminates if the id exists"},{"ancestorTitles":["pauseDownload"],"duration":0,"failureDetails":[],"failureMessages":[],"fullName":"pauseDownload pauses a running download","invocations":1,"location":null,"numPassingAsserts":1,"retryReasons":[],"status":"passed","title":"pauses a running download"},{"ancestorTitles":["pauseDownload"],"duration":0,"failureDetails":[],"failureMessages":[],"fullName":"pauseDownload resumes a paused download","invocations":1,"location":null,"numPassingAsserts":1,"retryReasons":[],"status":"passed","title":"resumes a paused download"},{"ancestorTitles":["pauseDownload"],"duration":0,"failureDetails":[],"failureMessages":[],"fullName":"pauseDownload does nothing if the id is unknown","invocations":1,"location":null,"numPassingAsserts":1,"retryReasons":[],"status":"passed","title":"does nothing if the id is unknown"},{"ancestorTitles":["pauseDownload"],"duration":0,"failureDetails":[],"failureMessages":[],"fullName":"pauseDownload does nothing if the previous state is final","invocations":1,"location":null,"numPassingAsserts":2,"retryReasons":[],"status":"passed","title":"does nothing if the previous state is final"},{"ancestorTitles":["removeDownload"],"duration":1,"failureDetails":[],"failureMessages":[],"fullName":"removeDownload removes the download","invocations":1,"location":null,"numPassingAsserts":1,"retryReasons":[],"status":"passed","title":"removes the download"},{"ancestorTitles":["removeDownload"],"duration":0,"failureDetails":[],"failureMessages":[],"fullName":"removeDownload does nothing if the id is unknown","invocations":1,"location":null,"numPassingAsserts":1,"retryReasons":[],"status":"passed","title":"does nothing if the id is unknown"},{"ancestorTitles":["setDownloadFilepath"],"duration":0,"failureDetails":[],"failureMessages":[],"fullName":"setDownloadFilepath changes the download path","invocations":1,"location":null,"numPassingAsserts":1,"retryReasons":[],"status":"passed","title":"changes the download path"},{"ancestorTitles":["setDownloadFilepath"],"duration":0,"failureDetails":[],"failureMessages":[],"fullName":"setDownloadFilepath does nothing if the id is unknown","invocations":1,"location":null,"numPassingAsserts":1,"retryReasons":[],"status":"passed","title":"does nothing if the id is unknown"},{"ancestorTitles":["setDownloadHash"],"duration":0,"failureDetails":[],"failureMessages":[],"fullName":"setDownloadHash changes the file hash","invocations":1,"location":null,"numPassingAsserts":1,"retryReasons":[],"status":"passed","title":"changes the file hash"},{"ancestorTitles":["setDownloadHash"],"duration":0,"failureDetails":[],"failureMessages":[],"fullName":"setDownloadHash does nothing if the id is unknown","invocations":1,"location":null,"numPassingAsserts":1,"retryReasons":[],"status":"passed","title":"does nothing if the id is unknown"},{"ancestorTitles":["setDownloadHashByFile"],"duration":0,"failureDetails":[],"failureMessages":[],"fullName":"setDownloadHashByFile changes the file hash","invocations":1,"location":null,"numPassingAsserts":1,"retryReasons":[],"status":"passed","title":"changes the file hash"},{"ancestorTitles":["setDownloadHashByFile"],"duration":0,"failureDetails":[],"failureMessages":[],"fullName":"setDownloadHashByFile does nothing if the name is unknown","invocations":1,"location":null,"numPassingAsserts":1,"retryReasons":[],"status":"passed","title":"does nothing if the name is unknown"},{"ancestorTitles":["startDownload"],"duration":0,"failureDetails":[],"failureMessages":[],"fullName":"startDownload sets the download state as started","invocations":1,"location":null,"numPassingAsserts":1,"retryReasons":[],"status":"passed","title":"sets the download state as started"},{"ancestorTitles":["startDownload"],"duration":0,"failureDetails":[],"failureMessages":[],"fullName":"startDownload does nothing if the download is already finished","invocations":1,"location":null,"numPassingAsserts":1,"retryReasons":[],"status":"passed","title":"does nothing if the download is already finished"},{"ancestorTitles":["startDownload"],"duration":0,"failureDetails":[],"failureMessages":[],"fullName":"startDownload does nothing if the download is paused","invocations":1,"location":null,"numPassingAsserts":1,"retryReasons":[],"status":"passed","title":"does nothing if the download is paused"},{"ancestorTitles":["startDownload"],"duration":0,"failureDetails":[],"failureMessages":[],"fullName":"startDownload does nothing if the id is unknown","invocations":1,"location":null,"numPassingAsserts":1,"retryReasons":[],"status":"passed","title":"does nothing if the id is unknown"},{"ancestorTitles":["setDownloadSpeed"],"duration":0,"failureDetails":[],"failureMessages":[],"fullName":"setDownloadSpeed sets the download speed","invocations":1,"location":null,"numPassingAsserts":1,"retryReasons":[],"status":"passed","title":"sets the download speed"}],"endTime":1759570519245,"message":"","name":"/Users/veland/Downloads/vortex/__tests__/reducers.download_management.test.js","startTime":1759570512011,"status":"passed","summary":""},{"assertionResults":[{"ancestorTitles":["EpicGamesLauncher","getEpicDataPath on macOS"],"duration":2,"failureDetails":[],"failureMessages":[],"fullName":"EpicGamesLauncher getEpicDataPath on macOS should find Epic data path in standard location","invocations":1,"location":null,"numPassingAsserts":1,"retryReasons":[],"status":"passed","title":"should find Epic data path in standard location"},{"ancestorTitles":["EpicGamesLauncher","getEpicDataPath on macOS"],"duration":1,"failureDetails":[],"failureMessages":[],"fullName":"EpicGamesLauncher getEpicDataPath on macOS should return undefined if Epic data path is not found","invocations":1,"location":null,"numPassingAsserts":1,"retryReasons":[],"status":"passed","title":"should return undefined if Epic data path is not found"},{"ancestorTitles":["EpicGamesLauncher","findMacOSEpicDataPath"],"duration":0,"failureDetails":[],"failureMessages":[],"fullName":"EpicGamesLauncher findMacOSEpicDataPath should find Epic data path in standard location","invocations":1,"location":null,"numPassingAsserts":1,"retryReasons":[],"status":"passed","title":"should find Epic data path in standard location"},{"ancestorTitles":["EpicGamesLauncher","getGameStorePath on macOS"],"duration":0,"failureDetails":[],"failureMessages":[],"fullName":"EpicGamesLauncher getGameStorePath on macOS should find Epic Games Launcher app in standard location","invocations":1,"location":null,"numPassingAsserts":1,"retryReasons":[],"status":"passed","title":"should find Epic Games Launcher app in standard location"},{"ancestorTitles":["EpicGamesLauncher","parseManifests on macOS"],"duration":48,"failureDetails":[],"failureMessages":[],"fullName":"EpicGamesLauncher parseManifests on macOS should return game entries when manifests are found","invocations":1,"location":null,"numPassingAsserts":3,"retryReasons":[],"status":"passed","title":"should return game entries when manifests are found"}],"endTime":1759570519263,"message":"","name":"/Users/veland/Downloads/vortex/test/util/EpicGamesLauncher.test.ts","startTime":1759570512008,"status":"passed","summary":""},{"assertionResults":[{"ancestorTitles":["setInstallPath"],"duration":3,"failureDetails":[],"failureMessages":[],"fullName":"setInstallPath sets the install path for a game","invocations":1,"location":null,"numPassingAsserts":1,"retryReasons":[],"status":"passed","title":"sets the install path for a game"},{"ancestorTitles":["setInstallPath"],"duration":0,"failureDetails":[],"failureMessages":[],"fullName":"setInstallPath creates a new game and add the new path under if the game doesn't exist","invocations":1,"location":null,"numPassingAsserts":1,"retryReasons":[],"status":"passed","title":"creates a new game and add the new path under if the game doesn't exist"},{"ancestorTitles":["setInstallPath"],"duration":0,"failureDetails":[],"failureMessages":[],"fullName":"setInstallPath affects only the right game","invocations":1,"location":null,"numPassingAsserts":1,"retryReasons":[],"status":"passed","title":"affects only the right game"},{"ancestorTitles":["setActivator"],"duration":1,"failureDetails":[],"failureMessages":[],"fullName":"setActivator sets the activator to use for this game","invocations":1,"location":null,"numPassingAsserts":1,"retryReasons":[],"status":"passed","title":"sets the activator to use for this game"},{"ancestorTitles":["setActivator"],"duration":1,"failureDetails":[],"failureMessages":[],"fullName":"setActivator adds the new game and sets the activator to use if the game doesn't exist","invocations":1,"location":null,"numPassingAsserts":1,"retryReasons":[],"status":"passed","title":"adds the new game and sets the activator to use if the game doesn't exist"},{"ancestorTitles":["setActivator"],"duration":0,"failureDetails":[],"failureMessages":[],"fullName":"setActivator affects only the right game","invocations":1,"location":null,"numPassingAsserts":1,"retryReasons":[],"status":"passed","title":"affects only the right game"},{"ancestorTitles":["removeMod"],"duration":0,"failureDetails":[],"failureMessages":[],"fullName":"removeMod removes the mod","invocations":1,"location":null,"numPassingAsserts":1,"retryReasons":[],"status":"passed","title":"removes the mod"},{"ancestorTitles":["removeMod"],"duration":0,"failureDetails":[],"failureMessages":[],"fullName":"removeMod fails if the game doesn't exist","invocations":1,"location":null,"numPassingAsserts":1,"retryReasons":[],"status":"passed","title":"fails if the game doesn't exist"},{"ancestorTitles":["removeMod"],"duration":1,"failureDetails":[],"failureMessages":[],"fullName":"removeMod affects only the right game","invocations":1,"location":null,"numPassingAsserts":1,"retryReasons":[],"status":"passed","title":"affects only the right game"},{"ancestorTitles":["setModInstallationPath"],"duration":1,"failureDetails":[],"failureMessages":[],"fullName":"setModInstallationPath sets the mod installation path","invocations":1,"location":null,"numPassingAsserts":1,"retryReasons":[],"status":"passed","title":"sets the mod installation path"},{"ancestorTitles":["setModInstallationPath"],"duration":0,"failureDetails":[],"failureMessages":[],"fullName":"setModInstallationPath does nothing if the game doesn't exist","invocations":1,"location":null,"numPassingAsserts":1,"retryReasons":[],"status":"passed","title":"does nothing if the game doesn't exist"},{"ancestorTitles":["setModInstallationPath"],"duration":0,"failureDetails":[],"failureMessages":[],"fullName":"setModInstallationPath affects only the right game","invocations":1,"location":null,"numPassingAsserts":1,"retryReasons":[],"status":"passed","title":"affects only the right game"},{"ancestorTitles":["setModAttribute"],"duration":0,"failureDetails":[],"failureMessages":[],"fullName":"setModAttribute sets the mod attribute","invocations":1,"location":null,"numPassingAsserts":1,"retryReasons":[],"status":"passed","title":"sets the mod attribute"},{"ancestorTitles":["setModAttribute"],"duration":0,"failureDetails":[],"failureMessages":[],"fullName":"setModAttribute works if there were no attributes before","invocations":1,"location":null,"numPassingAsserts":1,"retryReasons":[],"status":"passed","title":"works if there were no attributes before"},{"ancestorTitles":["setModAttribute"],"duration":0,"failureDetails":[],"failureMessages":[],"fullName":"setModAttribute fails if the game doesn't exist","invocations":1,"location":null,"numPassingAsserts":1,"retryReasons":[],"status":"passed","title":"fails if the game doesn't exist"},{"ancestorTitles":["setModAttribute"],"duration":1,"failureDetails":[],"failureMessages":[],"fullName":"setModAttribute affects only the right game","invocations":1,"location":null,"numPassingAsserts":1,"retryReasons":[],"status":"passed","title":"affects only the right game"},{"ancestorTitles":["setModAttributes"],"duration":0,"failureDetails":[],"failureMessages":[],"fullName":"setModAttributes sets the mod attributes","invocations":1,"location":null,"numPassingAsserts":1,"retryReasons":[],"status":"passed","title":"sets the mod attributes"},{"ancestorTitles":["setModAttributes"],"duration":0,"failureDetails":[],"failureMessages":[],"fullName":"setModAttributes works if there were no attributes before","invocations":1,"location":null,"numPassingAsserts":1,"retryReasons":[],"status":"passed","title":"works if there were no attributes before"},{"ancestorTitles":["setModAttributes"],"duration":0,"failureDetails":[],"failureMessages":[],"fullName":"setModAttributes fails if the game doesn't exist","invocations":1,"location":null,"numPassingAsserts":1,"retryReasons":[],"status":"passed","title":"fails if the game doesn't exist"},{"ancestorTitles":["setModAttributes"],"duration":0,"failureDetails":[],"failureMessages":[],"fullName":"setModAttributes affects only the right game","invocations":1,"location":null,"numPassingAsserts":1,"retryReasons":[],"status":"passed","title":"affects only the right game"},{"ancestorTitles":["setModAttributes"],"duration":0,"failureDetails":[],"failureMessages":[],"fullName":"setModAttributes can set multiple attributes","invocations":1,"location":null,"numPassingAsserts":1,"retryReasons":[],"status":"passed","title":"can set multiple attributes"},{"ancestorTitles":["setModAttributes"],"duration":0,"failureDetails":[],"failureMessages":[],"fullName":"setModAttributes doesn't change unaffected attributes","invocations":1,"location":null,"numPassingAsserts":1,"retryReasons":[],"status":"passed","title":"doesn't change unaffected attributes"},{"ancestorTitles":["setModState"],"duration":0,"failureDetails":[],"failureMessages":[],"fullName":"setModState sets the mod state","invocations":1,"location":null,"numPassingAsserts":1,"retryReasons":[],"status":"passed","title":"sets the mod state"},{"ancestorTitles":["setModState"],"duration":0,"failureDetails":[],"failureMessages":[],"fullName":"setModState fails if the game doesn't exist","invocations":1,"location":null,"numPassingAsserts":1,"retryReasons":[],"status":"passed","title":"fails if the game doesn't exist"},{"ancestorTitles":["setModState"],"duration":0,"failureDetails":[],"failureMessages":[],"fullName":"setModState affects only the right game","invocations":1,"location":null,"numPassingAsserts":1,"retryReasons":[],"status":"passed","title":"affects only the right game"},{"ancestorTitles":["addMod"],"duration":0,"failureDetails":[],"failureMessages":[],"fullName":"addMod adds a new mod","invocations":1,"location":null,"numPassingAsserts":1,"retryReasons":[],"status":"passed","title":"adds a new mod"},{"ancestorTitles":["addMod"],"duration":0,"failureDetails":[],"failureMessages":[],"fullName":"addMod creates a new game and add the new mod under if the game doesn't exist","invocations":1,"location":null,"numPassingAsserts":1,"retryReasons":[],"status":"passed","title":"creates a new game and add the new mod under if the game doesn't exist"},{"ancestorTitles":["addMod"],"duration":0,"failureDetails":[],"failureMessages":[],"fullName":"addMod affects only the right game","invocations":1,"location":null,"numPassingAsserts":1,"retryReasons":[],"status":"passed","title":"affects only the right game"}],"endTime":1759570519480,"message":"","name":"/Users/veland/Downloads/vortex/__tests__/reducers.mod_management.test.js","startTime":1759570512008,"status":"passed","summary":""},{"assertionResults":[{"ancestorTitles":["platformText","getPlatformText"],"duration":1,"failureDetails":[],"failureMessages":[],"fullName":"platformText getPlatformText should replace Ctrl with Cmd on macOS","invocations":1,"location":null,"numPassingAsserts":1,"retryReasons":[],"status":"passed","title":"should replace Ctrl with Cmd on macOS"},{"ancestorTitles":["platformText","getPlatformText"],"duration":0,"failureDetails":[],"failureMessages":[],"fullName":"platformText getPlatformText should not replace Ctrl on Windows","invocations":1,"location":null,"numPassingAsserts":1,"retryReasons":[],"status":"passed","title":"should not replace Ctrl on Windows"},{"ancestorTitles":["platformText","getPlatformText"],"duration":0,"failureDetails":[],"failureMessages":[],"fullName":"platformText getPlatformText should not replace Ctrl on Linux","invocations":1,"location":null,"numPassingAsserts":1,"retryReasons":[],"status":"passed","title":"should not replace Ctrl on Linux"},{"ancestorTitles":["platformText","getStructuredPlatformText"],"duration":0,"failureDetails":[],"failureMessages":[],"fullName":"platformText getStructuredPlatformText should return platform-specific text when available","invocations":1,"location":null,"numPassingAsserts":1,"retryReasons":[],"status":"passed","title":"should return platform-specific text when available"},{"ancestorTitles":["platformText","getStructuredPlatformText"],"duration":0,"failureDetails":[],"failureMessages":[],"fullName":"platformText getStructuredPlatformText should fall back to default when platform-specific text is not available","invocations":1,"location":null,"numPassingAsserts":1,"retryReasons":[],"status":"passed","title":"should fall back to default when platform-specific text is not available"},{"ancestorTitles":["platformText","getStructuredPlatformText"],"duration":0,"failureDetails":[],"failureMessages":[],"fullName":"platformText getStructuredPlatformText should apply automatic replacement when no platform-specific text is available","invocations":1,"location":null,"numPassingAsserts":1,"retryReasons":[],"status":"passed","title":"should apply automatic replacement when no platform-specific text is available"},{"ancestorTitles":["platformText","processPlatformText"],"duration":0,"failureDetails":[],"failureMessages":[],"fullName":"platformText processPlatformText should replace Ctrl with Cmd on macOS","invocations":1,"location":null,"numPassingAsserts":1,"retryReasons":[],"status":"passed","title":"should replace Ctrl with Cmd on macOS"},{"ancestorTitles":["platformText","processPlatformText"],"duration":0,"failureDetails":[],"failureMessages":[],"fullName":"platformText processPlatformText should not replace Ctrl on Windows","invocations":1,"location":null,"numPassingAsserts":1,"retryReasons":[],"status":"passed","title":"should not replace Ctrl on Windows"}],"endTime":1759570519520,"message":"","name":"/Users/veland/Downloads/vortex/__tests__/platformText.test.js","startTime":1759570519279,"status":"passed","summary":""},{"assertionResults":[{"ancestorTitles":["EpicGamesLauncher on Linux","getEpicDataPath on Linux"],"duration":0,"failureDetails":[],"failureMessages":[],"fullName":"EpicGamesLauncher on Linux getEpicDataPath on Linux should find Heroic data path in standard location","invocations":1,"location":null,"numPassingAsserts":1,"retryReasons":[],"status":"passed","title":"should find Heroic data path in standard location"},{"ancestorTitles":["EpicGamesLauncher on Linux","getEpicDataPath on Linux"],"duration":1,"failureDetails":[],"failureMessages":[],"fullName":"EpicGamesLauncher on Linux getEpicDataPath on Linux should return undefined if Heroic data path is not found","invocations":1,"location":null,"numPassingAsserts":1,"retryReasons":[],"status":"passed","title":"should return undefined if Heroic data path is not found"},{"ancestorTitles":["EpicGamesLauncher on Linux","getGameStorePath on Linux"],"duration":0,"failureDetails":[],"failureMessages":[],"fullName":"EpicGamesLauncher on Linux getGameStorePath on Linux should find Heroic binary in /usr/bin/heroic","invocations":1,"location":null,"numPassingAsserts":1,"retryReasons":[],"status":"passed","title":"should find Heroic binary in /usr/bin/heroic"},{"ancestorTitles":["EpicGamesLauncher on Linux","getGameStorePath on Linux"],"duration":1,"failureDetails":[],"failureMessages":[],"fullName":"EpicGamesLauncher on Linux getGameStorePath on Linux should fallback to flatpak path when /usr/bin/heroic is missing","invocations":1,"location":null,"numPassingAsserts":1,"retryReasons":[],"status":"passed","title":"should fallback to flatpak path when /usr/bin/heroic is missing"},{"ancestorTitles":["EpicGamesLauncher on Linux","parseManifests on Linux (Heroic)"],"duration":0,"failureDetails":[],"failureMessages":[],"fullName":"EpicGamesLauncher on Linux parseManifests on Linux (Heroic) should return game entries when legendary_library.json is found","invocations":1,"location":null,"numPassingAsserts":3,"retryReasons":[],"status":"passed","title":"should return game entries when legendary_library.json is found"},{"ancestorTitles":["EpicGamesLauncher on Linux","parseManifests on Linux (Heroic)"],"duration":1,"failureDetails":[],"failureMessages":[],"fullName":"EpicGamesLauncher on Linux parseManifests on Linux (Heroic) should return empty list when legendary_library.json is missing","invocations":1,"location":null,"numPassingAsserts":1,"retryReasons":[],"status":"passed","title":"should return empty list when legendary_library.json is missing"}],"endTime":1759570520045,"message":"","name":"/Users/veland/Downloads/vortex/test/util/EpicGamesLauncher.linux.test.ts","startTime":1759570518519,"status":"passed","summary":""},{"assertionResults":[{"ancestorTitles":["Project Setup Verification","verifySubmodules"],"duration":5,"failureDetails":[],"failureMessages":[],"fullName":"Project Setup Verification verifySubmodules should return false when .gitmodules file does not exist","invocations":1,"location":null,"numPassingAsserts":1,"retryReasons":[],"status":"passed","title":"should return false when .gitmodules file does not exist"},{"ancestorTitles":["Project Setup Verification","verifySubmodules"],"duration":2,"failureDetails":[],"failureMessages":[],"fullName":"Project Setup Verification verifySubmodules should process submodules when .gitmodules exists","invocations":1,"location":null,"numPassingAsserts":1,"retryReasons":[],"status":"passed","title":"should process submodules when .gitmodules exists"},{"ancestorTitles":["Project Setup Verification","verifySubmodules"],"duration":2,"failureDetails":[],"failureMessages":[],"fullName":"Project Setup Verification verifySubmodules should detect detached HEAD state","invocations":1,"location":null,"numPassingAsserts":1,"retryReasons":[],"status":"passed","title":"should detect detached HEAD state"},{"ancestorTitles":["Project Setup Verification","verifySCSSCompilation"],"duration":44,"failureDetails":[],"failureMessages":[],"fullName":"Project Setup Verification verifySCSSCompilation should handle missing SCSS files gracefully","invocations":1,"location":null,"numPassingAsserts":1,"retryReasons":[],"status":"passed","title":"should handle missing SCSS files gracefully"},{"ancestorTitles":["Project Setup Verification","verifySCSSCompilation"],"duration":20,"failureDetails":[],"failureMessages":[],"fullName":"Project Setup Verification verifySCSSCompilation should compile SCSS files successfully","invocations":1,"location":null,"numPassingAsserts":2,"retryReasons":[],"status":"passed","title":"should compile SCSS files successfully"},{"ancestorTitles":["Project Setup Verification","verifySCSSCompilation"],"duration":42,"failureDetails":[],"failureMessages":[],"fullName":"Project Setup Verification verifySCSSCompilation should handle SCSS compilation errors","invocations":1,"location":null,"numPassingAsserts":1,"retryReasons":[],"status":"passed","title":"should handle SCSS compilation errors"}],"endTime":1759570520079,"message":"","name":"/Users/veland/Downloads/vortex/__tests__/project-setup-verification.test.js","startTime":1759570519183,"status":"passed","summary":""},{"assertionResults":[{"ancestorTitles":["MacAppStore","launchGame"],"duration":1,"failureDetails":[],"failureMessages":[],"fullName":"MacAppStore launchGame should launch a game using the macappstore:// protocol","invocations":1,"location":null,"numPassingAsserts":1,"retryReasons":[],"status":"passed","title":"should launch a game using the macappstore:// protocol"},{"ancestorTitles":["MacAppStore","getGameStorePath"],"duration":0,"failureDetails":[],"failureMessages":[],"fullName":"MacAppStore getGameStorePath should return the App Store path","invocations":1,"location":null,"numPassingAsserts":1,"retryReasons":[],"status":"passed","title":"should return the App Store path"},{"ancestorTitles":["MacAppStore","isLikelyGame"],"duration":53,"failureDetails":[],"failureMessages":[],"fullName":"MacAppStore isLikelyGame should identify games based on name patterns","invocations":1,"location":null,"numPassingAsserts":8,"retryReasons":[],"status":"passed","title":"should identify games based on name patterns"},{"ancestorTitles":["MacAppStore","getGameEntries"],"duration":3,"failureDetails":[],"failureMessages":[],"fullName":"MacAppStore getGameEntries should return game entries when apps are found","invocations":1,"location":null,"numPassingAsserts":4,"retryReasons":[],"status":"passed","title":"should return game entries when apps are found"}],"endTime":1759570520098,"message":"","name":"/Users/veland/Downloads/vortex/extensions/gamestore-macappstore/test/index.test.ts","startTime":1759570518922,"status":"passed","summary":""},{"assertionResults":[{"ancestorTitles":["runElevated"],"duration":2,"failureDetails":[],"failureMessages":[],"fullName":"runElevated creates a temporary file","invocations":1,"location":null,"numPassingAsserts":1,"retryReasons":[],"status":"passed","title":"creates a temporary file"},{"ancestorTitles":["runElevated"],"duration":0,"failureDetails":[],"failureMessages":[],"fullName":"runElevated writes a function to the temp file","invocations":1,"location":null,"numPassingAsserts":1,"retryReasons":[],"status":"passed","title":"writes a function to the temp file"},{"ancestorTitles":["runElevated"],"duration":0,"failureDetails":[],"failureMessages":[],"fullName":"runElevated passes arguments","invocations":1,"location":null,"numPassingAsserts":1,"retryReasons":[],"status":"passed","title":"passes arguments"},{"ancestorTitles":["runElevated"],"duration":0,"failureDetails":[],"failureMessages":[],"fullName":"runElevated handles tmp file errors","invocations":1,"location":null,"numPassingAsserts":1,"retryReasons":[],"status":"passed","title":"handles tmp file errors"},{"ancestorTitles":["runElevated"],"duration":0,"failureDetails":[],"failureMessages":[],"fullName":"runElevated handles write errors","invocations":1,"location":null,"numPassingAsserts":1,"retryReasons":[],"status":"passed","title":"handles write errors"},{"ancestorTitles":["runElevated"],"duration":1,"failureDetails":[],"failureMessages":[],"fullName":"runElevated handles library errors","invocations":1,"location":null,"numPassingAsserts":0,"retryReasons":[],"status":"passed","title":"handles library errors"}],"endTime":1759570520162,"message":"","name":"/Users/veland/Downloads/vortex/__tests__/elevated.test.js","startTime":1759570519503,"status":"passed","summary":""},{"assertionResults":[{"ancestorTitles":["Steam macOS getGameStorePath"],"duration":1117,"failureDetails":[],"failureMessages":[],"fullName":"Steam macOS getGameStorePath returns /Applications/Steam.app when present","invocations":1,"location":null,"numPassingAsserts":1,"retryReasons":[],"status":"passed","title":"returns /Applications/Steam.app when present"},{"ancestorTitles":["Steam macOS getGameStorePath"],"duration":21,"failureDetails":[],"failureMessages":[],"fullName":"Steam macOS getGameStorePath falls back to baseFolder/Steam.app when /Applications missing","invocations":1,"location":null,"numPassingAsserts":1,"retryReasons":[],"status":"passed","title":"falls back to baseFolder/Steam.app when /Applications missing"},{"ancestorTitles":["Steam macOS getGameStorePath"],"duration":8,"failureDetails":[],"failureMessages":[],"fullName":"Steam macOS getGameStorePath uses fallback baseFolder when preferred missing","invocations":1,"location":null,"numPassingAsserts":1,"retryReasons":[],"status":"passed","title":"uses fallback baseFolder when preferred missing"},{"ancestorTitles":["Steam macOS getGameStorePath"],"duration":22,"failureDetails":[],"failureMessages":[],"fullName":"Steam macOS getGameStorePath returns undefined when no base folder found","invocations":1,"location":null,"numPassingAsserts":1,"retryReasons":[],"status":"passed","title":"returns undefined when no base folder found"}],"endTime":1759570520231,"message":"","name":"/Users/veland/Downloads/vortex/__tests__/macos.steam.test.ts","startTime":1759570518574,"status":"passed","summary":""},{"assertionResults":[],"coverage":{},"endTime":1759570533120,"message":"  \u001b[1m● \u001b[22mTest suite failed to run\n\n    \u001b[96mextensions/gamestore-gog/src/index.ts\u001b[0m:\u001b[93m75\u001b[0m:\u001b[93m92\u001b[0m - \u001b[91merror\u001b[0m\u001b[90m TS2558: \u001b[0mExpected 0 type arguments, but got 1.\n\n    \u001b[7m75\u001b[0m       .then(stat => (stat.isDirectory() ? Bluebird.resolve(standardPath) : Bluebird.reject<never>(new Error('not found'))))\n    \u001b[7m  \u001b[0m \u001b[91m                                                                                           ~~~~~\u001b[0m\n    \u001b[96mextensions/gamestore-gog/src/index.ts\u001b[0m:\u001b[93m79\u001b[0m:\u001b[93m96\u001b[0m - \u001b[91merror\u001b[0m\u001b[90m TS2558: \u001b[0mExpected 0 type arguments, but got 1.\n\n    \u001b[7m79\u001b[0m           .then(stat => (stat.isDirectory() ? Bluebird.resolve(userAppsPath) : Bluebird.reject<never>(new Error('not found'))));\n    \u001b[7m  \u001b[0m \u001b[91m                                                                                               ~~~~~\u001b[0m\n","name":"/Users/veland/Downloads/vortex/extensions/gamestore-gog/test/index.test.ts","startTime":1759570533120,"status":"failed","summary":""},{"assertionResults":[{"ancestorTitles":["OAuth Fixes","PlaceholderTextArea"],"duration":28,"failureDetails":[],"failureMessages":[],"fullName":"OAuth Fixes PlaceholderTextArea should handle undefined value without warnings","invocations":1,"location":null,"numPassingAsserts":1,"retryReasons":[],"status":"passed","title":"should handle undefined value without warnings"},{"ancestorTitles":["OAuth Fixes","PlaceholderTextArea"],"duration":4,"failureDetails":[],"failureMessages":[],"fullName":"OAuth Fixes PlaceholderTextArea should update internal state when value prop changes","invocations":1,"location":null,"numPassingAsserts":1,"retryReasons":[],"status":"passed","title":"should update internal state when value prop changes"},{"ancestorTitles":["OAuth Fixes","CopyClipboardInput"],"duration":1,"failureDetails":[],"failureMessages":[],"fullName":"OAuth Fixes CopyClipboardInput should handle undefined inputValue without warnings","invocations":1,"location":null,"numPassingAsserts":1,"retryReasons":[],"status":"passed","title":"should handle undefined inputValue without warnings"},{"ancestorTitles":["OAuth Fixes","CopyClipboardInput"],"duration":1,"failureDetails":[],"failureMessages":[],"fullName":"OAuth Fixes CopyClipboardInput should display empty string when inputValue is undefined","invocations":1,"location":null,"numPassingAsserts":1,"retryReasons":[],"status":"passed","title":"should display empty string when inputValue is undefined"}],"endTime":1759570520381,"message":"","name":"/Users/veland/Downloads/vortex/__tests__/oauthFixes.test.js","startTime":1759570519278,"status":"passed","summary":""},{"assertionResults":[{"ancestorTitles":["addLocalDownload"],"duration":0,"failureDetails":[],"failureMessages":[],"fullName":"addLocalDownload creates the action","invocations":1,"location":null,"numPassingAsserts":1,"retryReasons":[],"status":"passed","title":"creates the action"},{"ancestorTitles":["downloadProgress"],"duration":1,"failureDetails":[],"failureMessages":[],"fullName":"downloadProgress creates the action","invocations":1,"location":null,"numPassingAsserts":1,"retryReasons":[],"status":"passed","title":"creates the action"},{"ancestorTitles":["finishDownload"],"duration":0,"failureDetails":[],"failureMessages":[],"fullName":"finishDownload creates the action","invocations":1,"location":null,"numPassingAsserts":1,"retryReasons":[],"status":"passed","title":"creates the action"},{"ancestorTitles":["initDownload"],"duration":0,"failureDetails":[],"failureMessages":[],"fullName":"initDownload creates the action","invocations":1,"location":null,"numPassingAsserts":1,"retryReasons":[],"status":"passed","title":"creates the action"},{"ancestorTitles":["pauseDownload"],"duration":0,"failureDetails":[],"failureMessages":[],"fullName":"pauseDownload creates the action","invocations":1,"location":null,"numPassingAsserts":1,"retryReasons":[],"status":"passed","title":"creates the action"},{"ancestorTitles":["removeDownload"],"duration":0,"failureDetails":[],"failureMessages":[],"fullName":"removeDownload creates the action","invocations":1,"location":null,"numPassingAsserts":1,"retryReasons":[],"status":"passed","title":"creates the action"},{"ancestorTitles":["setDownloadFilePath"],"duration":0,"failureDetails":[],"failureMessages":[],"fullName":"setDownloadFilePath creates the action","invocations":1,"location":null,"numPassingAsserts":1,"retryReasons":[],"status":"passed","title":"creates the action"},{"ancestorTitles":["setDownloadHash"],"duration":0,"failureDetails":[],"failureMessages":[],"fullName":"setDownloadHash creates the action","invocations":1,"location":null,"numPassingAsserts":1,"retryReasons":[],"status":"passed","title":"creates the action"},{"ancestorTitles":["setDownloadHashByFile"],"duration":0,"failureDetails":[],"failureMessages":[],"fullName":"setDownloadHashByFile creates the action","invocations":1,"location":null,"numPassingAsserts":1,"retryReasons":[],"status":"passed","title":"creates the action"},{"ancestorTitles":["setDownloadSpeed"],"duration":0,"failureDetails":[],"failureMessages":[],"fullName":"setDownloadSpeed creates the action","invocations":1,"location":null,"numPassingAsserts":1,"retryReasons":[],"status":"passed","title":"creates the action"},{"ancestorTitles":["startDownload"],"duration":0,"failureDetails":[],"failureMessages":[],"fullName":"startDownload creates the action","invocations":1,"location":null,"numPassingAsserts":1,"retryReasons":[],"status":"passed","title":"creates the action"}],"endTime":1759570520604,"message":"","name":"/Users/veland/Downloads/vortex/__tests__/actions.download_management.test.js","startTime":1759570520344,"status":"passed","summary":""},{"assertionResults":[{"ancestorTitles":["Project Setup Integration"],"duration":64,"failureDetails":[],"failureMessages":[],"fullName":"Project Setup Integration should run complete verification workflow successfully","invocations":1,"location":null,"numPassingAsserts":1,"retryReasons":[],"status":"passed","title":"should run complete verification workflow successfully"},{"ancestorTitles":["Project Setup Integration"],"duration":10,"failureDetails":[],"failureMessages":[],"fullName":"Project Setup Integration should handle failure in submodule verification","invocations":1,"location":null,"numPassingAsserts":1,"retryReasons":[],"status":"passed","title":"should handle failure in submodule verification"},{"ancestorTitles":["Project Setup Integration"],"duration":11,"failureDetails":[],"failureMessages":[],"fullName":"Project Setup Integration should handle failure in SCSS compilation","invocations":1,"location":null,"numPassingAsserts":1,"retryReasons":[],"status":"passed","title":"should handle failure in SCSS compilation"}],"endTime":1759570520640,"message":"","name":"/Users/veland/Downloads/vortex/__tests__/project-setup-integration.test.js","startTime":1759570520333,"status":"passed","summary":""},{"assertionResults":[{"ancestorTitles":["node-7z-macos","SevenZip"],"duration":0,"failureDetails":[],"failureMessages":[],"fullName":"node-7z-macos SevenZip should create SevenZip instance with default 7z command","invocations":1,"location":null,"numPassingAsserts":1,"retryReasons":[],"status":"passed","title":"should create SevenZip instance with default 7z command"},{"ancestorTitles":["node-7z-macos","SevenZip"],"duration":1,"failureDetails":[],"failureMessages":[],"fullName":"node-7z-macos SevenZip should create SevenZip instance with custom 7z command","invocations":1,"location":null,"numPassingAsserts":1,"retryReasons":[],"status":"passed","title":"should create SevenZip instance with custom 7z command"},{"ancestorTitles":["node-7z-macos","extractFull"],"duration":0,"failureDetails":[],"failureMessages":[],"fullName":"node-7z-macos extractFull should emit data and end events","invocations":1,"location":null,"numPassingAsserts":4,"retryReasons":[],"status":"passed","title":"should emit data and end events"},{"ancestorTitles":["node-7z-macos","list"],"duration":0,"failureDetails":[],"failureMessages":[],"fullName":"node-7z-macos list should emit data and end events","invocations":1,"location":null,"numPassingAsserts":4,"retryReasons":[],"status":"passed","title":"should emit data and end events"},{"ancestorTitles":["node-7z-macos","add"],"duration":3,"failureDetails":[],"failureMessages":[],"fullName":"node-7z-macos add should emit data and end events","invocations":1,"location":null,"numPassingAsserts":4,"retryReasons":[],"status":"passed","title":"should emit data and end events"}],"endTime":1759570520744,"message":"","name":"/Users/veland/Downloads/vortex/scripts/__tests__/node-7z-macos.test.js","startTime":1759570520348,"status":"passed","summary":""},{"assertionResults":[{"ancestorTitles":["getDriveList macOS"],"duration":12,"failureDetails":[],"failureMessages":[],"fullName":"getDriveList macOS includes root / and directories under /Volumes","invocations":1,"location":null,"numPassingAsserts":3,"retryReasons":[],"status":"passed","title":"includes root / and directories under /Volumes"},{"ancestorTitles":["getDriveList macOS"],"duration":1,"failureDetails":[],"failureMessages":[],"fullName":"getDriveList macOS falls back gracefully when /Volumes unreadable and still returns [/]","invocations":1,"location":null,"numPassingAsserts":2,"retryReasons":[],"status":"passed","title":"falls back gracefully when /Volumes unreadable and still returns [/]"}],"endTime":1759570520814,"message":"","name":"/Users/veland/Downloads/vortex/__tests__/macos.drivelist.test.ts","startTime":1759570520347,"status":"passed","summary":""},{"assertionResults":[{"ancestorTitles":["addFeedbackFile"],"duration":2,"failureDetails":[],"failureMessages":[],"fullName":"addFeedbackFile adds a new feedback file","invocations":1,"location":null,"numPassingAsserts":1,"retryReasons":[],"status":"passed","title":"adds a new feedback file"},{"ancestorTitles":["addFeedbackFile"],"duration":1,"failureDetails":[],"failureMessages":[],"fullName":"addFeedbackFile overwrites an existing feedback file","invocations":1,"location":null,"numPassingAsserts":1,"retryReasons":[],"status":"passed","title":"overwrites an existing feedback file"},{"ancestorTitles":["addFeedbackFile"],"duration":0,"failureDetails":[],"failureMessages":[],"fullName":"addFeedbackFile affects only the right feedback file","invocations":1,"location":null,"numPassingAsserts":1,"retryReasons":[],"status":"passed","title":"affects only the right feedback file"},{"ancestorTitles":["removeFeedbackFile"],"duration":0,"failureDetails":[],"failureMessages":[],"fullName":"removeFeedbackFile removes the feedback file","invocations":1,"location":null,"numPassingAsserts":1,"retryReasons":[],"status":"passed","title":"removes the feedback file"},{"ancestorTitles":["removeFeedbackFile"],"duration":1,"failureDetails":[],"failureMessages":[],"fullName":"removeFeedbackFile fails if the feedback file doesn't exist","invocations":1,"location":null,"numPassingAsserts":1,"retryReasons":[],"status":"passed","title":"fails if the feedback file doesn't exist"},{"ancestorTitles":["removeFeedbackFile"],"duration":0,"failureDetails":[],"failureMessages":[],"fullName":"removeFeedbackFile affects only the right feedback file","invocations":1,"location":null,"numPassingAsserts":1,"retryReasons":[],"status":"passed","title":"affects only the right feedback file"},{"ancestorTitles":["clearFeedbackFiles"],"duration":0,"failureDetails":[],"failureMessages":[],"fullName":"clearFeedbackFiles clears the feedback files","invocations":1,"location":null,"numPassingAsserts":1,"retryReasons":[],"status":"passed","title":"clears the feedback files"}],"endTime":1759570520850,"message":"","name":"/Users/veland/Downloads/vortex/__tests__/reducers.feedback.test.js","startTime":1759570519530,"status":"passed","summary":""},{"assertionResults":[{"ancestorTitles":["setModEnabled"],"duration":0,"failureDetails":[],"failureMessages":[],"fullName":"setModEnabled sets the mod enabled","invocations":1,"location":null,"numPassingAsserts":1,"retryReasons":[],"status":"passed","title":"sets the mod enabled"},{"ancestorTitles":["setModEnabled"],"duration":0,"failureDetails":[],"failureMessages":[],"fullName":"setModEnabled fails if the profile doesn't exist","invocations":1,"location":null,"numPassingAsserts":1,"retryReasons":[],"status":"passed","title":"fails if the profile doesn't exist"},{"ancestorTitles":["setModEnabled"],"duration":0,"failureDetails":[],"failureMessages":[],"fullName":"setModEnabled affects only the right profile","invocations":1,"location":null,"numPassingAsserts":1,"retryReasons":[],"status":"passed","title":"affects only the right profile"},{"ancestorTitles":["setFeature"],"duration":1,"failureDetails":[],"failureMessages":[],"fullName":"setFeature sets the value for the profile feature","invocations":1,"location":null,"numPassingAsserts":1,"retryReasons":[],"status":"passed","title":"sets the value for the profile feature"},{"a
[...]
__tests__/virtualization-logic.test.ts","startTime":1759570522641,"status":"passed","summary":""},{"assertionResults":[{"ancestorTitles":["addMetaserver"],"duration":0,"failureDetails":[],"failureMessages":[],"fullName":"addMetaserver adds a Metaserver","invocations":1,"location":null,"numPassingAsserts":1,"retryReasons":[],"status":"passed","title":"adds a Metaserver"},{"ancestorTitles":["removeMetaserver"],"duration":0,"failureDetails":[],"failureMessages":[],"fullName":"removeMetaserver removes a Metaserver","invocations":1,"location":null,"numPassingAsserts":1,"retryReasons":[],"status":"passed","title":"removes a Metaserver"}],"endTime":1759570523269,"message":"","name":"/Users/veland/Downloads/vortex/__tests__/reducers.settings_metaserver.test.js","startTime":1759570522685,"status":"passed","summary":""},{"assertionResults":[{"ancestorTitles":["addMetaserver"],"duration":1,"failureDetails":[],"failureMessages":[],"fullName":"addMetaserver creates the correct action","invocations":1,"location":null,"numPassingAsserts":1,"retryReasons":[],"status":"passed","title":"creates the correct action"},{"ancestorTitles":["removeMetaserver"],"duration":0,"failureDetails":[],"failureMessages":[],"fullName":"removeMetaserver creates the correct action","invocations":1,"location":null,"numPassingAsserts":1,"retryReasons":[],"status":"passed","title":"creates the correct action"}],"endTime":1759570523276,"message":"","name":"/Users/veland/Downloads/vortex/__tests__/actions.settings_metaserver.test.js","startTime":1759570522907,"status":"passed","summary":""},{"assertionResults":[{"ancestorTitles":["getAttr"],"duration":0,"failureDetails":[],"failureMessages":[],"fullName":"getAttr returns default on undefined dict","invocations":1,"location":null,"numPassingAsserts":1,"retryReasons":[],"status":"passed","title":"returns default on undefined dict"},{"ancestorTitles":["getAttr"],"duration":0,"failureDetails":[],"failureMessages":[],"fullName":"getAttr returns default on null dict","invocations":1,"location":null,"numPassingAsserts":1,"retryReasons":[],"status":"passed","title":"returns default on null dict"},{"ancestorTitles":["getAttr"],"duration":0,"failureDetails":[],"failureMessages":[],"fullName":"getAttr returns default if key is missing","invocations":1,"location":null,"numPassingAsserts":1,"retryReasons":[],"status":"passed","title":"returns default if key is missing"},{"ancestorTitles":["getAttr"],"duration":0,"failureDetails":[],"failureMessages":[],"fullName":"getAttr returns value if key exists","invocations":1,"location":null,"numPassingAsserts":1,"retryReasons":[],"status":"passed","title":"returns value if key exists"}],"endTime":1759570523302,"message":"","name":"/Users/veland/Downloads/vortex/__tests__/getAttr.test.js","startTime":1759570523049,"status":"passed","summary":""},{"assertionResults":[{"ancestorTitles":["setPrimaryTool"],"duration":1,"failureDetails":[],"failureMessages":[],"fullName":"setPrimaryTool sets the Primary Tool","invocations":1,"location":null,"numPassingAsserts":1,"retryReasons":[],"status":"passed","title":"sets the Primary Tool"}],"endTime":1759570523480,"message":"","name":"/Users/veland/Downloads/vortex/__tests__/actions.starter_dashlet.test.js","startTime":1759570523296,"status":"passed","summary":""},{"assertionResults":[{"ancestorTitles":["setUpdateChannel"],"duration":1,"failureDetails":[],"failureMessages":[],"fullName":"setUpdateChannel sets the Update Channel","invocations":1,"location":null,"numPassingAsserts":1,"retryReasons":[],"status":"passed","title":"sets the Update Channel"}],"endTime":1759570523527,"message":"","name":"/Users/veland/Downloads/vortex/__tests__/reducers.updater.test.js","startTime":1759570523343,"status":"passed","summary":""},{"assertionResults":[{"ancestorTitles":["dismissStep"],"duration":0,"failureDetails":[],"failureMessages":[],"fullName":"dismissStep dismisses a todo message from the \"first steps\" list","invocations":1,"location":null,"numPassingAsserts":1,"retryReasons":[],"status":"passed","title":"dismisses a todo message from the \"first steps\" list"}],"endTime":1759570523557,"message":"","name":"/Users/veland/Downloads/vortex/__tests__/reducers.firststeps_dashlet.test.js","startTime":1759570523289,"status":"passed","summary":""},{"assertionResults":[{"ancestorTitles":["displayGroup"],"duration":0,"failureDetails":[],"failureMessages":[],"fullName":"displayGroup sets the display item and creates missing nodes","invocations":1,"location":null,"numPassingAsserts":1,"retryReasons":[],"status":"passed","title":"sets the display item and creates missing nodes"}],"endTime":1759570523570,"message":"","name":"/Users/veland/Downloads/vortex/__tests__/reducer.session.test.js","startTime":1759570523197,"status":"passed","summary":""},{"assertionResults":[{"ancestorTitles":["setModEnabled"],"duration":1,"failureDetails":[],"failureMessages":[],"fullName":"setModEnabled creates the correct action","invocations":1,"location":null,"numPassingAsserts":1,"retryReasons":[],"status":"passed","title":"creates the correct action"},{"ancestorTitles":["setFeature"],"duration":0,"failureDetails":[],"failureMessages":[],"fullName":"setFeature creates the correct action","invocations":1,"location":null,"numPassingAsserts":1,"retryReasons":[],"status":"passed","title":"creates the correct action"}],"endTime":1759570523647,"message":"","name":"/Users/veland/Downloads/vortex/__tests__/actions.profile_management.test.js","startTime":1759570522718,"status":"passed","summary":""},{"assertionResults":[{"ancestorTitles":["NXMUrl"],"duration":2,"failureDetails":[],"failureMessages":[],"fullName":"NXMUrl parses correctly","invocations":1,"location":null,"numPassingAsserts":3,"retryReasons":[],"status":"passed","title":"parses correctly"},{"ancestorTitles":["NXMUrl"],"duration":8,"failureDetails":[],"failureMessages":[],"fullName":"NXMUrl throws on invalid URL","invocations":1,"location":null,"numPassingAsserts":1,"retryReasons":[],"status":"passed","title":"throws on invalid URL"}],"endTime":1759570523686,"message":"","name":"/Users/veland/Downloads/vortex/__tests__/NXMUrl.test.js","startTime":1759570523119,"status":"passed","summary":""},{"assertionResults":[{"ancestorTitles":["displayGroup"],"duration":0,"failureDetails":[],"failureMessages":[],"fullName":"displayGroup generates an action","invocations":1,"location":null,"numPassingAsserts":1,"retryReasons":[],"status":"passed","title":"generates an action"}],"endTime":1759570523697,"message":"","name":"/Users/veland/Downloads/vortex/__tests__/actions.session.test.js","startTime":1759570523494,"status":"passed","summary":""},{"assertionResults":[{"ancestorTitles":["setUpdateChannel"],"duration":0,"failureDetails":[],"failureMessages":[],"fullName":"setUpdateChannel sets the Update Channel","invocations":1,"location":null,"numPassingAsserts":1,"retryReasons":[],"status":"passed","title":"sets the Update Channel"}],"endTime":1759570523710,"message":"","name":"/Users/veland/Downloads/vortex/__tests__/actions.updater.test.js","startTime":1759570523571,"status":"passed","summary":""},{"assertionResults":[{"ancestorTitles":["setUserAPIKey"],"duration":0,"failureDetails":[],"failureMessages":[],"fullName":"setUserAPIKey creates the correct action","invocations":1,"location":null,"numPassingAsserts":1,"retryReasons":[],"status":"passed","title":"creates the correct action"}],"endTime":1759570523749,"message":"","name":"/Users/veland/Downloads/vortex/__tests__/actions.nexus_integration.test.js","startTime":1759570523560,"status":"passed","summary":""},{"assertionResults":[{"ancestorTitles":["setUserAPIKey"],"duration":0,"failureDetails":[],"failureMessages":[],"fullName":"setUserAPIKey sets the key","invocations":1,"location":null,"numPassingAsserts":1,"retryReasons":[],"status":"passed","title":"sets the key"}],"endTime":1759570523768,"message":"","name":"/Users/veland/Downloads/vortex/__tests__/reducers.nexus_integration.test.js","startTime":1759570523579,"status":"passed","summary":""},{"assertionResults":[{"ancestorTitles":["ExtensionManager removal behavior"],"duration":11281,"failureDetails":[],"failureMessages":[],"fullName":"ExtensionManager removal behavior dispatches forgetExtension only when the extension directory was removed (or absent)","invocations":1,"location":null,"numPassingAsserts":1,"retryReasons":[],"status":"passed","title":"dispatches forgetExtension only when the extension directory was removed (or absent)"},{"ancestorTitles":["ExtensionManager removal behavior"],"duration":73,"failureDetails":[],"failureMessages":[],"fullName":"ExtensionManager removal behavior does NOT dispatch forgetExtension if deletion failed and directory still exists afterward","invocations":1,"location":null,"numPassingAsserts":1,"retryReasons":[],"status":"passed","title":"does NOT dispatch forgetExtension if deletion failed and directory still exists afterward"},{"ancestorTitles":["ExtensionManager removal behavior"],"duration":112,"failureDetails":[],"failureMessages":[],"fullName":"ExtensionManager removal behavior dispatches forgetExtension when the extension directory is already absent","invocations":1,"location":null,"numPassingAsserts":2,"retryReasons":[],"status":"passed","title":"dispatches forgetExtension when the extension directory is already absent"}],"endTime":1759570524413,"message":"","name":"/Users/veland/Downloads/vortex/__tests__/ExtensionManager.removeBehavior.test.js","startTime":1759570512009,"status":"passed","summary":""},{"assertionResults":[{"ancestorTitles":["readFileBOM"],"duration":11,"failureDetails":[],"failureMessages":[],"fullName":"readFileBOM supports files without BOM","invocations":1,"location":null,"numPassingAsserts":2,"retryReasons":[],"status":"passed","title":"supports files without BOM"},{"ancestorTitles":["readFileBOM"],"duration":0,"failureDetails":[],"failureMessages":[],"fullName":"readFileBOM supports utf8 BOM","invocations":1,"location":null,"numPassingAsserts":1,"retryReasons":[],"status":"passed","title":"supports utf8 BOM"},{"ancestorTitles":["readFileBOM"],"duration":0,"failureDetails":[],"failureMessages":[],"fullName":"readFileBOM supports utf16 big endian BOM","invocations":1,"location":null,"numPassingAsserts":1,"retryReasons":[],"status":"passed","title":"supports utf16 big endian BOM"},{"ancestorTitles":["readFileBOM"],"duration":0,"failureDetails":[],"failureMessages":[],"fullName":"readFileBOM supports utf16 little endian BOM","invocations":1,"location":null,"numPassingAsserts":1,"retryReasons":[],"status":"passed","title":"supports utf16 little endian BOM"},{"ancestorTitles":["readFileBOM"],"duration":1,"failureDetails":[],"failureMessages":[],"fullName":"readFileBOM supports utf32 big endian BOM","invocations":1,"location":null,"numPassingAsserts":1,"retryReasons":[],"status":"passed","title":"supports utf32 big endian BOM"},{"ancestorTitles":["readFileBOM"],"duration":0,"failureDetails":[],"failureMessages":[],"fullName":"readFileBOM supports utf32 little endian BOM","invocations":1,"location":null,"numPassingAsserts":1,"retryReasons":[],"status":"passed","title":"supports utf32 little endian BOM"}],"endTime":1759570525405,"message":"","name":"/Users/veland/Downloads/vortex/__tests__/fs.test.js","startTime":1759570521582,"status":"passed","summary":""},{"assertionResults":[{"ancestorTitles":["ExtensionManager.genMd5Hash"],"duration":2,"failureDetails":[],"failureMessages":[],"fullName":"ExtensionManager.genMd5Hash should add file path context to error messages","invocations":1,"location":null,"numPassingAsserts":2,"retryReasons":[],"status":"passed","title":"should add file path context to error messages"},{"ancestorTitles":["ExtensionManager.genMd5Hash"],"duration":0,"failureDetails":[],"failureMessages":[],"fullName":"ExtensionManager.genMd5Hash should handle successful MD5 calculation","invocations":1,"location":null,"numPassingAsserts":2,"retryReasons":[],"status":"passed","title":"should handle successful MD5 calculation"}],"endTime":1759570525700,"message":"","name":"/Users/veland/Downloads/vortex/__tests__/ExtensionManager.genMd5Hash.test.js","startTime":1759570521245,"status":"passed","summary":""},{"assertionResults":[{"ancestorTitles":["UpdateSet","Initialization"],"duration":4,"failureDetails":[],"failureMessages":[],"fullName":"UpdateSet Initialization should initialize correctly when FBLO is enabled","invocations":1,"location":null,"numPassingAsserts":1,"retryReasons":[],"status":"passed","title":"should initialize correctly when FBLO is enabled"},{"ancestorTitles":["UpdateSet","Initialization"],"duration":0,"failureDetails":[],"failureMessages":[],"fullName":"UpdateSet Initialization should not initialize if FBLO is disabled","invocations":1,"location":null,"numPassingAsserts":1,"retryReasons":[],"status":"passed","title":"should not initialize if FBLO is disabled"},{"ancestorTitles":["UpdateSet","State Management"],"duration":1,"failureDetails":[],"failureMessages":[],"fullName":"UpdateSet State Management should reset state when forceReset is called","invocations":1,"location":null,"numPassingAsserts":2,"retryReasons":[],"status":"passed","title":"should reset state when forceReset is called"},{"ancestorTitles":["UpdateSet","Adding Entries"],"duration":0,"failureDetails":[],"failureMessages":[],"fullName":"UpdateSet Adding Entries should add entries from state if init is called without mod entries","invocations":1,"location":null,"numPassingAsserts":1,"retryReasons":[],"status":"passed","title":"should add entries from state if init is called without mod entries"},{"ancestorTitles":["UpdateSet","Adding Entries"],"duration":0,"failureDetails":[],"failureMessages":[],"fullName":"UpdateSet Adding Entries should add managed load order entries","invocations":1,"location":null,"numPassingAsserts":1,"retryReasons":[],"status":"passed","title":"should add managed load order entries"},{"ancestorTitles":["UpdateSet","Adding Entries"],"duration":0,"failureDetails":[],"failureMessages":[],"fullName":"UpdateSet Adding Entries should add unmanaged load order entries","invocations":1,"location":null,"numPassingAsserts":1,"retryReasons":[],"status":"passed","title":"should add unmanaged load order entries"},{"ancestorTitles":["UpdateSet","Restoring Load Order"],"duration":1,"failureDetails":[],"failureMessages":[],"fullName":"UpdateSet Restoring Load Order should restore load order correctly","invocations":1,"location":null,"numPassingAsserts":1,"retryReasons":[],"status":"passed","title":"should restore load order correctly"},{"ancestorTitles":["UpdateSet","Restoring Load Order"],"duration":1,"failureDetails":[],"failureMessages":[],"fullName":"UpdateSet Restoring Load Order should return the original load order if no entries are present","invocations":1,"location":null,"numPassingAsserts":1,"retryReasons":[],"status":"passed","title":"should return the original load order if no entries are present"},{"ancestorTitles":["UpdateSet","Finding Entries"],"duration":0,"failureDetails":[],"failureMessages":[],"fullName":"UpdateSet Finding Entries should find an entry by modId","invocations":1,"location":null,"numPassingAsserts":2,"retryReasons":[],"status":"passed","title":"should find an entry by modId"},{"ancestorTitles":["UpdateSet","Finding Entries"],"duration":1,"failureDetails":[],"failureMessages":[],"fullName":"UpdateSet Finding Entries should return null if entry is not found","invocations":1,"location":null,"numPassingAsserts":1,"retryReasons":[],"status":"passed","title":"should return null if entry is not found"},{"ancestorTitles":["UpdateSet","Edge Cases"],"duration":0,"failureDetails":[],"failureMessages":[],"fullName":"UpdateSet Edge Cases should handle undefined modId gracefully","invocations":1,"location":null,"numPassingAsserts":1,"retryReasons":[],"status":"passed","title":"should handle undefined modId gracefully"},{"ancestorTitles":["UpdateSet","Edge Cases"],"duration":0,"failureDetails":[],"failureMessages":[],"fullName":"UpdateSet Edge Cases should not add duplicate entries","invocations":1,"location":null,"numPassingAsserts":1,"retryReasons":[],"status":"passed","title":"should not add duplicate entries"}],"endTime":1759570525811,"message":"","name":"/Users/veland/Downloads/vortex/__tests__/fblo.updateset.test.js","startTime":1759570512009,"status":"passed","summary":""},{"assertionResults":[{"ancestorTitles":["GamePicker Virtualization"],"duration":70,"failureDetails":[],"failureMessages":[],"fullName":"GamePicker Virtualization should render virtualized list for large game collections","invocations":1,"location":null,"numPassingAsserts":2,"retryReasons":[],"status":"passed","title":"should render virtualized list for large game collections"},{"ancestorTitles":["GamePicker Virtualization"],"duration":27,"failureDetails":[],"failureMessages":[],"fullName":"GamePicker Virtualization should render standard list for small game collections","invocations":1,"location":null,"numPassingAsserts":2,"retryReasons":[],"status":"passed","title":"should render standard list for small game collections"},{"ancestorTitles":["GamePicker Virtualization"],"duration":30,"failureDetails":[],"failureMessages":[],"fullName":"GamePicker Virtualization should maintain performance with large game collections","invocations":1,"location":null,"numPassingAsserts":3,"retryReasons":[],"status":"passed","title":"should maintain performance with large game collections"}],"endTime":1759570526242,"message":"","name":"/Users/veland/Downloads/vortex/src/extensions/gamemode_management/views/__tests__/GamePicker.virtualization.test.tsx","startTime":1759570512013,"status":"passed","summary":""},{"assertionResults":[{"ancestorTitles":[],"duration":4,"failureDetails":[],"failureMessages":[],"fullName":"has no modals","invocations":1,"location":null,"numPassingAsserts":1,"retryReasons":[],"status":"passed","title":"has no modals"}],"endTime":1759570528940,"message":"","name":"/Users/veland/Downloads/vortex/__tests__/MainWindow.test.jsx","startTime":1759570522717,"status":"passed","summary":""},{"assertionResults":[{"ancestorTitles":["ExtensionManager dynamic loading"],"duration":18921,"failureDetails":[],"failureMessages":[],"fullName":"ExtensionManager dynamic loading loads dynamic extensions from user and bundled paths and skips disabled ones","invocations":1,"location":null,"numPassingAsserts":8,"retryReasons":[],"status":"passed","title":"loads dynamic extensions from user and bundled paths and skips disabled ones"},{"ancestorTitles":["ExtensionManager dynamic loading"],"duration":258,"failureDetails":[],"failureMessages":[],"fullName":"ExtensionManager dynamic loading prefers user extension over bundled duplicate but flags outdated when bundled is newer or equal","invocations":1,"location":null,"numPassingAsserts":3,"retryReasons":[],"status":"passed","title":"prefers user extension over bundled duplicate but flags outdated when bundled is newer or equal"},{"ancestorTitles":["ExtensionManager dynamic loading"],"duration":188,"failureDetails":[],"failureMessages":[],"fullName":"ExtensionManager dynamic loading deduplicates within the same directory by keeping the newer version and marking the older outdated","invocations":1,"location":null,"numPassingAsserts":3,"retryReasons":[],"status":"passed","title":"deduplicates within the same directory by keeping the newer version and marking the older outdated"},{"ancestorTitles":["ExtensionManager dynamic loading"],"duration":165,"failureDetails":[],"failureMessages":[],"fullName":"ExtensionManager dynamic loading loads extension without info.json using the folder name as id","invocations":1,"location":null,"numPassingAsserts":2,"retryReasons":[],"status":"passed","title":"loads extension without info.json using the folder name as id"}],"endTime":1759570532606,"message":"","name":"/Users/veland/Downloads/vortex/__tests__/ExtensionManager.dynamicLoading.test.js","startTime":1759570512010,"status":"passed","summary":""}],"wasInterrupted":false}
