{"numFailedTestSuites":0,"numFailedTests":0,"numPassedTestSuites":1,"numPassedTests":3,"numPendingTestSuites":0,"numPendingTests":0,"numRuntimeErrorTestSuites":0,"numTodoTests":0,"numTotalTestSuites":1,"numTotalTests":3,"openHandles":[],"snapshot":{"added":0,"didUpdate":false,"failure":false,"filesAdded":0,"filesRemoved":0,"filesRemovedList":[],"filesUnmatched":0,"filesUpdated":0,"matched":0,"total":0,"unchecked":0,"uncheckedKeysByFile":[],"unmatched":0,"updated":0},"startTime":1759379845053,"success":true,"testResults":[{"assertionResults":[{"ancestorTitles":["GamePicker Virtualization"],"duration":100,"failureDetails":[],"failureMessages":[],"fullName":"GamePicker Virtualization should render virtualized list for large game collections","invocations":1,"location":null,"numPassingAsserts":2,"retryReasons":[],"status":"passed","title":"should render virtualized list for large game collections"},{"ancestorTitles":["GamePicker Virtualization"],"duration":65,"failureDetails":[],"failureMessages":[],"fullName":"GamePicker Virtualization should render standard list for small game collections","invocations":1,"location":null,"numPassingAsserts":2,"retryReasons":[],"status":"passed","title":"should render standard list for small game collections"},{"ancestorTitles":["GamePicker Virtualization"],"duration":57,"failureDetails":[],"failureMessages":[],"fullName":"GamePicker Virtualization should maintain performance with large game collections","invocations":1,"location":null,"numPassingAsserts":3,"retryReasons":[],"status":"passed","title":"should maintain performance with large game collections"}],"endTime":1759379849761,"message":"","name":"/Users/veland/Downloads/vortex/src/extensions/gamemode_management/views/__tests__/GamePicker.virtualization.test.tsx","startTime":1759379845353,"status":"passed","summary":""}],"wasInterrupted":false}
